============================= test session starts =============================
collected 155 items

apps/authentication/tests/integration/test_login_endpoint.py::TestLoginHappyPath::test_email_login_returns_200 
------------------------------- live log setup --------------------------------
[INFO    ] celery.app.trace — Task update_model_analytics_counter[98cbceb6-f80a-44c4-9b62-d260dd7c126e] succeeded in 0.04814149999583606s: None
[INFO    ] application — EmailBackendConfig instance created via post_migrate signal.
[INFO    ] celery.app.trace — Task update_model_analytics_counter[24b261ad-dba4-4dc7-8f40-123bca378eae] succeeded in 0.0035798000026261434s: None
[INFO    ] application — Default SMSBackendConfig instance created via post_migrate signal.
[INFO    ] apps.authentication.models — Saved UnifiedUser 019d20c4-f415-7ba5-aff0-15bed012940e [email] member_id=FASTAR000001
[INFO    ] apps.authentication.managers \u2014 \u2705 Created user: email=verified@fashionistar.io\n-------------------------------- live log call --------------------------------
[INFO    ] application \u2014 \u2705 NinjaAPI V1 stub initialized (namespace=authentication_v1, path=/api/v1/ninja/)\n[INFO    ] apps.authentication.serializers.auth \u2014 \u2705 LoginSerializer: valid credentials for 'verified@fashionistar.io'\n[INFO    ] application — User verified@fashionistar.io authenticated via UnifiedUser backend (Sync)
[INFO    ] apps.authentication.models — Details updated for user: verified@fashionistar.io
[INFO    ] apps.authentication.models — Saved UnifiedUser 019d20c4-f415-7ba5-aff0-15bed012940e [email] member_id=FASTAR000001
[WARNING ] apps.audit_logs.tasks — write_audit_event failed (attempt 1/3): AuditEventLog() got unexpected keyword arguments: 'country_code', 'city' — event_type=login_success
[ERROR   ] apps.audit_logs.services.audit — AuditService._write_sync() failed for payload={'event_type': EventType.LOGIN_SUCCESS, 'event_category': EventCategory.AUTHENTICATION, 'severity': SeverityLevel.INFO, 'action': 'Successful login: verified@fashionistar.io', 'actor_email': 'verified@fashionistar.io', 'ip_address': '127.0.0.1', 'user_agent': None, 'device_type': None, 'browser_family': None, 'os_family': None, 'country': None, 'country_code': None, 'city': None, 'resource_type': 'UnifiedUser', 'resource_id': '019d20c4-f415-7ba5-aff0-15bed012940e', 'request_method': 'POST', 'request_path': '/api/v1/auth/login/', 'response_status': None, 'duration_ms': None, 'old_values': None, 'new_values': None, 'metadata': {'auth_method': 'email', 'member_id': 'FASTAR000001'}, 'error_message': None, 'is_compliance': True, 'retention_days': 2555}
Traceback (most recent call last):
  File "C:\Users\fashi\OneDrive\Documenti\FASHIONISTAR_ANTAGRAVITY\fashionistar_backend\apps\audit_logs\tasks.py", line 48, in write_audit_event
    obj = AuditEventLog(**payload)
  File "C:\Users\fashi\OneDrive\Documenti\FASHIONISTAR_ANTAGRAVITY\fashionistar_backend\.venv\Lib\site-packages\django\db\models\base.py", line 590, in __init__
    raise TypeError(
    ...<2 lines>...
    )
TypeError: AuditEventLog() got unexpected keyword arguments: 'country_code', 'city'

During handling of the above exception, another exception occurred:

Traceback (most recent call last):
  File "C:\Users\fashi\OneDrive\Documenti\FASHIONISTAR_ANTAGRAVITY\fashionistar_backend\apps\audit_logs\services\audit.py", line 261, in _dispatch
    write_audit_event.apply_async(
    ~~~~~~~~~~~~~~~~~~~~~~~~~~~~~^
        kwargs={"payload": payload},
        ^^^^^^^^^^^^^^^^^^^^^^^^^^^^
        retry=False,
        ^^^^^^^^^^^^
        ignore_result=True,
        ^^^^^^^^^^^^^^^^^^^
    )
    ^
  File "C:\Users\fashi\OneDrive\Documenti\FASHIONISTAR_ANTAGRAVITY\fashionistar_backend\.venv\Lib\site-packages\celery\app\task.py", line 605, in apply_async
    return self.apply(args, kwargs, task_id=task_id or uuid(),
           ~~~~~~~~~~^^^^^^^^^^^^^^^^^^^^^^^^^^^^^^^^^^^^^^^^^
                      link=link, link_error=link_error, **options)
                      ^^^^^^^^^^^^^^^^^^^^^^^^^^^^^^^^^^^^^^^^^^^^
  File "C:\Users\fashi\OneDrive\Documenti\FASHIONISTAR_ANTAGRAVITY\fashionistar_backend\.venv\Lib\site-packages\celery\app\task.py", line 843, in apply
    ret = tracer(task_id, args, kwargs, request)
  File "C:\Users\fashi\OneDrive\Documenti\FASHIONISTAR_ANTAGRAVITY\fashionistar_backend\.venv\Lib\site-packages\celery\app\trace.py", line 494, in trace_task
    I, R, state, retval = on_error(
                          ~~~~~~~~^
        task_request, exc, RETRY, call_errbacks=False)
        ^^^^^^^^^^^^^^^^^^^^^^^^^^^^^^^^^^^^^^^^^^^^^^
  File "C:\Users\fashi\OneDrive\Documenti\FASHIONISTAR_ANTAGRAVITY\fashionistar_backend\.venv\Lib\site-packages\celery\app\trace.py", line 479, in trace_task
    R = retval = fun(*args, **kwargs)
                 ~~~^^^^^^^^^^^^^^^^^
  File "C:\Users\fashi\OneDrive\Documenti\FASHIONISTAR_ANTAGRAVITY\fashionistar_backend\apps\audit_logs\tasks.py", line 65, in write_audit_event
    raise self.retry(exc=exc)
          ~~~~~~~~~~^^^^^^^^^
  File "C:\Users\fashi\OneDrive\Documenti\FASHIONISTAR_ANTAGRAVITY\fashionistar_backend\.venv\Lib\site-packages\celery\app\task.py", line 763, in retry
    raise ret
celery.exceptions.Retry: Retry in 5s: TypeError("AuditEventLog() got unexpected keyword arguments: 'country_code', 'city'")

During handling of the above exception, another exception occurred:

Traceback (most recent call last):
  File "C:\Users\fashi\OneDrive\Documenti\FASHIONISTAR_ANTAGRAVITY\fashionistar_backend\apps\audit_logs\services\audit.py", line 275, in _write_sync
    obj = AuditEventLog(**payload)
  File "C:\Users\fashi\OneDrive\Documenti\FASHIONISTAR_ANTAGRAVITY\fashionistar_backend\.venv\Lib\site-packages\django\db\models\base.py", line 590, in __init__
    raise TypeError(
    ...<2 lines>...
    )
TypeError: AuditEventLog() got unexpected keyword arguments: 'country_code', 'city'
[INFO    ] application \u2014 \u2705 User verified@fashionistar.io logged in (Sync). IP: 127.0.0.1  UA: \n[INFO    ] apps.authentication.apis.auth_views.sync_views \u2014 \u2705 LoginView: login successful for verified@fashionistar.io (id=019d20c4-f415-7ba5-aff0-15bed012940e role=client)\n[INFO    ] security — SECURITY_AUDIT action=REQUEST req=1b06eeba-2807-4d0f-bcd4-1f9ac47c4eec device=fp:57efdd91ba75ee0012c0 session=- ip=127.0.0.1 method=POST path=/api/v1/auth/login/ status=200 duration_ms=488.4 user_id=anonymous role=anonymous ua='-' referrer=-
[INFO    ] apps.common.middleware \u2014 [POST] /api/v1/auth/login/ \u2192 200 in 488.6ms [req=1b06eeba-2807-4d0f-bcd4-1f9ac47c4eec]\nPASSED                                                                   [  0%]
apps/authentication/tests/integration/test_login_endpoint.py::TestLoginHappyPath::test_response_has_flat_access_token 
------------------------------- live log setup --------------------------------
[INFO    ] apps.authentication.models — Saved UnifiedUser 019d20c4-f6ba-7125-9491-6e22df80d0a3 [email] member_id=FASTAR000001
[INFO    ] apps.authentication.managers \u2014 \u2705 Created user: email=verified@fashionistar.io\n-------------------------------- live log call --------------------------------
[INFO    ] apps.authentication.serializers.auth \u2014 \u2705 LoginSerializer: valid credentials for 'verified@fashionistar.io'\n[INFO    ] application — User verified@fashionistar.io authenticated via UnifiedUser backend (Sync)
[INFO    ] apps.authentication.models — Details updated for user: verified@fashionistar.io
[INFO    ] apps.authentication.models — Saved UnifiedUser 019d20c4-f6ba-7125-9491-6e22df80d0a3 [email] member_id=FASTAR000001
[WARNING ] apps.audit_logs.tasks — write_audit_event failed (attempt 1/3): AuditEventLog() got unexpected keyword arguments: 'country_code', 'city' — event_type=login_success
[ERROR   ] apps.audit_logs.services.audit — AuditService._write_sync() failed for payload={'event_type': EventType.LOGIN_SUCCESS, 'event_category': EventCategory.AUTHENTICATION, 'severity': SeverityLevel.INFO, 'action': 'Successful login: verified@fashionistar.io', 'actor_email': 'verified@fashionistar.io', 'ip_address': '127.0.0.1', 'user_agent': None, 'device_type': None, 'browser_family': None, 'os_family': None, 'country': None, 'country_code': None, 'city': None, 'resource_type': 'UnifiedUser', 'resource_id': '019d20c4-f6ba-7125-9491-6e22df80d0a3', 'request_method': 'POST', 'request_path': '/api/v1/auth/login/', 'response_status': None, 'duration_ms': None, 'old_values': None, 'new_values': None, 'metadata': {'auth_method': 'email', 'member_id': 'FASTAR000001'}, 'error_message': None, 'is_compliance': True, 'retention_days': 2555}
Traceback (most recent call last):
  File "C:\Users\fashi\OneDrive\Documenti\FASHIONISTAR_ANTAGRAVITY\fashionistar_backend\apps\audit_logs\tasks.py", line 48, in write_audit_event
    obj = AuditEventLog(**payload)
  File "C:\Users\fashi\OneDrive\Documenti\FASHIONISTAR_ANTAGRAVITY\fashionistar_backend\.venv\Lib\site-packages\django\db\models\base.py", line 590, in __init__
    raise TypeError(
    ...<2 lines>...
    )
TypeError: AuditEventLog() got unexpected keyword arguments: 'country_code', 'city'

During handling of the above exception, another exception occurred:

Traceback (most recent call last):
  File "C:\Users\fashi\OneDrive\Documenti\FASHIONISTAR_ANTAGRAVITY\fashionistar_backend\apps\audit_logs\services\audit.py", line 261, in _dispatch
    write_audit_event.apply_async(
    ~~~~~~~~~~~~~~~~~~~~~~~~~~~~~^
        kwargs={"payload": payload},
        ^^^^^^^^^^^^^^^^^^^^^^^^^^^^
        retry=False,
        ^^^^^^^^^^^^
        ignore_result=True,
        ^^^^^^^^^^^^^^^^^^^
    )
    ^
  File "C:\Users\fashi\OneDrive\Documenti\FASHIONISTAR_ANTAGRAVITY\fashionistar_backend\.venv\Lib\site-packages\celery\app\task.py", line 605, in apply_async
    return self.apply(args, kwargs, task_id=task_id or uuid(),
           ~~~~~~~~~~^^^^^^^^^^^^^^^^^^^^^^^^^^^^^^^^^^^^^^^^^
                      link=link, link_error=link_error, **options)
                      ^^^^^^^^^^^^^^^^^^^^^^^^^^^^^^^^^^^^^^^^^^^^
  File "C:\Users\fashi\OneDrive\Documenti\FASHIONISTAR_ANTAGRAVITY\fashionistar_backend\.venv\Lib\site-packages\celery\app\task.py", line 843, in apply
    ret = tracer(task_id, args, kwargs, request)
  File "C:\Users\fashi\OneDrive\Documenti\FASHIONISTAR_ANTAGRAVITY\fashionistar_backend\.venv\Lib\site-packages\celery\app\trace.py", line 494, in trace_task
    I, R, state, retval = on_error(
                          ~~~~~~~~^
        task_request, exc, RETRY, call_errbacks=False)
        ^^^^^^^^^^^^^^^^^^^^^^^^^^^^^^^^^^^^^^^^^^^^^^
  File "C:\Users\fashi\OneDrive\Documenti\FASHIONISTAR_ANTAGRAVITY\fashionistar_backend\.venv\Lib\site-packages\celery\app\trace.py", line 479, in trace_task
    R = retval = fun(*args, **kwargs)
                 ~~~^^^^^^^^^^^^^^^^^
  File "C:\Users\fashi\OneDrive\Documenti\FASHIONISTAR_ANTAGRAVITY\fashionistar_backend\apps\audit_logs\tasks.py", line 65, in write_audit_event
    raise self.retry(exc=exc)
          ~~~~~~~~~~^^^^^^^^^
  File "C:\Users\fashi\OneDrive\Documenti\FASHIONISTAR_ANTAGRAVITY\fashionistar_backend\.venv\Lib\site-packages\celery\app\task.py", line 763, in retry
    raise ret
celery.exceptions.Retry: Retry in 5s: TypeError("AuditEventLog() got unexpected keyword arguments: 'country_code', 'city'")

During handling of the above exception, another exception occurred:

Traceback (most recent call last):
  File "C:\Users\fashi\OneDrive\Documenti\FASHIONISTAR_ANTAGRAVITY\fashionistar_backend\apps\audit_logs\services\audit.py", line 275, in _write_sync
    obj = AuditEventLog(**payload)
  File "C:\Users\fashi\OneDrive\Documenti\FASHIONISTAR_ANTAGRAVITY\fashionistar_backend\.venv\Lib\site-packages\django\db\models\base.py", line 590, in __init__
    raise TypeError(
    ...<2 lines>...
    )
TypeError: AuditEventLog() got unexpected keyword arguments: 'country_code', 'city'
[INFO    ] application \u2014 \u2705 User verified@fashionistar.io logged in (Sync). IP: 127.0.0.1  UA: \n[INFO    ] apps.authentication.apis.auth_views.sync_views \u2014 \u2705 LoginView: login successful for verified@fashionistar.io (id=019d20c4-f6ba-7125-9491-6e22df80d0a3 role=client)\n[INFO    ] security — SECURITY_AUDIT action=REQUEST req=8ed4d2c8-b830-4c3a-961f-c8cbc8be336a device=fp:57efdd91ba75ee0012c0 session=- ip=127.0.0.1 method=POST path=/api/v1/auth/login/ status=200 duration_ms=19.3 user_id=anonymous role=anonymous ua='-' referrer=-
[INFO    ] apps.common.middleware \u2014 [POST] /api/v1/auth/login/ \u2192 200 in 19.5ms [req=8ed4d2c8-b830-4c3a-961f-c8cbc8be336a]\nPASSED                                                                   [  1%]
apps/authentication/tests/integration/test_login_endpoint.py::TestLoginHappyPath::test_response_has_flat_refresh_token 
------------------------------- live log setup --------------------------------
[INFO    ] apps.authentication.models — Saved UnifiedUser 019d20c4-f715-78d0-b91a-ef287cb9f105 [email] member_id=FASTAR000001
[INFO    ] apps.authentication.managers \u2014 \u2705 Created user: email=verified@fashionistar.io\n-------------------------------- live log call --------------------------------
[INFO    ] apps.authentication.serializers.auth \u2014 \u2705 LoginSerializer: valid credentials for 'verified@fashionistar.io'\n[INFO    ] application — User verified@fashionistar.io authenticated via UnifiedUser backend (Sync)
[INFO    ] apps.authentication.models — Details updated for user: verified@fashionistar.io
[INFO    ] apps.authentication.models — Saved UnifiedUser 019d20c4-f715-78d0-b91a-ef287cb9f105 [email] member_id=FASTAR000001
[WARNING ] apps.audit_logs.tasks — write_audit_event failed (attempt 1/3): AuditEventLog() got unexpected keyword arguments: 'country_code', 'city' — event_type=login_success
[ERROR   ] apps.audit_logs.services.audit — AuditService._write_sync() failed for payload={'event_type': EventType.LOGIN_SUCCESS, 'event_category': EventCategory.AUTHENTICATION, 'severity': SeverityLevel.INFO, 'action': 'Successful login: verified@fashionistar.io', 'actor_email': 'verified@fashionistar.io', 'ip_address': '127.0.0.1', 'user_agent': None, 'device_type': None, 'browser_family': None, 'os_family': None, 'country': None, 'country_code': None, 'city': None, 'resource_type': 'UnifiedUser', 'resource_id': '019d20c4-f715-78d0-b91a-ef287cb9f105', 'request_method': 'POST', 'request_path': '/api/v1/auth/login/', 'response_status': None, 'duration_ms': None, 'old_values': None, 'new_values': None, 'metadata': {'auth_method': 'email', 'member_id': 'FASTAR000001'}, 'error_message': None, 'is_compliance': True, 'retention_days': 2555}
Traceback (most recent call last):
  File "C:\Users\fashi\OneDrive\Documenti\FASHIONISTAR_ANTAGRAVITY\fashionistar_backend\apps\audit_logs\tasks.py", line 48, in write_audit_event
    obj = AuditEventLog(**payload)
  File "C:\Users\fashi\OneDrive\Documenti\FASHIONISTAR_ANTAGRAVITY\fashionistar_backend\.venv\Lib\site-packages\django\db\models\base.py", line 590, in __init__
    raise TypeError(
    ...<2 lines>...
    )
TypeError: AuditEventLog() got unexpected keyword arguments: 'country_code', 'city'

During handling of the above exception, another exception occurred:

Traceback (most recent call last):
  File "C:\Users\fashi\OneDrive\Documenti\FASHIONISTAR_ANTAGRAVITY\fashionistar_backend\apps\audit_logs\services\audit.py", line 261, in _dispatch
    write_audit_event.apply_async(
    ~~~~~~~~~~~~~~~~~~~~~~~~~~~~~^
        kwargs={"payload": payload},
        ^^^^^^^^^^^^^^^^^^^^^^^^^^^^
        retry=False,
        ^^^^^^^^^^^^
        ignore_result=True,
        ^^^^^^^^^^^^^^^^^^^
    )
    ^
  File "C:\Users\fashi\OneDrive\Documenti\FASHIONISTAR_ANTAGRAVITY\fashionistar_backend\.venv\Lib\site-packages\celery\app\task.py", line 605, in apply_async
    return self.apply(args, kwargs, task_id=task_id or uuid(),
           ~~~~~~~~~~^^^^^^^^^^^^^^^^^^^^^^^^^^^^^^^^^^^^^^^^^
                      link=link, link_error=link_error, **options)
                      ^^^^^^^^^^^^^^^^^^^^^^^^^^^^^^^^^^^^^^^^^^^^
  File "C:\Users\fashi\OneDrive\Documenti\FASHIONISTAR_ANTAGRAVITY\fashionistar_backend\.venv\Lib\site-packages\celery\app\task.py", line 843, in apply
    ret = tracer(task_id, args, kwargs, request)
  File "C:\Users\fashi\OneDrive\Documenti\FASHIONISTAR_ANTAGRAVITY\fashionistar_backend\.venv\Lib\site-packages\celery\app\trace.py", line 494, in trace_task
    I, R, state, retval = on_error(
                          ~~~~~~~~^
        task_request, exc, RETRY, call_errbacks=False)
        ^^^^^^^^^^^^^^^^^^^^^^^^^^^^^^^^^^^^^^^^^^^^^^
  File "C:\Users\fashi\OneDrive\Documenti\FASHIONISTAR_ANTAGRAVITY\fashionistar_backend\.venv\Lib\site-packages\celery\app\trace.py", line 479, in trace_task
    R = retval = fun(*args, **kwargs)
                 ~~~^^^^^^^^^^^^^^^^^
  File "C:\Users\fashi\OneDrive\Documenti\FASHIONISTAR_ANTAGRAVITY\fashionistar_backend\apps\audit_logs\tasks.py", line 65, in write_audit_event
    raise self.retry(exc=exc)
          ~~~~~~~~~~^^^^^^^^^
  File "C:\Users\fashi\OneDrive\Documenti\FASHIONISTAR_ANTAGRAVITY\fashionistar_backend\.venv\Lib\site-packages\celery\app\task.py", line 763, in retry
    raise ret
celery.exceptions.Retry: Retry in 5s: TypeError("AuditEventLog() got unexpected keyword arguments: 'country_code', 'city'")

During handling of the above exception, another exception occurred:

Traceback (most recent call last):
  File "C:\Users\fashi\OneDrive\Documenti\FASHIONISTAR_ANTAGRAVITY\fashionistar_backend\apps\audit_logs\services\audit.py", line 275, in _write_sync
    obj = AuditEventLog(**payload)
  File "C:\Users\fashi\OneDrive\Documenti\FASHIONISTAR_ANTAGRAVITY\fashionistar_backend\.venv\Lib\site-packages\django\db\models\base.py", line 590, in __init__
    raise TypeError(
    ...<2 lines>...
    )
TypeError: AuditEventLog() got unexpected keyword arguments: 'country_code', 'city'
[INFO    ] application \u2014 \u2705 User verified@fashionistar.io logged in (Sync). IP: 127.0.0.1  UA: \n[INFO    ] apps.authentication.apis.auth_views.sync_views \u2014 \u2705 LoginView: login successful for verified@fashionistar.io (id=019d20c4-f715-78d0-b91a-ef287cb9f105 role=client)\n[INFO    ] security — SECURITY_AUDIT action=REQUEST req=1a214a85-c62c-4792-9d47-fba044d58d44 device=fp:57efdd91ba75ee0012c0 session=- ip=127.0.0.1 method=POST path=/api/v1/auth/login/ status=200 duration_ms=21.2 user_id=anonymous role=anonymous ua='-' referrer=-
[INFO    ] apps.common.middleware \u2014 [POST] /api/v1/auth/login/ \u2192 200 in 21.4ms [req=1a214a85-c62c-4792-9d47-fba044d58d44]\nPASSED                                                                   [  1%]
apps/authentication/tests/integration/test_login_endpoint.py::TestLoginHappyPath::test_response_has_user_id 
------------------------------- live log setup --------------------------------
[INFO    ] apps.authentication.models — Saved UnifiedUser 019d20c4-f77a-79c8-b3e4-096ad8c35aca [email] member_id=FASTAR000001
[INFO    ] apps.authentication.managers \u2014 \u2705 Created user: email=verified@fashionistar.io\n-------------------------------- live log call --------------------------------
[INFO    ] apps.authentication.serializers.auth \u2014 \u2705 LoginSerializer: valid credentials for 'verified@fashionistar.io'\n[INFO    ] application — User verified@fashionistar.io authenticated via UnifiedUser backend (Sync)
[INFO    ] apps.authentication.models — Details updated for user: verified@fashionistar.io
[INFO    ] apps.authentication.models — Saved UnifiedUser 019d20c4-f77a-79c8-b3e4-096ad8c35aca [email] member_id=FASTAR000001
[WARNING ] apps.audit_logs.tasks — write_audit_event failed (attempt 1/3): AuditEventLog() got unexpected keyword arguments: 'country_code', 'city' — event_type=login_success
[ERROR   ] apps.audit_logs.services.audit — AuditService._write_sync() failed for payload={'event_type': EventType.LOGIN_SUCCESS, 'event_category': EventCategory.AUTHENTICATION, 'severity': SeverityLevel.INFO, 'action': 'Successful login: verified@fashionistar.io', 'actor_email': 'verified@fashionistar.io', 'ip_address': '127.0.0.1', 'user_agent': None, 'device_type': None, 'browser_family': None, 'os_family': None, 'country': None, 'country_code': None, 'city': None, 'resource_type': 'UnifiedUser', 'resource_id': '019d20c4-f77a-79c8-b3e4-096ad8c35aca', 'request_method': 'POST', 'request_path': '/api/v1/auth/login/', 'response_status': None, 'duration_ms': None, 'old_values': None, 'new_values': None, 'metadata': {'auth_method': 'email', 'member_id': 'FASTAR000001'}, 'error_message': None, 'is_compliance': True, 'retention_days': 2555}
Traceback (most recent call last):
  File "C:\Users\fashi\OneDrive\Documenti\FASHIONISTAR_ANTAGRAVITY\fashionistar_backend\apps\audit_logs\tasks.py", line 48, in write_audit_event
    obj = AuditEventLog(**payload)
  File "C:\Users\fashi\OneDrive\Documenti\FASHIONISTAR_ANTAGRAVITY\fashionistar_backend\.venv\Lib\site-packages\django\db\models\base.py", line 590, in __init__
    raise TypeError(
    ...<2 lines>...
    )
TypeError: AuditEventLog() got unexpected keyword arguments: 'country_code', 'city'

During handling of the above exception, another exception occurred:

Traceback (most recent call last):
  File "C:\Users\fashi\OneDrive\Documenti\FASHIONISTAR_ANTAGRAVITY\fashionistar_backend\apps\audit_logs\services\audit.py", line 261, in _dispatch
    write_audit_event.apply_async(
    ~~~~~~~~~~~~~~~~~~~~~~~~~~~~~^
        kwargs={"payload": payload},
        ^^^^^^^^^^^^^^^^^^^^^^^^^^^^
        retry=False,
        ^^^^^^^^^^^^
        ignore_result=True,
        ^^^^^^^^^^^^^^^^^^^
    )
    ^
  File "C:\Users\fashi\OneDrive\Documenti\FASHIONISTAR_ANTAGRAVITY\fashionistar_backend\.venv\Lib\site-packages\celery\app\task.py", line 605, in apply_async
    return self.apply(args, kwargs, task_id=task_id or uuid(),
           ~~~~~~~~~~^^^^^^^^^^^^^^^^^^^^^^^^^^^^^^^^^^^^^^^^^
                      link=link, link_error=link_error, **options)
                      ^^^^^^^^^^^^^^^^^^^^^^^^^^^^^^^^^^^^^^^^^^^^
  File "C:\Users\fashi\OneDrive\Documenti\FASHIONISTAR_ANTAGRAVITY\fashionistar_backend\.venv\Lib\site-packages\celery\app\task.py", line 843, in apply
    ret = tracer(task_id, args, kwargs, request)
  File "C:\Users\fashi\OneDrive\Documenti\FASHIONISTAR_ANTAGRAVITY\fashionistar_backend\.venv\Lib\site-packages\celery\app\trace.py", line 494, in trace_task
    I, R, state, retval = on_error(
                          ~~~~~~~~^
        task_request, exc, RETRY, call_errbacks=False)
        ^^^^^^^^^^^^^^^^^^^^^^^^^^^^^^^^^^^^^^^^^^^^^^
  File "C:\Users\fashi\OneDrive\Documenti\FASHIONISTAR_ANTAGRAVITY\fashionistar_backend\.venv\Lib\site-packages\celery\app\trace.py", line 479, in trace_task
    R = retval = fun(*args, **kwargs)
                 ~~~^^^^^^^^^^^^^^^^^
  File "C:\Users\fashi\OneDrive\Documenti\FASHIONISTAR_ANTAGRAVITY\fashionistar_backend\apps\audit_logs\tasks.py", line 65, in write_audit_event
    raise self.retry(exc=exc)
          ~~~~~~~~~~^^^^^^^^^
  File "C:\Users\fashi\OneDrive\Documenti\FASHIONISTAR_ANTAGRAVITY\fashionistar_backend\.venv\Lib\site-packages\celery\app\task.py", line 763, in retry
    raise ret
celery.exceptions.Retry: Retry in 5s: TypeError("AuditEventLog() got unexpected keyword arguments: 'country_code', 'city'")

During handling of the above exception, another exception occurred:

Traceback (most recent call last):
  File "C:\Users\fashi\OneDrive\Documenti\FASHIONISTAR_ANTAGRAVITY\fashionistar_backend\apps\audit_logs\services\audit.py", line 275, in _write_sync
    obj = AuditEventLog(**payload)
  File "C:\Users\fashi\OneDrive\Documenti\FASHIONISTAR_ANTAGRAVITY\fashionistar_backend\.venv\Lib\site-packages\django\db\models\base.py", line 590, in __init__
    raise TypeError(
    ...<2 lines>...
    )
TypeError: AuditEventLog() got unexpected keyword arguments: 'country_code', 'city'
[INFO    ] application \u2014 \u2705 User verified@fashionistar.io logged in (Sync). IP: 127.0.0.1  UA: \n[INFO    ] apps.authentication.apis.auth_views.sync_views \u2014 \u2705 LoginView: login successful for verified@fashionistar.io (id=019d20c4-f77a-79c8-b3e4-096ad8c35aca role=client)\n[INFO    ] security — SECURITY_AUDIT action=REQUEST req=2eb00c2a-8df1-4048-bc62-ce68f51fa35e device=fp:57efdd91ba75ee0012c0 session=- ip=127.0.0.1 method=POST path=/api/v1/auth/login/ status=200 duration_ms=19.5 user_id=anonymous role=anonymous ua='-' referrer=-
[INFO    ] apps.common.middleware \u2014 [POST] /api/v1/auth/login/ \u2192 200 in 19.7ms [req=2eb00c2a-8df1-4048-bc62-ce68f51fa35e]\nPASSED                                                                   [  2%]
apps/authentication/tests/integration/test_login_endpoint.py::TestLoginHappyPath::test_response_has_role 
------------------------------- live log setup --------------------------------
[INFO    ] apps.authentication.models — Saved UnifiedUser 019d20c4-f7e1-7765-aef9-8405ef67c946 [email] member_id=FASTAR000001
[INFO    ] apps.authentication.managers \u2014 \u2705 Created user: email=verified@fashionistar.io\n-------------------------------- live log call --------------------------------
[INFO    ] apps.authentication.serializers.auth \u2014 \u2705 LoginSerializer: valid credentials for 'verified@fashionistar.io'\n[INFO    ] application — User verified@fashionistar.io authenticated via UnifiedUser backend (Sync)
[INFO    ] apps.authentication.models — Details updated for user: verified@fashionistar.io
[INFO    ] apps.authentication.models — Saved UnifiedUser 019d20c4-f7e1-7765-aef9-8405ef67c946 [email] member_id=FASTAR000001
[WARNING ] apps.audit_logs.tasks — write_audit_event failed (attempt 1/3): AuditEventLog() got unexpected keyword arguments: 'country_code', 'city' — event_type=login_success
[ERROR   ] apps.audit_logs.services.audit — AuditService._write_sync() failed for payload={'event_type': EventType.LOGIN_SUCCESS, 'event_category': EventCategory.AUTHENTICATION, 'severity': SeverityLevel.INFO, 'action': 'Successful login: verified@fashionistar.io', 'actor_email': 'verified@fashionistar.io', 'ip_address': '127.0.0.1', 'user_agent': None, 'device_type': None, 'browser_family': None, 'os_family': None, 'country': None, 'country_code': None, 'city': None, 'resource_type': 'UnifiedUser', 'resource_id': '019d20c4-f7e1-7765-aef9-8405ef67c946', 'request_method': 'POST', 'request_path': '/api/v1/auth/login/', 'response_status': None, 'duration_ms': None, 'old_values': None, 'new_values': None, 'metadata': {'auth_method': 'email', 'member_id': 'FASTAR000001'}, 'error_message': None, 'is_compliance': True, 'retention_days': 2555}
Traceback (most recent call last):
  File "C:\Users\fashi\OneDrive\Documenti\FASHIONISTAR_ANTAGRAVITY\fashionistar_backend\apps\audit_logs\tasks.py", line 48, in write_audit_event
    obj = AuditEventLog(**payload)
  File "C:\Users\fashi\OneDrive\Documenti\FASHIONISTAR_ANTAGRAVITY\fashionistar_backend\.venv\Lib\site-packages\django\db\models\base.py", line 590, in __init__
    raise TypeError(
    ...<2 lines>...
    )
TypeError: AuditEventLog() got unexpected keyword arguments: 'country_code', 'city'

During handling of the above exception, another exception occurred:

Traceback (most recent call last):
  File "C:\Users\fashi\OneDrive\Documenti\FASHIONISTAR_ANTAGRAVITY\fashionistar_backend\apps\audit_logs\services\audit.py", line 261, in _dispatch
    write_audit_event.apply_async(
    ~~~~~~~~~~~~~~~~~~~~~~~~~~~~~^
        kwargs={"payload": payload},
        ^^^^^^^^^^^^^^^^^^^^^^^^^^^^
        retry=False,
        ^^^^^^^^^^^^
        ignore_result=True,
        ^^^^^^^^^^^^^^^^^^^
    )
    ^
  File "C:\Users\fashi\OneDrive\Documenti\FASHIONISTAR_ANTAGRAVITY\fashionistar_backend\.venv\Lib\site-packages\celery\app\task.py", line 605, in apply_async
    return self.apply(args, kwargs, task_id=task_id or uuid(),
           ~~~~~~~~~~^^^^^^^^^^^^^^^^^^^^^^^^^^^^^^^^^^^^^^^^^
                      link=link, link_error=link_error, **options)
                      ^^^^^^^^^^^^^^^^^^^^^^^^^^^^^^^^^^^^^^^^^^^^
  File "C:\Users\fashi\OneDrive\Documenti\FASHIONISTAR_ANTAGRAVITY\fashionistar_backend\.venv\Lib\site-packages\celery\app\task.py", line 843, in apply
    ret = tracer(task_id, args, kwargs, request)
  File "C:\Users\fashi\OneDrive\Documenti\FASHIONISTAR_ANTAGRAVITY\fashionistar_backend\.venv\Lib\site-packages\celery\app\trace.py", line 494, in trace_task
    I, R, state, retval = on_error(
                          ~~~~~~~~^
        task_request, exc, RETRY, call_errbacks=False)
        ^^^^^^^^^^^^^^^^^^^^^^^^^^^^^^^^^^^^^^^^^^^^^^
  File "C:\Users\fashi\OneDrive\Documenti\FASHIONISTAR_ANTAGRAVITY\fashionistar_backend\.venv\Lib\site-packages\celery\app\trace.py", line 479, in trace_task
    R = retval = fun(*args, **kwargs)
                 ~~~^^^^^^^^^^^^^^^^^
  File "C:\Users\fashi\OneDrive\Documenti\FASHIONISTAR_ANTAGRAVITY\fashionistar_backend\apps\audit_logs\tasks.py", line 65, in write_audit_event
    raise self.retry(exc=exc)
          ~~~~~~~~~~^^^^^^^^^
  File "C:\Users\fashi\OneDrive\Documenti\FASHIONISTAR_ANTAGRAVITY\fashionistar_backend\.venv\Lib\site-packages\celery\app\task.py", line 763, in retry
    raise ret
celery.exceptions.Retry: Retry in 5s: TypeError("AuditEventLog() got unexpected keyword arguments: 'country_code', 'city'")

During handling of the above exception, another exception occurred:

Traceback (most recent call last):
  File "C:\Users\fashi\OneDrive\Documenti\FASHIONISTAR_ANTAGRAVITY\fashionistar_backend\apps\audit_logs\services\audit.py", line 275, in _write_sync
    obj = AuditEventLog(**payload)
  File "C:\Users\fashi\OneDrive\Documenti\FASHIONISTAR_ANTAGRAVITY\fashionistar_backend\.venv\Lib\site-packages\django\db\models\base.py", line 590, in __init__
    raise TypeError(
    ...<2 lines>...
    )
TypeError: AuditEventLog() got unexpected keyword arguments: 'country_code', 'city'
[INFO    ] application \u2014 \u2705 User verified@fashionistar.io logged in (Sync). IP: 127.0.0.1  UA: \n[INFO    ] apps.authentication.apis.auth_views.sync_views \u2014 \u2705 LoginView: login successful for verified@fashionistar.io (id=019d20c4-f7e1-7765-aef9-8405ef67c946 role=client)\n[INFO    ] security — SECURITY_AUDIT action=REQUEST req=e44718cc-38ed-4ab6-9bc8-896727f537c3 device=fp:57efdd91ba75ee0012c0 session=- ip=127.0.0.1 method=POST path=/api/v1/auth/login/ status=200 duration_ms=65.1 user_id=anonymous role=anonymous ua='-' referrer=-
[INFO    ] apps.common.middleware \u2014 [POST] /api/v1/auth/login/ \u2192 200 in 65.4ms [req=e44718cc-38ed-4ab6-9bc8-896727f537c3]\nPASSED                                                                   [  3%]
apps/authentication/tests/integration/test_login_endpoint.py::TestLoginHappyPath::test_response_has_identifying_info 
------------------------------- live log setup --------------------------------
[INFO    ] apps.authentication.models — Saved UnifiedUser 019d20c4-f8aa-7893-863e-2ac4b0259200 [email] member_id=FASTAR000001
[INFO    ] apps.authentication.managers \u2014 \u2705 Created user: email=verified@fashionistar.io\n-------------------------------- live log call --------------------------------
[INFO    ] apps.authentication.serializers.auth \u2014 \u2705 LoginSerializer: valid credentials for 'verified@fashionistar.io'\n[INFO    ] application — User verified@fashionistar.io authenticated via UnifiedUser backend (Sync)
[INFO    ] apps.authentication.models — Details updated for user: verified@fashionistar.io
[INFO    ] apps.authentication.models — Saved UnifiedUser 019d20c4-f8aa-7893-863e-2ac4b0259200 [email] member_id=FASTAR000001
[WARNING ] apps.audit_logs.tasks — write_audit_event failed (attempt 1/3): AuditEventLog() got unexpected keyword arguments: 'country_code', 'city' — event_type=login_success
[ERROR   ] apps.audit_logs.services.audit — AuditService._write_sync() failed for payload={'event_type': EventType.LOGIN_SUCCESS, 'event_category': EventCategory.AUTHENTICATION, 'severity': SeverityLevel.INFO, 'action': 'Successful login: verified@fashionistar.io', 'actor_email': 'verified@fashionistar.io', 'ip_address': '127.0.0.1', 'user_agent': None, 'device_type': None, 'browser_family': None, 'os_family': None, 'country': None, 'country_code': None, 'city': None, 'resource_type': 'UnifiedUser', 'resource_id': '019d20c4-f8aa-7893-863e-2ac4b0259200', 'request_method': 'POST', 'request_path': '/api/v1/auth/login/', 'response_status': None, 'duration_ms': None, 'old_values': None, 'new_values': None, 'metadata': {'auth_method': 'email', 'member_id': 'FASTAR000001'}, 'error_message': None, 'is_compliance': True, 'retention_days': 2555}
Traceback (most recent call last):
  File "C:\Users\fashi\OneDrive\Documenti\FASHIONISTAR_ANTAGRAVITY\fashionistar_backend\apps\audit_logs\tasks.py", line 48, in write_audit_event
    obj = AuditEventLog(**payload)
  File "C:\Users\fashi\OneDrive\Documenti\FASHIONISTAR_ANTAGRAVITY\fashionistar_backend\.venv\Lib\site-packages\django\db\models\base.py", line 590, in __init__
    raise TypeError(
    ...<2 lines>...
    )
TypeError: AuditEventLog() got unexpected keyword arguments: 'country_code', 'city'

During handling of the above exception, another exception occurred:

Traceback (most recent call last):
  File "C:\Users\fashi\OneDrive\Documenti\FASHIONISTAR_ANTAGRAVITY\fashionistar_backend\apps\audit_logs\services\audit.py", line 261, in _dispatch
    write_audit_event.apply_async(
    ~~~~~~~~~~~~~~~~~~~~~~~~~~~~~^
        kwargs={"payload": payload},
        ^^^^^^^^^^^^^^^^^^^^^^^^^^^^
        retry=False,
        ^^^^^^^^^^^^
        ignore_result=True,
        ^^^^^^^^^^^^^^^^^^^
    )
    ^
  File "C:\Users\fashi\OneDrive\Documenti\FASHIONISTAR_ANTAGRAVITY\fashionistar_backend\.venv\Lib\site-packages\celery\app\task.py", line 605, in apply_async
    return self.apply(args, kwargs, task_id=task_id or uuid(),
           ~~~~~~~~~~^^^^^^^^^^^^^^^^^^^^^^^^^^^^^^^^^^^^^^^^^
                      link=link, link_error=link_error, **options)
                      ^^^^^^^^^^^^^^^^^^^^^^^^^^^^^^^^^^^^^^^^^^^^
  File "C:\Users\fashi\OneDrive\Documenti\FASHIONISTAR_ANTAGRAVITY\fashionistar_backend\.venv\Lib\site-packages\celery\app\task.py", line 843, in apply
    ret = tracer(task_id, args, kwargs, request)
  File "C:\Users\fashi\OneDrive\Documenti\FASHIONISTAR_ANTAGRAVITY\fashionistar_backend\.venv\Lib\site-packages\celery\app\trace.py", line 494, in trace_task
    I, R, state, retval = on_error(
                          ~~~~~~~~^
        task_request, exc, RETRY, call_errbacks=False)
        ^^^^^^^^^^^^^^^^^^^^^^^^^^^^^^^^^^^^^^^^^^^^^^
  File "C:\Users\fashi\OneDrive\Documenti\FASHIONISTAR_ANTAGRAVITY\fashionistar_backend\.venv\Lib\site-packages\celery\app\trace.py", line 479, in trace_task
    R = retval = fun(*args, **kwargs)
                 ~~~^^^^^^^^^^^^^^^^^
  File "C:\Users\fashi\OneDrive\Documenti\FASHIONISTAR_ANTAGRAVITY\fashionistar_backend\apps\audit_logs\tasks.py", line 65, in write_audit_event
    raise self.retry(exc=exc)
          ~~~~~~~~~~^^^^^^^^^
  File "C:\Users\fashi\OneDrive\Documenti\FASHIONISTAR_ANTAGRAVITY\fashionistar_backend\.venv\Lib\site-packages\celery\app\task.py", line 763, in retry
    raise ret
celery.exceptions.Retry: Retry in 5s: TypeError("AuditEventLog() got unexpected keyword arguments: 'country_code', 'city'")

During handling of the above exception, another exception occurred:

Traceback (most recent call last):
  File "C:\Users\fashi\OneDrive\Documenti\FASHIONISTAR_ANTAGRAVITY\fashionistar_backend\apps\audit_logs\services\audit.py", line 275, in _write_sync
    obj = AuditEventLog(**payload)
  File "C:\Users\fashi\OneDrive\Documenti\FASHIONISTAR_ANTAGRAVITY\fashionistar_backend\.venv\Lib\site-packages\django\db\models\base.py", line 590, in __init__
    raise TypeError(
    ...<2 lines>...
    )
TypeError: AuditEventLog() got unexpected keyword arguments: 'country_code', 'city'
[INFO    ] application \u2014 \u2705 User verified@fashionistar.io logged in (Sync). IP: 127.0.0.1  UA: \n[INFO    ] apps.authentication.apis.auth_views.sync_views \u2014 \u2705 LoginView: login successful for verified@fashionistar.io (id=019d20c4-f8aa-7893-863e-2ac4b0259200 role=client)\n[INFO    ] security — SECURITY_AUDIT action=REQUEST req=dd935dcb-2ef5-4aa0-8011-c526245ecbaf device=fp:57efdd91ba75ee0012c0 session=- ip=127.0.0.1 method=POST path=/api/v1/auth/login/ status=200 duration_ms=19.9 user_id=anonymous role=anonymous ua='-' referrer=-
[INFO    ] apps.common.middleware \u2014 [POST] /api/v1/auth/login/ \u2192 200 in 20.0ms [req=dd935dcb-2ef5-4aa0-8011-c526245ecbaf]\nPASSED                                                                   [  3%]
apps/authentication/tests/integration/test_login_endpoint.py::TestLoginHappyPath::test_response_has_message 
------------------------------- live log setup --------------------------------
[INFO    ] apps.authentication.models — Saved UnifiedUser 019d20c4-f91d-7118-8e47-589a415b919a [email] member_id=FASTAR000001
[INFO    ] apps.authentication.managers \u2014 \u2705 Created user: email=verified@fashionistar.io\n-------------------------------- live log call --------------------------------
[INFO    ] apps.authentication.serializers.auth \u2014 \u2705 LoginSerializer: valid credentials for 'verified@fashionistar.io'\n[INFO    ] application — User verified@fashionistar.io authenticated via UnifiedUser backend (Sync)
[INFO    ] apps.authentication.models — Details updated for user: verified@fashionistar.io
[INFO    ] apps.authentication.models — Saved UnifiedUser 019d20c4-f91d-7118-8e47-589a415b919a [email] member_id=FASTAR000001
[WARNING ] apps.audit_logs.tasks — write_audit_event failed (attempt 1/3): AuditEventLog() got unexpected keyword arguments: 'country_code', 'city' — event_type=login_success
[ERROR   ] apps.audit_logs.services.audit — AuditService._write_sync() failed for payload={'event_type': EventType.LOGIN_SUCCESS, 'event_category': EventCategory.AUTHENTICATION, 'severity': SeverityLevel.INFO, 'action': 'Successful login: verified@fashionistar.io', 'actor_email': 'verified@fashionistar.io', 'ip_address': '127.0.0.1', 'user_agent': None, 'device_type': None, 'browser_family': None, 'os_family': None, 'country': None, 'country_code': None, 'city': None, 'resource_type': 'UnifiedUser', 'resource_id': '019d20c4-f91d-7118-8e47-589a415b919a', 'request_method': 'POST', 'request_path': '/api/v1/auth/login/', 'response_status': None, 'duration_ms': None, 'old_values': None, 'new_values': None, 'metadata': {'auth_method': 'email', 'member_id': 'FASTAR000001'}, 'error_message': None, 'is_compliance': True, 'retention_days': 2555}
Traceback (most recent call last):
  File "C:\Users\fashi\OneDrive\Documenti\FASHIONISTAR_ANTAGRAVITY\fashionistar_backend\apps\audit_logs\tasks.py", line 48, in write_audit_event
    obj = AuditEventLog(**payload)
  File "C:\Users\fashi\OneDrive\Documenti\FASHIONISTAR_ANTAGRAVITY\fashionistar_backend\.venv\Lib\site-packages\django\db\models\base.py", line 590, in __init__
    raise TypeError(
    ...<2 lines>...
    )
TypeError: AuditEventLog() got unexpected keyword arguments: 'country_code', 'city'

During handling of the above exception, another exception occurred:

Traceback (most recent call last):
  File "C:\Users\fashi\OneDrive\Documenti\FASHIONISTAR_ANTAGRAVITY\fashionistar_backend\apps\audit_logs\services\audit.py", line 261, in _dispatch
    write_audit_event.apply_async(
    ~~~~~~~~~~~~~~~~~~~~~~~~~~~~~^
        kwargs={"payload": payload},
        ^^^^^^^^^^^^^^^^^^^^^^^^^^^^
        retry=False,
        ^^^^^^^^^^^^
        ignore_result=True,
        ^^^^^^^^^^^^^^^^^^^
    )
    ^
  File "C:\Users\fashi\OneDrive\Documenti\FASHIONISTAR_ANTAGRAVITY\fashionistar_backend\.venv\Lib\site-packages\celery\app\task.py", line 605, in apply_async
    return self.apply(args, kwargs, task_id=task_id or uuid(),
           ~~~~~~~~~~^^^^^^^^^^^^^^^^^^^^^^^^^^^^^^^^^^^^^^^^^
                      link=link, link_error=link_error, **options)
                      ^^^^^^^^^^^^^^^^^^^^^^^^^^^^^^^^^^^^^^^^^^^^
  File "C:\Users\fashi\OneDrive\Documenti\FASHIONISTAR_ANTAGRAVITY\fashionistar_backend\.venv\Lib\site-packages\celery\app\task.py", line 843, in apply
    ret = tracer(task_id, args, kwargs, request)
  File "C:\Users\fashi\OneDrive\Documenti\FASHIONISTAR_ANTAGRAVITY\fashionistar_backend\.venv\Lib\site-packages\celery\app\trace.py", line 494, in trace_task
    I, R, state, retval = on_error(
                          ~~~~~~~~^
        task_request, exc, RETRY, call_errbacks=False)
        ^^^^^^^^^^^^^^^^^^^^^^^^^^^^^^^^^^^^^^^^^^^^^^
  File "C:\Users\fashi\OneDrive\Documenti\FASHIONISTAR_ANTAGRAVITY\fashionistar_backend\.venv\Lib\site-packages\celery\app\trace.py", line 479, in trace_task
    R = retval = fun(*args, **kwargs)
                 ~~~^^^^^^^^^^^^^^^^^
  File "C:\Users\fashi\OneDrive\Documenti\FASHIONISTAR_ANTAGRAVITY\fashionistar_backend\apps\audit_logs\tasks.py", line 65, in write_audit_event
    raise self.retry(exc=exc)
          ~~~~~~~~~~^^^^^^^^^
  File "C:\Users\fashi\OneDrive\Documenti\FASHIONISTAR_ANTAGRAVITY\fashionistar_backend\.venv\Lib\site-packages\celery\app\task.py", line 763, in retry
    raise ret
celery.exceptions.Retry: Retry in 5s: TypeError("AuditEventLog() got unexpected keyword arguments: 'country_code', 'city'")

During handling of the above exception, another exception occurred:

Traceback (most recent call last):
  File "C:\Users\fashi\OneDrive\Documenti\FASHIONISTAR_ANTAGRAVITY\fashionistar_backend\apps\audit_logs\services\audit.py", line 275, in _write_sync
    obj = AuditEventLog(**payload)
  File "C:\Users\fashi\OneDrive\Documenti\FASHIONISTAR_ANTAGRAVITY\fashionistar_backend\.venv\Lib\site-packages\django\db\models\base.py", line 590, in __init__
    raise TypeError(
    ...<2 lines>...
    )
TypeError: AuditEventLog() got unexpected keyword arguments: 'country_code', 'city'
[INFO    ] application \u2014 \u2705 User verified@fashionistar.io logged in (Sync). IP: 127.0.0.1  UA: \n[INFO    ] apps.authentication.apis.auth_views.sync_views \u2014 \u2705 LoginView: login successful for verified@fashionistar.io (id=019d20c4-f91d-7118-8e47-589a415b919a role=client)\n[INFO    ] security — SECURITY_AUDIT action=REQUEST req=50cd6a77-233d-4e1b-977a-3f20c532ea53 device=fp:57efdd91ba75ee0012c0 session=- ip=127.0.0.1 method=POST path=/api/v1/auth/login/ status=200 duration_ms=99.5 user_id=anonymous role=anonymous ua='-' referrer=-
[INFO    ] apps.common.middleware \u2014 [POST] /api/v1/auth/login/ \u2192 200 in 99.8ms [req=50cd6a77-233d-4e1b-977a-3f20c532ea53]\nPASSED                                                                   [  4%]
apps/authentication/tests/integration/test_login_endpoint.py::TestLoginHappyPath::test_access_token_is_valid_jwt_format 
------------------------------- live log setup --------------------------------
[INFO    ] apps.authentication.models — Saved UnifiedUser 019d20c4-f9eb-7f0c-8272-144f09b75339 [email] member_id=FASTAR000001
[INFO    ] apps.authentication.managers \u2014 \u2705 Created user: email=verified@fashionistar.io\n-------------------------------- live log call --------------------------------
[INFO    ] apps.authentication.serializers.auth \u2014 \u2705 LoginSerializer: valid credentials for 'verified@fashionistar.io'\n[INFO    ] application — User verified@fashionistar.io authenticated via UnifiedUser backend (Sync)
[INFO    ] apps.authentication.models — Details updated for user: verified@fashionistar.io
[INFO    ] apps.authentication.models — Saved UnifiedUser 019d20c4-f9eb-7f0c-8272-144f09b75339 [email] member_id=FASTAR000001
[WARNING ] apps.audit_logs.tasks — write_audit_event failed (attempt 1/3): AuditEventLog() got unexpected keyword arguments: 'country_code', 'city' — event_type=login_success
[ERROR   ] apps.audit_logs.services.audit — AuditService._write_sync() failed for payload={'event_type': EventType.LOGIN_SUCCESS, 'event_category': EventCategory.AUTHENTICATION, 'severity': SeverityLevel.INFO, 'action': 'Successful login: verified@fashionistar.io', 'actor_email': 'verified@fashionistar.io', 'ip_address': '127.0.0.1', 'user_agent': None, 'device_type': None, 'browser_family': None, 'os_family': None, 'country': None, 'country_code': None, 'city': None, 'resource_type': 'UnifiedUser', 'resource_id': '019d20c4-f9eb-7f0c-8272-144f09b75339', 'request_method': 'POST', 'request_path': '/api/v1/auth/login/', 'response_status': None, 'duration_ms': None, 'old_values': None, 'new_values': None, 'metadata': {'auth_method': 'email', 'member_id': 'FASTAR000001'}, 'error_message': None, 'is_compliance': True, 'retention_days': 2555}
Traceback (most recent call last):
  File "C:\Users\fashi\OneDrive\Documenti\FASHIONISTAR_ANTAGRAVITY\fashionistar_backend\apps\audit_logs\tasks.py", line 48, in write_audit_event
    obj = AuditEventLog(**payload)
  File "C:\Users\fashi\OneDrive\Documenti\FASHIONISTAR_ANTAGRAVITY\fashionistar_backend\.venv\Lib\site-packages\django\db\models\base.py", line 590, in __init__
    raise TypeError(
    ...<2 lines>...
    )
TypeError: AuditEventLog() got unexpected keyword arguments: 'country_code', 'city'

During handling of the above exception, another exception occurred:

Traceback (most recent call last):
  File "C:\Users\fashi\OneDrive\Documenti\FASHIONISTAR_ANTAGRAVITY\fashionistar_backend\apps\audit_logs\services\audit.py", line 261, in _dispatch
    write_audit_event.apply_async(
    ~~~~~~~~~~~~~~~~~~~~~~~~~~~~~^
        kwargs={"payload": payload},
        ^^^^^^^^^^^^^^^^^^^^^^^^^^^^
        retry=False,
        ^^^^^^^^^^^^
        ignore_result=True,
        ^^^^^^^^^^^^^^^^^^^
    )
    ^
  File "C:\Users\fashi\OneDrive\Documenti\FASHIONISTAR_ANTAGRAVITY\fashionistar_backend\.venv\Lib\site-packages\celery\app\task.py", line 605, in apply_async
    return self.apply(args, kwargs, task_id=task_id or uuid(),
           ~~~~~~~~~~^^^^^^^^^^^^^^^^^^^^^^^^^^^^^^^^^^^^^^^^^
                      link=link, link_error=link_error, **options)
                      ^^^^^^^^^^^^^^^^^^^^^^^^^^^^^^^^^^^^^^^^^^^^
  File "C:\Users\fashi\OneDrive\Documenti\FASHIONISTAR_ANTAGRAVITY\fashionistar_backend\.venv\Lib\site-packages\celery\app\task.py", line 843, in apply
    ret = tracer(task_id, args, kwargs, request)
  File "C:\Users\fashi\OneDrive\Documenti\FASHIONISTAR_ANTAGRAVITY\fashionistar_backend\.venv\Lib\site-packages\celery\app\trace.py", line 494, in trace_task
    I, R, state, retval = on_error(
                          ~~~~~~~~^
        task_request, exc, RETRY, call_errbacks=False)
        ^^^^^^^^^^^^^^^^^^^^^^^^^^^^^^^^^^^^^^^^^^^^^^
  File "C:\Users\fashi\OneDrive\Documenti\FASHIONISTAR_ANTAGRAVITY\fashionistar_backend\.venv\Lib\site-packages\celery\app\trace.py", line 479, in trace_task
    R = retval = fun(*args, **kwargs)
                 ~~~^^^^^^^^^^^^^^^^^
  File "C:\Users\fashi\OneDrive\Documenti\FASHIONISTAR_ANTAGRAVITY\fashionistar_backend\apps\audit_logs\tasks.py", line 65, in write_audit_event
    raise self.retry(exc=exc)
          ~~~~~~~~~~^^^^^^^^^
  File "C:\Users\fashi\OneDrive\Documenti\FASHIONISTAR_ANTAGRAVITY\fashionistar_backend\.venv\Lib\site-packages\celery\app\task.py", line 763, in retry
    raise ret
celery.exceptions.Retry: Retry in 5s: TypeError("AuditEventLog() got unexpected keyword arguments: 'country_code', 'city'")

During handling of the above exception, another exception occurred:

Traceback (most recent call last):
  File "C:\Users\fashi\OneDrive\Documenti\FASHIONISTAR_ANTAGRAVITY\fashionistar_backend\apps\audit_logs\services\audit.py", line 275, in _write_sync
    obj = AuditEventLog(**payload)
  File "C:\Users\fashi\OneDrive\Documenti\FASHIONISTAR_ANTAGRAVITY\fashionistar_backend\.venv\Lib\site-packages\django\db\models\base.py", line 590, in __init__
    raise TypeError(
    ...<2 lines>...
    )
TypeError: AuditEventLog() got unexpected keyword arguments: 'country_code', 'city'
[INFO    ] application \u2014 \u2705 User verified@fashionistar.io logged in (Sync). IP: 127.0.0.1  UA: \n[INFO    ] apps.authentication.apis.auth_views.sync_views \u2014 \u2705 LoginView: login successful for verified@fashionistar.io (id=019d20c4-f9eb-7f0c-8272-144f09b75339 role=client)\n[INFO    ] security — SECURITY_AUDIT action=REQUEST req=d2111299-94c4-47aa-beaf-0c74369b2b74 device=fp:57efdd91ba75ee0012c0 session=- ip=127.0.0.1 method=POST path=/api/v1/auth/login/ status=200 duration_ms=19.4 user_id=anonymous role=anonymous ua='-' referrer=-
[INFO    ] apps.common.middleware \u2014 [POST] /api/v1/auth/login/ \u2192 200 in 19.5ms [req=d2111299-94c4-47aa-beaf-0c74369b2b74]\nPASSED                                                                   [  5%]
apps/authentication/tests/integration/test_login_endpoint.py::TestLoginHappyPath::test_no_tokens_nested_key 
------------------------------- live log setup --------------------------------
[INFO    ] apps.authentication.models — Saved UnifiedUser 019d20c4-fa70-7640-8bcb-32c05f6f270d [email] member_id=FASTAR000001
[INFO    ] apps.authentication.managers \u2014 \u2705 Created user: email=verified@fashionistar.io\n-------------------------------- live log call --------------------------------
[INFO    ] apps.authentication.serializers.auth \u2014 \u2705 LoginSerializer: valid credentials for 'verified@fashionistar.io'\n[INFO    ] application — User verified@fashionistar.io authenticated via UnifiedUser backend (Sync)
[INFO    ] apps.authentication.models — Details updated for user: verified@fashionistar.io
[INFO    ] apps.authentication.models — Saved UnifiedUser 019d20c4-fa70-7640-8bcb-32c05f6f270d [email] member_id=FASTAR000001
[WARNING ] apps.audit_logs.tasks — write_audit_event failed (attempt 1/3): AuditEventLog() got unexpected keyword arguments: 'country_code', 'city' — event_type=login_success
[ERROR   ] apps.audit_logs.services.audit — AuditService._write_sync() failed for payload={'event_type': EventType.LOGIN_SUCCESS, 'event_category': EventCategory.AUTHENTICATION, 'severity': SeverityLevel.INFO, 'action': 'Successful login: verified@fashionistar.io', 'actor_email': 'verified@fashionistar.io', 'ip_address': '127.0.0.1', 'user_agent': None, 'device_type': None, 'browser_family': None, 'os_family': None, 'country': None, 'country_code': None, 'city': None, 'resource_type': 'UnifiedUser', 'resource_id': '019d20c4-fa70-7640-8bcb-32c05f6f270d', 'request_method': 'POST', 'request_path': '/api/v1/auth/login/', 'response_status': None, 'duration_ms': None, 'old_values': None, 'new_values': None, 'metadata': {'auth_method': 'email', 'member_id': 'FASTAR000001'}, 'error_message': None, 'is_compliance': True, 'retention_days': 2555}
Traceback (most recent call last):
  File "C:\Users\fashi\OneDrive\Documenti\FASHIONISTAR_ANTAGRAVITY\fashionistar_backend\apps\audit_logs\tasks.py", line 48, in write_audit_event
    obj = AuditEventLog(**payload)
  File "C:\Users\fashi\OneDrive\Documenti\FASHIONISTAR_ANTAGRAVITY\fashionistar_backend\.venv\Lib\site-packages\django\db\models\base.py", line 590, in __init__
    raise TypeError(
    ...<2 lines>...
    )
TypeError: AuditEventLog() got unexpected keyword arguments: 'country_code', 'city'

During handling of the above exception, another exception occurred:

Traceback (most recent call last):
  File "C:\Users\fashi\OneDrive\Documenti\FASHIONISTAR_ANTAGRAVITY\fashionistar_backend\apps\audit_logs\services\audit.py", line 261, in _dispatch
    write_audit_event.apply_async(
    ~~~~~~~~~~~~~~~~~~~~~~~~~~~~~^
        kwargs={"payload": payload},
        ^^^^^^^^^^^^^^^^^^^^^^^^^^^^
        retry=False,
        ^^^^^^^^^^^^
        ignore_result=True,
        ^^^^^^^^^^^^^^^^^^^
    )
    ^
  File "C:\Users\fashi\OneDrive\Documenti\FASHIONISTAR_ANTAGRAVITY\fashionistar_backend\.venv\Lib\site-packages\celery\app\task.py", line 605, in apply_async
    return self.apply(args, kwargs, task_id=task_id or uuid(),
           ~~~~~~~~~~^^^^^^^^^^^^^^^^^^^^^^^^^^^^^^^^^^^^^^^^^
                      link=link, link_error=link_error, **options)
                      ^^^^^^^^^^^^^^^^^^^^^^^^^^^^^^^^^^^^^^^^^^^^
  File "C:\Users\fashi\OneDrive\Documenti\FASHIONISTAR_ANTAGRAVITY\fashionistar_backend\.venv\Lib\site-packages\celery\app\task.py", line 843, in apply
    ret = tracer(task_id, args, kwargs, request)
  File "C:\Users\fashi\OneDrive\Documenti\FASHIONISTAR_ANTAGRAVITY\fashionistar_backend\.venv\Lib\site-packages\celery\app\trace.py", line 494, in trace_task
    I, R, state, retval = on_error(
                          ~~~~~~~~^
        task_request, exc, RETRY, call_errbacks=False)
        ^^^^^^^^^^^^^^^^^^^^^^^^^^^^^^^^^^^^^^^^^^^^^^
  File "C:\Users\fashi\OneDrive\Documenti\FASHIONISTAR_ANTAGRAVITY\fashionistar_backend\.venv\Lib\site-packages\celery\app\trace.py", line 479, in trace_task
    R = retval = fun(*args, **kwargs)
                 ~~~^^^^^^^^^^^^^^^^^
  File "C:\Users\fashi\OneDrive\Documenti\FASHIONISTAR_ANTAGRAVITY\fashionistar_backend\apps\audit_logs\tasks.py", line 65, in write_audit_event
    raise self.retry(exc=exc)
          ~~~~~~~~~~^^^^^^^^^
  File "C:\Users\fashi\OneDrive\Documenti\FASHIONISTAR_ANTAGRAVITY\fashionistar_backend\.venv\Lib\site-packages\celery\app\task.py", line 763, in retry
    raise ret
celery.exceptions.Retry: Retry in 5s: TypeError("AuditEventLog() got unexpected keyword arguments: 'country_code', 'city'")

During handling of the above exception, another exception occurred:

Traceback (most recent call last):
  File "C:\Users\fashi\OneDrive\Documenti\FASHIONISTAR_ANTAGRAVITY\fashionistar_backend\apps\audit_logs\services\audit.py", line 275, in _write_sync
    obj = AuditEventLog(**payload)
  File "C:\Users\fashi\OneDrive\Documenti\FASHIONISTAR_ANTAGRAVITY\fashionistar_backend\.venv\Lib\site-packages\django\db\models\base.py", line 590, in __init__
    raise TypeError(
    ...<2 lines>...
    )
TypeError: AuditEventLog() got unexpected keyword arguments: 'country_code', 'city'
[INFO    ] application \u2014 \u2705 User verified@fashionistar.io logged in (Sync). IP: 127.0.0.1  UA: \n[INFO    ] apps.authentication.apis.auth_views.sync_views \u2014 \u2705 LoginView: login successful for verified@fashionistar.io (id=019d20c4-fa70-7640-8bcb-32c05f6f270d role=client)\n[INFO    ] security — SECURITY_AUDIT action=REQUEST req=e4b0f2d9-ae4a-4ca7-a8e3-cb3f037a82a0 device=fp:57efdd91ba75ee0012c0 session=- ip=127.0.0.1 method=POST path=/api/v1/auth/login/ status=200 duration_ms=39.5 user_id=anonymous role=anonymous ua='-' referrer=-
[INFO    ] apps.common.middleware \u2014 [POST] /api/v1/auth/login/ \u2192 200 in 39.8ms [req=e4b0f2d9-ae4a-4ca7-a8e3-cb3f037a82a0]\nPASSED                                                                   [  5%]
apps/authentication/tests/integration/test_login_endpoint.py::TestLoginFailures::test_wrong_password_returns_400 
------------------------------- live log setup --------------------------------
[INFO    ] apps.authentication.models — Saved UnifiedUser 019d20c4-fafe-7660-8e1c-a5e3278e9e24 [email] member_id=FASTAR000001
[INFO    ] apps.authentication.managers \u2014 \u2705 Created user: email=verified@fashionistar.io\n-------------------------------- live log call --------------------------------
[WARNING ] apps.authentication.serializers.auth \u2014 \u26d4 Login failed: wrong password for 'verified@fashionistar.io'\n[WARNING ] security — SECURITY_AUDIT action=PERMISSION_DENIED req=1b358a71-c062-452e-89f0-d42d86d3f728 device=fp:57efdd91ba75ee0012c0 session=- ip=127.0.0.1 method=POST path=/api/v1/auth/login/ status=401 duration_ms=7.6 user_id=anonymous role=anonymous ua='-' referrer=-
[INFO    ] apps.common.middleware \u2014 [POST] /api/v1/auth/login/ \u2192 401 in 8.6ms [req=1b358a71-c062-452e-89f0-d42d86d3f728]\nFAILED                                                                   [  6%]
apps/authentication/tests/integration/test_login_endpoint.py::TestLoginFailures::test_wrong_password_has_no_tokens 
------------------------------- live log setup --------------------------------
[INFO    ] apps.authentication.models — Saved UnifiedUser 019d20c4-fd34-75ef-a791-eb14872b5ebe [email] member_id=FASTAR000001
[INFO    ] apps.authentication.managers \u2014 \u2705 Created user: email=verified@fashionistar.io\n-------------------------------- live log call --------------------------------
[WARNING ] apps.authentication.serializers.auth \u2014 \u26d4 Login failed: wrong password for 'verified@fashionistar.io'\n[WARNING ] security — SECURITY_AUDIT action=PERMISSION_DENIED req=f8b140a9-d186-445a-beaf-17e6a0cf3c17 device=fp:57efdd91ba75ee0012c0 session=- ip=127.0.0.1 method=POST path=/api/v1/auth/login/ status=401 duration_ms=2.6 user_id=anonymous role=anonymous ua='-' referrer=-
[INFO    ] apps.common.middleware \u2014 [POST] /api/v1/auth/login/ \u2192 401 in 2.8ms [req=f8b140a9-d186-445a-beaf-17e6a0cf3c17]\nPASSED                                                                   [  7%]
apps/authentication/tests/integration/test_login_endpoint.py::TestLoginFailures::test_nonexistent_user_returns_400 
-------------------------------- live log call --------------------------------
[WARNING ] apps.authentication.serializers.auth \u2014 \u26d4 Login failed: user not found 'nobody@nowhere.com'\n[WARNING ] security — SECURITY_AUDIT action=PERMISSION_DENIED req=ffd24c1f-2a35-48ab-a33f-77c75ae807bd device=fp:57efdd91ba75ee0012c0 session=- ip=127.0.0.1 method=POST path=/api/v1/auth/login/ status=401 duration_ms=5.1 user_id=anonymous role=anonymous ua='-' referrer=-
[INFO    ] apps.common.middleware \u2014 [POST] /api/v1/auth/login/ \u2192 401 in 5.4ms [req=ffd24c1f-2a35-48ab-a33f-77c75ae807bd]\nFAILED                                                                   [  7%]
apps/authentication/tests/integration/test_login_endpoint.py::TestLoginFailures::test_unverified_user_returns_error 
------------------------------- live log setup --------------------------------
[INFO    ] apps.authentication.models — Saved UnifiedUser 019d20c4-fdc9-73aa-8fb5-e68de76c02cc [email] member_id=FASTAR000001
[INFO    ] apps.authentication.managers \u2014 \u2705 Created user: email=registered@fashionistar.io\n-------------------------------- live log call --------------------------------
[WARNING ] apps.authentication.serializers.auth \u2014 \u26d4 Login rejected: account not verified 'registered@fashionistar.io'\n[WARNING ] apps.authentication.apis.auth_views.sync_views \u2014 \u26d4 LoginView: unverified account attempt \u2014 registered@fashionistar.io\n[WARNING ] security — SECURITY_AUDIT action=PERMISSION_DENIED req=15aa66af-f201-414b-8c52-c9ea506a54f6 device=fp:57efdd91ba75ee0012c0 session=- ip=127.0.0.1 method=POST path=/api/v1/auth/login/ status=403 duration_ms=2.7 user_id=anonymous role=anonymous ua='-' referrer=-
[INFO    ] apps.common.middleware \u2014 [POST] /api/v1/auth/login/ \u2192 403 in 2.8ms [req=15aa66af-f201-414b-8c52-c9ea506a54f6]\nPASSED                                                                   [  8%]
apps/authentication/tests/integration/test_login_endpoint.py::TestLoginFailures::test_empty_payload_returns_400 
-------------------------------- live log call --------------------------------
[WARNING ] apps.authentication.apis.auth_views.sync_views \u2014 \u26a0\ufe0f LoginView validation error: {'email_or_phone': [ErrorDetail(string='This field is required.', code='required')], 'password': [ErrorDetail(string='This field is required.', code='required')]}\n[INFO    ] security — SECURITY_AUDIT action=CLIENT_ERROR req=29f88850-d5fe-4dca-bf6e-8c4fe37f1ab4 device=fp:57efdd91ba75ee0012c0 session=- ip=127.0.0.1 method=POST path=/api/v1/auth/login/ status=400 duration_ms=2.1 user_id=anonymous role=anonymous ua='-' referrer=-
[INFO    ] apps.common.middleware \u2014 [POST] /api/v1/auth/login/ \u2192 400 in 2.3ms [req=29f88850-d5fe-4dca-bf6e-8c4fe37f1ab4]\nPASSED                                                                   [  9%]
apps/authentication/tests/integration/test_login_endpoint.py::TestLoginFailures::test_missing_password_returns_400 
------------------------------- live log setup --------------------------------
[INFO    ] apps.authentication.models — Saved UnifiedUser 019d20c4-fe4c-774c-a161-d74197fd82a9 [email] member_id=FASTAR000001
[INFO    ] apps.authentication.managers \u2014 \u2705 Created user: email=verified@fashionistar.io\n-------------------------------- live log call --------------------------------
[WARNING ] apps.authentication.apis.auth_views.sync_views \u2014 \u26a0\ufe0f LoginView validation error: {'password': [ErrorDetail(string='This field is required.', code='required')]}\n[INFO    ] security — SECURITY_AUDIT action=CLIENT_ERROR req=bd4e824b-2c56-4d98-ab1e-4785ecb86938 device=fp:57efdd91ba75ee0012c0 session=- ip=127.0.0.1 method=POST path=/api/v1/auth/login/ status=400 duration_ms=2.7 user_id=anonymous role=anonymous ua='-' referrer=-
[INFO    ] apps.common.middleware \u2014 [POST] /api/v1/auth/login/ \u2192 400 in 3.0ms [req=bd4e824b-2c56-4d98-ab1e-4785ecb86938]\nPASSED                                                                   [  9%]
apps/authentication/tests/integration/test_login_endpoint.py::TestLoginFailures::test_missing_email_or_phone_returns_400 
-------------------------------- live log call --------------------------------
[WARNING ] apps.authentication.apis.auth_views.sync_views \u2014 \u26a0\ufe0f LoginView validation error: {'email_or_phone': [ErrorDetail(string='This field is required.', code='required')]}\n[INFO    ] security — SECURITY_AUDIT action=CLIENT_ERROR req=1402703b-ce76-4ea4-9cc8-fbcc12f87cd9 device=fp:57efdd91ba75ee0012c0 session=- ip=127.0.0.1 method=POST path=/api/v1/auth/login/ status=400 duration_ms=1.5 user_id=anonymous role=anonymous ua='-' referrer=-
[INFO    ] apps.common.middleware \u2014 [POST] /api/v1/auth/login/ \u2192 400 in 1.8ms [req=1402703b-ce76-4ea4-9cc8-fbcc12f87cd9]\nPASSED                                                                   [ 10%]
apps/authentication/tests/integration/test_login_endpoint.py::TestLogout::test_logout_blacklists_token 
------------------------------- live log setup --------------------------------
[INFO    ] apps.authentication.models — Saved UnifiedUser 019d20c4-fef9-7977-877f-7467b6f27790 [email] member_id=FASTAR000001
[INFO    ] apps.authentication.managers \u2014 \u2705 Created user: email=verified@fashionistar.io\n-------------------------------- live log call --------------------------------
[INFO    ] apps.authentication.apis.auth_views.sync_views — Logout: refresh token blacklisted — user_id=019d20c4-fef9-7977-877f-7467b6f27790
[INFO    ] security — SECURITY_AUDIT action=REQUEST req=26b386ba-f4b5-4c67-9257-e80ef7e4cc4b device=fp:57efdd91ba75ee0012c0 session=- ip=127.0.0.1 method=POST path=/api/v1/auth/logout/ status=200 duration_ms=6.8 user_id=019d20c4-fef9-7977-877f-7467b6f27790 role=client ua='-' referrer=-
[INFO    ] apps.common.middleware \u2014 [POST] /api/v1/auth/logout/ \u2192 200 in 7.0ms [req=26b386ba-f4b5-4c67-9257-e80ef7e4cc4b]\nPASSED                                                                   [ 10%]
apps/authentication/tests/integration/test_login_endpoint.py::TestLogout::test_logout_without_refresh_token_returns_400 
------------------------------- live log setup --------------------------------
[INFO    ] apps.authentication.models — Saved UnifiedUser 019d20c4-ff3f-7eaf-8971-c093673a5eb9 [email] member_id=FASTAR000001
[INFO    ] apps.authentication.managers \u2014 \u2705 Created user: email=verified@fashionistar.io\n-------------------------------- live log call --------------------------------
[INFO    ] security — SECURITY_AUDIT action=CLIENT_ERROR req=cb46ccd3-9b02-458d-a555-d23377583fb5 device=fp:57efdd91ba75ee0012c0 session=- ip=127.0.0.1 method=POST path=/api/v1/auth/logout/ status=400 duration_ms=1.7 user_id=019d20c4-ff3f-7eaf-8971-c093673a5eb9 role=client ua='-' referrer=-
[INFO    ] apps.common.middleware \u2014 [POST] /api/v1/auth/logout/ \u2192 400 in 2.2ms [req=cb46ccd3-9b02-458d-a555-d23377583fb5]\nPASSED                                                                   [ 11%]
apps/authentication/tests/integration/test_login_endpoint.py::TestLogout::test_double_logout_returns_400 
------------------------------- live log setup --------------------------------
[INFO    ] apps.authentication.models — Saved UnifiedUser 019d20c4-ff9c-78ee-9549-2927304f7fc6 [email] member_id=FASTAR000001
[INFO    ] apps.authentication.managers \u2014 \u2705 Created user: email=verified@fashionistar.io\n-------------------------------- live log call --------------------------------
[INFO    ] apps.authentication.apis.auth_views.sync_views — Logout: refresh token blacklisted — user_id=019d20c4-ff9c-78ee-9549-2927304f7fc6
[INFO    ] security — SECURITY_AUDIT action=REQUEST req=71495d5a-c421-44dd-8067-de8c7f39a76a device=fp:57efdd91ba75ee0012c0 session=- ip=127.0.0.1 method=POST path=/api/v1/auth/logout/ status=200 duration_ms=4.6 user_id=019d20c4-ff9c-78ee-9549-2927304f7fc6 role=client ua='-' referrer=-
[INFO    ] apps.common.middleware \u2014 [POST] /api/v1/auth/logout/ \u2192 200 in 4.9ms [req=71495d5a-c421-44dd-8067-de8c7f39a76a]\n[WARNING ] apps.authentication.apis.auth_views.sync_views — LogoutView TokenError user_id=019d20c4-ff9c-78ee-9549-2927304f7fc6: Token is blacklisted
[INFO    ] security — SECURITY_AUDIT action=CLIENT_ERROR req=ca893426-474e-49b8-af62-f09d0a98e31a device=fp:57efdd91ba75ee0012c0 session=- ip=127.0.0.1 method=POST path=/api/v1/auth/logout/ status=400 duration_ms=2.3 user_id=019d20c4-ff9c-78ee-9549-2927304f7fc6 role=client ua='-' referrer=-
[INFO    ] apps.common.middleware \u2014 [POST] /api/v1/auth/logout/ \u2192 400 in 2.5ms [req=ca893426-474e-49b8-af62-f09d0a98e31a]\nPASSED                                                                   [ 12%]
apps/authentication/tests/integration/test_login_endpoint.py::TestLogout::test_logout_requires_authentication 
-------------------------------- live log call --------------------------------
[WARNING ] security — SECURITY_AUDIT action=PERMISSION_DENIED req=67a15110-7644-4718-b191-d8aeff811129 code=not_authenticated
[WARNING ] security — SECURITY_AUDIT action=PERMISSION_DENIED req=67a15110-7644-4718-b191-d8aeff811129 device=fp:57efdd91ba75ee0012c0 session=- ip=127.0.0.1 method=POST path=/api/v1/auth/logout/ status=401 duration_ms=2.7 user_id=anonymous role=anonymous ua='-' referrer=-
[INFO    ] apps.common.middleware \u2014 [POST] /api/v1/auth/logout/ \u2192 401 in 2.9ms [req=67a15110-7644-4718-b191-d8aeff811129]\nPASSED                                                                   [ 12%]
apps/authentication/tests/integration/test_resend_otp_endpoint.py::TestResendOTPHappyPath::test_valid_email_resend_returns_200 
------------------------------- live log setup --------------------------------
[INFO    ] apps.authentication.models — Saved UnifiedUser 019d20c5-0031-7f3f-b36d-4c72496164b3 [email] member_id=FASTAR000001
[INFO    ] apps.authentication.managers \u2014 \u2705 Created user: email=registered@fashionistar.io\n-------------------------------- live log call --------------------------------
[INFO    ] apps.authentication.serializers.otp — ResendOTP validation successful for registered@fashionistar.io
[ERROR   ] apps.common.utils.redis — Redis connection error (attempt 1/3): This backend does not support this feature
[ERROR   ] apps.common.utils.redis — Redis connection error (attempt 2/3): This backend does not support this feature
[ERROR   ] apps.common.utils.redis — Redis connection error (attempt 3/3): This backend does not support this feature
[ERROR   ] apps.common.utils.redis — Max Redis connection retries reached. Redis unavailable.
[INFO    ] apps.authentication.services.otp.sync_service \u2014 \U0001f4e7 OTP resend email scheduled on_commit \u2192 Celery [user_id=019d20c5-0031-7f3f-b36d-4c72496164b3 email=registered@fashionistar.io]\n[INFO    ] apps.authentication.apis.auth_views.sync_views \u2014 \u2705 OTP resent for: registered@fashionistar.io\n[INFO    ] security — SECURITY_AUDIT action=REQUEST req=892fbbd8-c317-4970-9a40-cb4014f4de5b device=fp:57efdd91ba75ee0012c0 session=- ip=127.0.0.1 method=POST path=/api/v1/auth/resend-otp/ status=200 duration_ms=2011.6 user_id=anonymous role=anonymous ua='-' referrer=-
[INFO    ] apps.common.middleware \u2014 [POST] /api/v1/auth/resend-otp/ \u2192 200 in 2012.1ms [req=892fbbd8-c317-4970-9a40-cb4014f4de5b]\nPASSED                                                                   [ 13%]
apps/authentication/tests/integration/test_resend_otp_endpoint.py::TestResendOTPHappyPath::test_response_has_message_field 
------------------------------- live log setup --------------------------------
[INFO    ] apps.authentication.models — Saved UnifiedUser 019d20c5-088d-7632-b07c-b2d3f6666f58 [email] member_id=FASTAR000001
[INFO    ] apps.authentication.managers \u2014 \u2705 Created user: email=registered@fashionistar.io\n-------------------------------- live log call --------------------------------
[INFO    ] apps.authentication.serializers.otp — ResendOTP validation successful for registered@fashionistar.io
[ERROR   ] apps.common.utils.redis — Redis connection error (attempt 1/3): This backend does not support this feature
[ERROR   ] apps.common.utils.redis — Redis connection error (attempt 2/3): This backend does not support this feature
[ERROR   ] apps.common.utils.redis — Redis connection error (attempt 3/3): This backend does not support this feature
[ERROR   ] apps.common.utils.redis — Max Redis connection retries reached. Redis unavailable.
[INFO    ] apps.authentication.services.otp.sync_service \u2014 \U0001f4e7 OTP resend email scheduled on_commit \u2192 Celery [user_id=019d20c5-088d-7632-b07c-b2d3f6666f58 email=registered@fashionistar.io]\n[INFO    ] apps.authentication.apis.auth_views.sync_views \u2014 \u2705 OTP resent for: registered@fashionistar.io\n[INFO    ] security — SECURITY_AUDIT action=REQUEST req=3eb91c80-9962-4d1b-a28c-d41ff46d06d7 device=fp:57efdd91ba75ee0012c0 session=- ip=127.0.0.1 method=POST path=/api/v1/auth/resend-otp/ status=200 duration_ms=2009.7 user_id=anonymous role=anonymous ua='-' referrer=-
[INFO    ] apps.common.middleware \u2014 [POST] /api/v1/auth/resend-otp/ \u2192 200 in 2010.1ms [req=3eb91c80-9962-4d1b-a28c-d41ff46d06d7]\nPASSED                                                                   [ 14%]
apps/authentication/tests/integration/test_resend_otp_endpoint.py::TestResendOTPHappyPath::test_response_is_generic_non_enumerable 
------------------------------- live log setup --------------------------------
[INFO    ] apps.authentication.models — Saved UnifiedUser 019d20c5-10e7-7943-83bd-ca31e2f6e645 [email] member_id=FASTAR000001
[INFO    ] apps.authentication.managers \u2014 \u2705 Created user: email=registered@fashionistar.io\n-------------------------------- live log call --------------------------------
[INFO    ] apps.authentication.serializers.otp — ResendOTP validation successful for registered@fashionistar.io
[ERROR   ] apps.common.utils.redis — Redis connection error (attempt 1/3): This backend does not support this feature
[ERROR   ] apps.common.utils.redis — Redis connection error (attempt 2/3): This backend does not support this feature
[ERROR   ] apps.common.utils.redis — Redis connection error (attempt 3/3): This backend does not support this feature
[ERROR   ] apps.common.utils.redis — Max Redis connection retries reached. Redis unavailable.
[INFO    ] apps.authentication.services.otp.sync_service \u2014 \U0001f4e7 OTP resend email scheduled on_commit \u2192 Celery [user_id=019d20c5-10e7-7943-83bd-ca31e2f6e645 email=registered@fashionistar.io]\n[INFO    ] apps.authentication.apis.auth_views.sync_views \u2014 \u2705 OTP resent for: registered@fashionistar.io\n[INFO    ] security — SECURITY_AUDIT action=REQUEST req=330d451c-ab4a-42e7-915e-e91274ed76ed device=fp:57efdd91ba75ee0012c0 session=- ip=127.0.0.1 method=POST path=/api/v1/auth/resend-otp/ status=200 duration_ms=2008.0 user_id=anonymous role=anonymous ua='-' referrer=-
[INFO    ] apps.common.middleware \u2014 [POST] /api/v1/auth/resend-otp/ \u2192 200 in 2008.3ms [req=330d451c-ab4a-42e7-915e-e91274ed76ed]\nPASSED                                                                   [ 14%]
apps/authentication/tests/integration/test_resend_otp_endpoint.py::TestResendOTPHappyPath::test_otp_service_resend_called 
------------------------------- live log setup --------------------------------
[INFO    ] apps.authentication.models — Saved UnifiedUser 019d20c5-193c-7506-ab0d-37115f7cfd9a [email] member_id=FASTAR000001
[INFO    ] apps.authentication.managers \u2014 \u2705 Created user: email=registered@fashionistar.io\n-------------------------------- live log call --------------------------------
[INFO    ] apps.authentication.serializers.otp — ResendOTP validation successful for registered@fashionistar.io
[INFO    ] apps.authentication.apis.auth_views.sync_views \u2014 \u2705 OTP resent for: registered@fashionistar.io\n[INFO    ] security — SECURITY_AUDIT action=REQUEST req=ebda99f1-6da1-4928-8be5-1d6938cf3a07 device=fp:57efdd91ba75ee0012c0 session=- ip=127.0.0.1 method=POST path=/api/v1/auth/resend-otp/ status=200 duration_ms=2.5 user_id=anonymous role=anonymous ua='-' referrer=-
[INFO    ] apps.common.middleware \u2014 [POST] /api/v1/auth/resend-otp/ \u2192 200 in 2.6ms [req=ebda99f1-6da1-4928-8be5-1d6938cf3a07]\nPASSED                                                                   [ 15%]
apps/authentication/tests/integration/test_resend_otp_endpoint.py::TestResendOTPErrors::test_nonexistent_email_returns_400 
-------------------------------- live log call --------------------------------
[WARNING ] apps.authentication.serializers.otp — ResendOTP validation failed: no user for 'ghost@nobody.io'
[WARNING ] apps.authentication.apis.auth_views.sync_views \u2014 \u26a0\ufe0f ResendOTPView validation error: {'email_or_phone': [ErrorDetail(string='No account found with this email or phone. Please check your input or register a new account.', code='invalid')]}\n[INFO    ] security — SECURITY_AUDIT action=CLIENT_ERROR req=1959b3dd-75cf-49b5-bc7b-7c41ebadbeaa device=fp:57efdd91ba75ee0012c0 session=- ip=127.0.0.1 method=POST path=/api/v1/auth/resend-otp/ status=400 duration_ms=4.3 user_id=anonymous role=anonymous ua='-' referrer=-
[INFO    ] apps.common.middleware \u2014 [POST] /api/v1/auth/resend-otp/ \u2192 400 in 4.5ms [req=1959b3dd-75cf-49b5-bc7b-7c41ebadbeaa]\nPASSED                                                                   [ 16%]
apps/authentication/tests/integration/test_resend_otp_endpoint.py::TestResendOTPErrors::test_missing_email_or_phone_field_returns_400 
-------------------------------- live log call --------------------------------
[WARNING ] apps.authentication.apis.auth_views.sync_views \u2014 \u26a0\ufe0f ResendOTPView validation error: {'email_or_phone': [ErrorDetail(string='This field is required.', code='required')]}\n[INFO    ] security — SECURITY_AUDIT action=CLIENT_ERROR req=1d43bfdf-8935-43cb-be24-c5d4f0008fb7 device=fp:57efdd91ba75ee0012c0 session=- ip=127.0.0.1 method=POST path=/api/v1/auth/resend-otp/ status=400 duration_ms=2.3 user_id=anonymous role=anonymous ua='-' referrer=-
[INFO    ] apps.common.middleware \u2014 [POST] /api/v1/auth/resend-otp/ \u2192 400 in 2.8ms [req=1d43bfdf-8935-43cb-be24-c5d4f0008fb7]\nPASSED                                                                   [ 16%]
apps/authentication/tests/integration/test_resend_otp_endpoint.py::TestResendOTPErrors::test_invalid_email_format_returns_400 
-------------------------------- live log call --------------------------------
[WARNING ] apps.authentication.serializers.otp — ResendOTP validation failed: no user for 'not-an-email-or-phone'
[WARNING ] apps.authentication.apis.auth_views.sync_views \u2014 \u26a0\ufe0f ResendOTPView validation error: {'email_or_phone': [ErrorDetail(string='No account found with this email or phone. Please check your input or register a new account.', code='invalid')]}\n[INFO    ] security — SECURITY_AUDIT action=CLIENT_ERROR req=bb09a327-b63d-4fe0-b91d-8b7a4e2b983a device=fp:57efdd91ba75ee0012c0 session=- ip=127.0.0.1 method=POST path=/api/v1/auth/resend-otp/ status=400 duration_ms=7.2 user_id=anonymous role=anonymous ua='-' referrer=-
[INFO    ] apps.common.middleware \u2014 [POST] /api/v1/auth/resend-otp/ \u2192 400 in 8.0ms [req=bb09a327-b63d-4fe0-b91d-8b7a4e2b983a]\nPASSED                                                                   [ 17%]
apps/authentication/tests/integration/test_verify_otp_endpoint.py::TestVerifyOTPHappyPath::test_valid_otp_returns_200 
------------------------------- live log setup --------------------------------
[INFO    ] apps.authentication.models — Saved UnifiedUser 019d20c5-1abd-7aa1-8eef-7e4ea1879164 [email] member_id=FASTAR000001
[INFO    ] apps.authentication.managers \u2014 \u2705 Created user: email=registered@fashionistar.io\n-------------------------------- live log call --------------------------------
[INFO    ] apps.authentication.serializers.auth — OTP validation successful.
[INFO    ] apps.authentication.models — Details updated for user: registered@fashionistar.io
[INFO    ] apps.authentication.models — Saved UnifiedUser 019d20c5-1abd-7aa1-8eef-7e4ea1879164 [email] member_id=FASTAR000001
[INFO    ] apps.authentication.apis.auth_views.sync_views \u2014 \u2705 Account verified: id=019d20c5-1abd-7aa1-8eef-7e4ea1879164 identifier=registered@fashionistar.io\n[INFO    ] apps.authentication.models — Details updated for user: registered@fashionistar.io
[INFO    ] apps.authentication.models — Saved UnifiedUser 019d20c5-1abd-7aa1-8eef-7e4ea1879164 [email] member_id=FASTAR000001
[INFO    ] security — SECURITY_AUDIT action=REQUEST req=903e16e7-2a14-4242-a40b-b01a30cb74f0 device=fp:57efdd91ba75ee0012c0 session=- ip=127.0.0.1 method=POST path=/api/v1/auth/verify-otp/ status=200 duration_ms=24.3 user_id=anonymous role=anonymous ua='-' referrer=-
[INFO    ] apps.common.middleware \u2014 [POST] /api/v1/auth/verify-otp/ \u2192 200 in 24.6ms [req=903e16e7-2a14-4242-a40b-b01a30cb74f0]\nPASSED                                                                   [ 18%]
apps/authentication/tests/integration/test_verify_otp_endpoint.py::TestVerifyOTPHappyPath::test_response_contains_access_token 
------------------------------- live log setup --------------------------------
[INFO    ] apps.authentication.models — Saved UnifiedUser 019d20c5-1b34-7e58-abd6-0d8ad19e9f7e [email] member_id=FASTAR000001
[INFO    ] apps.authentication.managers \u2014 \u2705 Created user: email=registered@fashionistar.io\n-------------------------------- live log call --------------------------------
[INFO    ] apps.authentication.serializers.auth — OTP validation successful.
[INFO    ] apps.authentication.models — Details updated for user: registered@fashionistar.io
[INFO    ] apps.authentication.models — Saved UnifiedUser 019d20c5-1b34-7e58-abd6-0d8ad19e9f7e [email] member_id=FASTAR000001
[INFO    ] apps.authentication.apis.auth_views.sync_views \u2014 \u2705 Account verified: id=019d20c5-1b34-7e58-abd6-0d8ad19e9f7e identifier=registered@fashionistar.io\n[INFO    ] apps.authentication.models — Details updated for user: registered@fashionistar.io
[INFO    ] apps.authentication.models — Saved UnifiedUser 019d20c5-1b34-7e58-abd6-0d8ad19e9f7e [email] member_id=FASTAR000001
[INFO    ] security — SECURITY_AUDIT action=REQUEST req=5b52515f-85ae-4ccd-b53a-5ea1f2c032f3 device=fp:57efdd91ba75ee0012c0 session=- ip=127.0.0.1 method=POST path=/api/v1/auth/verify-otp/ status=200 duration_ms=56.4 user_id=anonymous role=anonymous ua='-' referrer=-
[...]
_____________ TestValidationErrors.test_both_email_and_phone_400 ______________
apps\authentication\tests\test_registration.py:210: in test_both_email_and_phone_400
    assert r.status_code == status.HTTP_400_BAD_REQUEST
E   assert 500 == 400
E    +  where 500 = <Response status_code=500, "application/json">.status_code
E    +  and   400 = status.HTTP_400_BAD_REQUEST
---------------------------- Captured stdout call -----------------------------
[ERROR   ] apps.common.exceptions \u2014 Unhandled exception in API: cannot access local variable 'SoftDeletedUserExistsError' where it is not associated with a value\nTraceback (most recent call last):\n  File "C:\\Users\\fashi\\OneDrive\\Documenti\\FASHIONISTAR_ANTAGRAVITY\\fashionistar_backend\\apps\\authentication\\serializers\\auth.py", line 253, in validate\n    raise serializers.ValidationError({\n    ...<4 lines>...\n    })\nrest_framework.exceptions.ValidationError: {'non_field_errors': [ErrorDetail(string='Please provide either an email address or a phone number, not both.', code='invalid')]}\n\nDuring handling of the above exception, another exception occurred:\n\nTraceback (most recent call last):\n  File "C:\\Users\\fashi\\OneDrive\\Documenti\\FASHIONISTAR_ANTAGRAVITY\\fashionistar_backend\\.venv\\Lib\\site-packages\\rest_framework\\views.py", line 512, in dispatch\n    response = handler(request, *args, **kwargs)\n  File "C:\\Users\\fashi\\OneDrive\\Documenti\\FASHIONISTAR_ANTAGRAVITY\\fashionistar_backend\\.venv\\Lib\\site-packages\\rest_framework\\generics.py", line 194, in post\n    return self.create(request, *args, **kwargs)\n           ~~~~~~~~~~~^^^^^^^^^^^^^^^^^^^^^^^^^^\n  File "C:\\Users\\fashi\\OneDrive\\Documenti\\FASHIONISTAR_ANTAGRAVITY\\fashionistar_backend\\apps\\authentication\\apis\\auth_views\\sync_views.py", line 105, in create\n    serializer.is_valid(raise_exception=True)\n    ~~~~~~~~~~~~~~~~~~~^^^^^^^^^^^^^^^^^^^^^^\n  File "C:\\Users\\fashi\\OneDrive\\Documenti\\FASHIONISTAR_ANTAGRAVITY\\fashionistar_backend\\.venv\\Lib\\site-packages\\rest_framework\\serializers.py", line 225, in is_valid\n    self._validated_data = self.run_validation(self.initial_data)\n                           ~~~~~~~~~~~~~~~~~~~^^^^^^^^^^^^^^^^^^^\n  File "C:\\Users\\fashi\\OneDrive\\Documenti\\FASHIONISTAR_ANTAGRAVITY\\fashionistar_backend\\.venv\\Lib\\site-packages\\rest_framework\\serializers.py", line 447, in run_validation\n    value = self.validate(value)\n  File "C:\\Users\\fashi\\OneDrive\\Documenti\\FASHIONISTAR_ANTAGRAVITY\\fashionistar_backend\\apps\\authentication\\serializers\\auth.py", line 308, in validate\n    except (serializers.ValidationError, SoftDeletedUserExistsError):\n                                         ^^^^^^^^^^^^^^^^^^^^^^^^^^\nUnboundLocalError: cannot access local variable 'SoftDeletedUserExistsError' where it is not associated with a value\n[ERROR   ] security \u2014 SECURITY_AUDIT action=SERVER_ERROR req=93e28cf1-b867-48d1-ab51-5713bbc2e29f error="cannot access local variable 'SoftDeletedUserExistsError' where it is not associated with a value"\n[ERROR   ] security \u2014 SECURITY_AUDIT action=SERVER_ERROR req=93e28cf1-b867-48d1-ab51-5713bbc2e29f device=fp:57efdd91ba75ee0012c0 session=- ip=127.0.0.1 method=POST path=/api/v1/auth/register/ status=500 duration_ms=6.1 user_id=anonymous role=anonymous ua='-' referrer=-\n[INFO    ] apps.common.middleware \u2014 [POST] /api/v1/auth/register/ \u2192 500 in 6.3ms [req=93e28cf1-b867-48d1-ab51-5713bbc2e29f]
------------------------------ Captured log call ------------------------------
ERROR    apps.common.exceptions:exceptions.py:303 Unhandled exception in API: cannot access local variable 'SoftDeletedUserExistsError' where it is not associated with a value\nTraceback (most recent call last):\n  File "C:\\Users\\fashi\\OneDrive\\Documenti\\FASHIONISTAR_ANTAGRAVITY\\fashionistar_backend\\apps\\authentication\\serializers\\auth.py", line 253, in validate\n    raise serializers.ValidationError({\n    ...<4 lines>...\n    })\nrest_framework.exceptions.ValidationError: {'non_field_errors': [ErrorDetail(string='Please provide either an email address or a phone number, not both.', code='invalid')]}\n\nDuring handling of the above exception, another exception occurred:\n\nTraceback (most recent call last):\n  File "C:\\Users\\fashi\\OneDrive\\Documenti\\FASHIONISTAR_ANTAGRAVITY\\fashionistar_backend\\.venv\\Lib\\site-packages\\rest_framework\\views.py", line 512, in dispatch\n    response = handler(request, *args, **kwargs)\n  File "C:\\Users\\fashi\\OneDrive\\Documenti\\FASHIONISTAR_ANTAGRAVITY\\fashionistar_backend\\.venv\\Lib\\site-packages\\rest_framework\\generics.py", line 194, in post\n    return self.create(request, *args, **kwargs)\n           ~~~~~~~~~~~^^^^^^^^^^^^^^^^^^^^^^^^^^\n  File "C:\\Users\\fashi\\OneDrive\\Documenti\\FASHIONISTAR_ANTAGRAVITY\\fashionistar_backend\\apps\\authentication\\apis\\auth_views\\sync_views.py", line 105, in create\n    serializer.is_valid(raise_exception=True)\n    ~~~~~~~~~~~~~~~~~~~^^^^^^^^^^^^^^^^^^^^^^\n  File "C:\\Users\\fashi\\OneDrive\\Documenti\\FASHIONISTAR_ANTAGRAVITY\\fashionistar_backend\\.venv\\Lib\\site-packages\\rest_framework\\serializers.py", line 225, in is_valid\n    self._validated_data = self.run_validation(self.initial_data)\n                           ~~~~~~~~~~~~~~~~~~~^^^^^^^^^^^^^^^^^^^\n  File "C:\\Users\\fashi\\OneDrive\\Documenti\\FASHIONISTAR_ANTAGRAVITY\\fashionistar_backend\\.venv\\Lib\\site-packages\\rest_framework\\serializers.py", line 447, in run_validation\n    value = self.validate(value)\n  File "C:\\Users\\fashi\\OneDrive\\Documenti\\FASHIONISTAR_ANTAGRAVITY\\fashionistar_backend\\apps\\authentication\\serializers\\auth.py", line 308, in validate\n    except (serializers.ValidationError, SoftDeletedUserExistsError):\n                                         ^^^^^^^^^^^^^^^^^^^^^^^^^^\nUnboundLocalError: cannot access local variable 'SoftDeletedUserExistsError' where it is not associated with a value\nERROR    security:exceptions.py:307 SECURITY_AUDIT action=SERVER_ERROR req=93e28cf1-b867-48d1-ab51-5713bbc2e29f error="cannot access local variable 'SoftDeletedUserExistsError' where it is not associated with a value"\nERROR    security:middleware.py:342 SECURITY_AUDIT action=SERVER_ERROR req=93e28cf1-b867-48d1-ab51-5713bbc2e29f device=fp:57efdd91ba75ee0012c0 session=- ip=127.0.0.1 method=POST path=/api/v1/auth/register/ status=500 duration_ms=6.1 user_id=anonymous role=anonymous ua='-' referrer=-\nINFO     apps.common.middleware:middleware.py:147 [POST] /api/v1/auth/register/ \u2192 500 in 6.3ms [req=93e28cf1-b867-48d1-ab51-5713bbc2e29f]
________________ TestLoginSerializer.test_wrong_password_fails ________________
apps\authentication\tests\unit\test_serializers.py:216: in test_wrong_password_fails
    assert not s.is_valid()
               ^^^^^^^^^^^^
.venv\Lib\site-packages\rest_framework\serializers.py:225: in is_valid
    self._validated_data = self.run_validation(self.initial_data)
                           ^^^^^^^^^^^^^^^^^^^^^^^^^^^^^^^^^^^^^^
.venv\Lib\site-packages\rest_framework\serializers.py:447: in run_validation
    value = self.validate(value)
            ^^^^^^^^^^^^^^^^^^^^
apps\authentication\serializers\auth.py:143: in validate
    raise InvalidCredentialsError()
E   apps.authentication.exceptions.InvalidCredentialsError: Invalid credentials. Please check your email/phone and password and try again.
---------------------------- Captured stdout setup ----------------------------
[INFO    ] apps.authentication.models \u2014 Saved UnifiedUser 019d20c5-3059-7681-9cc9-f3a0ad0ab5ca [email] member_id=FASTAR000001\n[INFO    ] apps.authentication.managers \u2014 \u2705 Created user: email=verified@fashionistar.io
----------------------------- Captured log setup ------------------------------
INFO     apps.authentication.models:models.py:582 Saved UnifiedUser 019d20c5-3059-7681-9cc9-f3a0ad0ab5ca [email] member_id=FASTAR000001\nINFO     apps.authentication.managers:managers.py:146 \u2705 Created user: email=verified@fashionistar.io
---------------------------- Captured stdout call -----------------------------
[WARNING ] apps.authentication.serializers.auth \u2014 \u26d4 Login failed: wrong password for 'verified@fashionistar.io'
------------------------------ Captured log call ------------------------------
WARNING  apps.authentication.serializers.auth:auth.py:140 \u26d4 Login failed: wrong password for 'verified@fashionistar.io'
______________ TestLoginSerializer.test_non_existent_user_fails _______________
apps\authentication\tests\unit\test_serializers.py:224: in test_non_existent_user_fails
    assert not s.is_valid()
               ^^^^^^^^^^^^
.venv\Lib\site-packages\rest_framework\serializers.py:225: in is_valid
    self._validated_data = self.run_validation(self.initial_data)
                           ^^^^^^^^^^^^^^^^^^^^^^^^^^^^^^^^^^^^^^
.venv\Lib\site-packages\rest_framework\serializers.py:447: in run_validation
    value = self.validate(value)
            ^^^^^^^^^^^^^^^^^^^^
apps\authentication\serializers\auth.py:136: in validate
    raise InvalidCredentialsError()
E   apps.authentication.exceptions.InvalidCredentialsError: Invalid credentials. Please check your email/phone and password and try again.
---------------------------- Captured stdout call -----------------------------
[WARNING ] apps.authentication.serializers.auth \u2014 \u26d4 Login failed: user not found 'nobody@nowhere.com'
------------------------------ Captured log call ------------------------------
WARNING  apps.authentication.serializers.auth:auth.py:135 \u26d4 Login failed: user not found 'nobody@nowhere.com'
_____________ TestLoginSerializer.test_inactive_user_cannot_login _____________
apps\authentication\tests\unit\test_serializers.py:232: in test_inactive_user_cannot_login
    assert not s.is_valid()
               ^^^^^^^^^^^^
.venv\Lib\site-packages\rest_framework\serializers.py:225: in is_valid
    self._validated_data = self.run_validation(self.initial_data)
                           ^^^^^^^^^^^^^^^^^^^^^^^^^^^^^^^^^^^^^^
.venv\Lib\site-packages\rest_framework\serializers.py:447: in run_validation
    value = self.validate(value)
            ^^^^^^^^^^^^^^^^^^^^
apps\authentication\serializers\auth.py:150: in validate
    raise AccountNotVerifiedError()
E   apps.authentication.exceptions.AccountNotVerifiedError: Your account has not been verified yet. Please check your email or phone for the OTP code we sent during registration. Verify your account here: http://fashionistar.net/verify-otp — or request a new code here: http://fashionistar.net/resend-otp
---------------------------- Captured stdout setup ----------------------------
[INFO    ] apps.authentication.models \u2014 Saved UnifiedUser 019d20c5-30bf-7940-814f-d81ad1778cd9 [email] member_id=FASTAR000001\n[INFO    ] apps.authentication.managers \u2014 \u2705 Created user: email=registered@fashionistar.io
----------------------------- Captured log setup ------------------------------
INFO     apps.authentication.models:models.py:582 Saved UnifiedUser 019d20c5-30bf-7940-814f-d81ad1778cd9 [email] member_id=FASTAR000001\nINFO     apps.authentication.managers:managers.py:146 \u2705 Created user: email=registered@fashionistar.io
---------------------------- Captured stdout call -----------------------------
[WARNING ] apps.authentication.serializers.auth \u2014 \u26d4 Login rejected: account not verified 'registered@fashionistar.io'
------------------------------ Captured log call ------------------------------
WARNING  apps.authentication.serializers.auth:auth.py:147 \u26d4 Login rejected: account not verified 'registered@fashionistar.io'
_______ TestUserRegistrationSerializer.test_valid_email_payload_passes ________
apps\authentication\tests\unit\test_serializers.py:53: in test_valid_email_payload_passes
    with patch(
C:\Python314\Lib\unittest\mock.py:1487: in __enter__
    self.target = self.getter()
                  ^^^^^^^^^^^^^
C:\Python314\Lib\pkgutil.py:473: in resolve_name
    result = getattr(result, p)
             ^^^^^^^^^^^^^^^^^^
E   AttributeError: module 'apps.authentication.serializers' has no attribute 'UnifiedUser'
________ TestUserRegistrationSerializer.test_password_mismatch_raises _________
apps\authentication\serializers\auth.py:234: in validate
    raise serializers.ValidationError(
E   rest_framework.exceptions.ValidationError: {'password': ErrorDetail(string='Passwords do not match.', code='invalid')}

During handling of the above exception, another exception occurred:
apps\authentication\tests\unit\test_serializers.py:72: in test_password_mismatch_raises
    assert not s.is_valid()
               ^^^^^^^^^^^^
.venv\Lib\site-packages\rest_framework\serializers.py:225: in is_valid
    self._validated_data = self.run_validation(self.initial_data)
                           ^^^^^^^^^^^^^^^^^^^^^^^^^^^^^^^^^^^^^^
.venv\Lib\site-packages\rest_framework\serializers.py:447: in run_validation
    value = self.validate(value)
            ^^^^^^^^^^^^^^^^^^^^
apps\authentication\serializers\auth.py:308: in validate
    except (serializers.ValidationError, SoftDeletedUserExistsError):
                                         ^^^^^^^^^^^^^^^^^^^^^^^^^^
E   UnboundLocalError: cannot access local variable 'SoftDeletedUserExistsError' where it is not associated with a value
---------------------------- Captured stdout call -----------------------------
[WARNING ] apps.authentication.serializers.auth — Registration failed: Passwords do not match.
------------------------------ Captured log call ------------------------------
WARNING  apps.authentication.serializers.auth:auth.py:233 Registration failed: Passwords do not match.
______ TestUserRegistrationSerializer.test_both_email_and_phone_rejected ______
apps\authentication\tests\unit\test_serializers.py:76: in test_both_email_and_phone_rejected
    with patch(
C:\Python314\Lib\unittest\mock.py:1487: in __enter__
    self.target = self.getter()
                  ^^^^^^^^^^^^^
C:\Python314\Lib\pkgutil.py:473: in resolve_name
    result = getattr(result, p)
             ^^^^^^^^^^^^^^^^^^
E   AttributeError: module 'apps.authentication.serializers' has no attribute 'UnifiedUser'
____ TestUserRegistrationSerializer.test_neither_email_nor_phone_rejected _____
apps\authentication\serializers\auth.py:261: in validate
    raise serializers.ValidationError({
E   rest_framework.exceptions.ValidationError: {'non_field_errors': [ErrorDetail(string='Please provide either an email address or a phone number; one is required.', code='invalid')]}

During handling of the above exception, another exception occurred:
apps\authentication\tests\unit\test_serializers.py:97: in test_neither_email_nor_phone_rejected
    assert not s.is_valid()
               ^^^^^^^^^^^^
.venv\Lib\site-packages\rest_framework\serializers.py:225: in is_valid
    self._validated_data = self.run_validation(self.initial_data)
                           ^^^^^^^^^^^^^^^^^^^^^^^^^^^^^^^^^^^^^^
.venv\Lib\site-packages\rest_framework\serializers.py:447: in run_validation
    value = self.validate(value)
            ^^^^^^^^^^^^^^^^^^^^
apps\authentication\serializers\auth.py:308: in validate
    except (serializers.ValidationError, SoftDeletedUserExistsError):
                                         ^^^^^^^^^^^^^^^^^^^^^^^^^^
E   UnboundLocalError: cannot access local variable 'SoftDeletedUserExistsError' where it is not associated with a value
__________ TestUserRegistrationSerializer.test_vendor_role_accepted ___________
apps\authentication\tests\unit\test_serializers.py:120: in test_vendor_role_accepted
    with patch(
C:\Python314\Lib\unittest\mock.py:1487: in __enter__
    self.target = self.getter()
                  ^^^^^^^^^^^^^
C:\Python314\Lib\pkgutil.py:473: in resolve_name
    result = getattr(result, p)
             ^^^^^^^^^^^^^^^^^^
E   AttributeError: module 'apps.authentication.serializers' has no attribute 'UnifiedUser'
_ TestUserRegistrationSerializer.test_duplicate_email_returns_email_field_error _
apps\authentication\tests\unit\test_serializers.py:134: in test_duplicate_email_returns_email_field_error
    with patch(
C:\Python314\Lib\unittest\mock.py:1487: in __enter__
    self.target = self.getter()
                  ^^^^^^^^^^^^^
C:\Python314\Lib\pkgutil.py:473: in resolve_name
    result = getattr(result, p)
             ^^^^^^^^^^^^^^^^^^
E   AttributeError: module 'apps.authentication.serializers' has no attribute 'UnifiedUser'
_ TestUserRegistrationSerializer.test_email_normalized_before_uniqueness_check _
apps\authentication\tests\unit\test_serializers.py:152: in test_email_normalized_before_uniqueness_check
    with patch(
C:\Python314\Lib\unittest\mock.py:1487: in __enter__
    self.target = self.getter()
                  ^^^^^^^^^^^^^
C:\Python314\Lib\pkgutil.py:473: in resolve_name
    result = getattr(result, p)
             ^^^^^^^^^^^^^^^^^^
E   AttributeError: module 'apps.authentication.serializers' has no attribute 'UnifiedUser'
_____ TestUserRegistrationSerializer.test_empty_email_normalized_to_none ______
apps\authentication\tests\unit\test_serializers.py:171: in test_empty_email_normalized_to_none
    with patch(
C:\Python314\Lib\unittest\mock.py:1487: in __enter__
    self.target = self.getter()
                  ^^^^^^^^^^^^^
C:\Python314\Lib\pkgutil.py:473: in resolve_name
    result = getattr(result, p)
             ^^^^^^^^^^^^^^^^^^
E   AttributeError: module 'apps.authentication.serializers' has no attribute 'UnifiedUser'
=========================== short test summary info ===========================
FAILED apps/authentication/tests/integration/test_login_endpoint.py::TestLoginFailures::test_wrong_password_returns_400
FAILED apps/authentication/tests/integration/test_login_endpoint.py::TestLoginFailures::test_nonexistent_user_returns_400
FAILED apps/authentication/tests/test_registration.py::TestValidationErrors::test_password_mismatch_400
FAILED apps/authentication/tests/test_registration.py::TestValidationErrors::test_missing_email_and_phone_400
FAILED apps/authentication/tests/test_registration.py::TestValidationErrors::test_both_email_and_phone_400
FAILED apps/authentication/tests/unit/test_serializers.py::TestLoginSerializer::test_wrong_password_fails
FAILED apps/authentication/tests/unit/test_serializers.py::TestLoginSerializer::test_non_existent_user_fails
FAILED apps/authentication/tests/unit/test_serializers.py::TestLoginSerializer::test_inactive_user_cannot_login
FAILED apps/authentication/tests/unit/test_serializers.py::TestUserRegistrationSerializer::test_valid_email_payload_passes
FAILED apps/authentication/tests/unit/test_serializers.py::TestUserRegistrationSerializer::test_password_mismatch_raises
FAILED apps/authentication/tests/unit/test_serializers.py::TestUserRegistrationSerializer::test_both_email_and_phone_rejected
FAILED apps/authentication/tests/unit/test_serializers.py::TestUserRegistrationSerializer::test_neither_email_nor_phone_rejected
FAILED apps/authentication/tests/unit/test_serializers.py::TestUserRegistrationSerializer::test_vendor_role_accepted
FAILED apps/authentication/tests/unit/test_serializers.py::TestUserRegistrationSerializer::test_duplicate_email_returns_email_field_error
FAILED apps/authentication/tests/unit/test_serializers.py::TestUserRegistrationSerializer::test_email_normalized_before_uniqueness_check
FAILED apps/authentication/tests/unit/test_serializers.py::TestUserRegistrationSerializer::test_empty_email_normalized_to_none
======================= 16 failed, 139 passed in 36.44s =======================
