<?xml version="1.0" encoding="utf-8"?><testsuites name="pytest tests"><testsuite name="pytest" errors="0" failures="7" skipped="0" tests="25" time="21.551" timestamp="2026-03-24T18:23:39.508852+01:00" hostname="FASHIONISTAR"><testcase classname="apps.authentication.tests.unit.test_serializers.TestLoginSerializer" name="test_valid_email_login_passes" time="12.475" /><testcase classname="apps.authentication.tests.unit.test_serializers.TestLoginSerializer" name="test_wrong_password_fails" time="2.168"><failure message="apps.authentication.exceptions.InvalidCredentialsError: Invalid credentials. Please check your email/phone and password and try again.">apps\authentication\tests\unit\test_serializers.py:216: in test_wrong_password_fails
    assert not s.is_valid()
               ^^^^^^^^^^^^
.venv\Lib\site-packages\rest_framework\serializers.py:225: in is_valid
    self._validated_data = self.run_validation(self.initial_data)
                           ^^^^^^^^^^^^^^^^^^^^^^^^^^^^^^^^^^^^^^
.venv\Lib\site-packages\rest_framework\serializers.py:447: in run_validation
    value = self.validate(value)
            ^^^^^^^^^^^^^^^^^^^^
apps\authentication\serializers\auth.py:143: in validate
    raise InvalidCredentialsError()
E   apps.authentication.exceptions.InvalidCredentialsError: Invalid credentials. Please check your email/phone and password and try again.</failure></testcase><testcase classname="apps.authentication.tests.unit.test_serializers.TestLoginSerializer" name="test_non_existent_user_fails" time="0.018"><failure message="apps.authentication.exceptions.InvalidCredentialsError: Invalid credentials. Please check your email/phone and password and try again.">apps\authentication\tests\unit\test_serializers.py:224: in test_non_existent_user_fails
    assert not s.is_valid()
               ^^^^^^^^^^^^
.venv\Lib\site-packages\rest_framework\serializers.py:225: in is_valid
    self._validated_data = self.run_validation(self.initial_data)
                           ^^^^^^^^^^^^^^^^^^^^^^^^^^^^^^^^^^^^^^
.venv\Lib\site-packages\rest_framework\serializers.py:447: in run_validation
    value = self.validate(value)
            ^^^^^^^^^^^^^^^^^^^^
apps\authentication\serializers\auth.py:136: in validate
    raise InvalidCredentialsError()
E   apps.authentication.exceptions.InvalidCredentialsError: Invalid credentials. Please check your email/phone and password and try again.</failure></testcase><testcase classname="apps.authentication.tests.unit.test_serializers.TestLoginSerializer" name="test_inactive_user_cannot_login" time="2.603"><failure message="apps.authentication.exceptions.AccountNotVerifiedError: Your account has not been verified yet. Please check your email or phone for the OTP code we sent during registration. Verify your account here: http://fashionistar.net/verify-otp — or request a new code here: http://fashionistar.net/resend-otp">apps\authentication\tests\unit\test_serializers.py:232: in test_inactive_user_cannot_login
    assert not s.is_valid()
               ^^^^^^^^^^^^
.venv\Lib\site-packages\rest_framework\serializers.py:225: in is_valid
    self._validated_data = self.run_validation(self.initial_data)
                           ^^^^^^^^^^^^^^^^^^^^^^^^^^^^^^^^^^^^^^
.venv\Lib\site-packages\rest_framework\serializers.py:447: in run_validation
    value = self.validate(value)
            ^^^^^^^^^^^^^^^^^^^^
apps\authentication\serializers\auth.py:150: in validate
    raise AccountNotVerifiedError()
E   apps.authentication.exceptions.AccountNotVerifiedError: Your account has not been verified yet. Please check your email or phone for the OTP code we sent during registration. Verify your account here: http://fashionistar.net/verify-otp — or request a new code here: http://fashionistar.net/resend-otp</failure></testcase><testcase classname="apps.authentication.tests.unit.test_serializers.TestLoginSerializer" name="test_validated_data_contains_user_object" time="2.051" /><testcase classname="apps.authentication.tests.unit.test_serializers.TestResendOTPRequestSerializer" name="test_valid_existing_email_passes" time="0.965" /><testcase classname="apps.authentication.tests.unit.test_serializers.TestResendOTPRequestSerializer" name="test_nonexistent_email_fails" time="0.008" /><testcase classname="apps.authentication.tests.unit.test_serializers.TestResendOTPRequestSerializer" name="test_missing_field_fails" time="0.005" /><testcase classname="apps.authentication.tests.unit.test_serializers.TestUserRegistrationSerializer" name="test_valid_email_payload_passes" time="0.010"><failure message="AssertionError: {'non_field_errors': [ErrorDetail(string='An error occurred during validation.', code='invalid')]}&#10;assert False&#10; +  where False = is_valid()&#10; +    where is_valid = UserRegistrationSerializer(data={'email': 'valid@fashionistar-test.io', 'password': 'SecurePass123!', 'password2': 'SecurePass123!', 'role': 'client'}):\n    email = EmailField(allow_blank=True, help_text=&quot;User's email address&quot;, required=False)\n    phone = PhoneNumberField(allow_blank=True, help_text=&quot;User's phone number&quot;, required=False)\n    role = ChoiceField(choices=[('vendor', 'Vendor'), ('client', 'Client')], help_text=&quot;User's role: 'vendor' or 'client'&quot;)\n    password = CharField(help_text=&quot;User's password&quot;, required=True, style={'input_type': 'password'}, validators=[&lt;function validate_password&gt;], write_only=True)\n    password2 = CharField(help_text=&quot;Confirm user's password&quot;, required=True, style={'input_type': 'password'}, write_only=True).is_valid">apps\authentication\tests\unit\test_serializers.py:63: in test_valid_email_payload_passes
    assert s.is_valid(), s.errors
E   AssertionError: {'non_field_errors': [ErrorDetail(string='An error occurred during validation.', code='invalid')]}
E   assert False
E    +  where False = is_valid()
E    +    where is_valid = UserRegistrationSerializer(data={'email': 'valid@fashionistar-test.io', 'password': 'SecurePass123!', 'password2': 'SecurePass123!', 'role': 'client'}):\n    email = EmailField(allow_blank=True, help_text="User's email address", required=False)\n    phone = PhoneNumberField(allow_blank=True, help_text="User's phone number", required=False)\n    role = ChoiceField(choices=[('vendor', 'Vendor'), ('client', 'Client')], help_text="User's role: 'vendor' or 'client'")\n    password = CharField(help_text="User's password", required=True, style={'input_type': 'password'}, validators=[&lt;function validate_password&gt;], write_only=True)\n    password2 = CharField(help_text="Confirm user's password", required=True, style={'input_type': 'password'}, write_only=True).is_valid</failure></testcase><testcase classname="apps.authentication.tests.unit.test_serializers.TestUserRegistrationSerializer" name="test_password_mismatch_raises" time="0.004" /><testcase classname="apps.authentication.tests.unit.test_serializers.TestUserRegistrationSerializer" name="test_both_email_and_phone_rejected" time="0.010" /><testcase classname="apps.authentication.tests.unit.test_serializers.TestUserRegistrationSerializer" name="test_neither_email_nor_phone_rejected" time="0.004" /><testcase classname="apps.authentication.tests.unit.test_serializers.TestUserRegistrationSerializer" name="test_admin_role_rejected" time="0.004" /><testcase classname="apps.authentication.tests.unit.test_serializers.TestUserRegistrationSerializer" name="test_staff_role_rejected" time="0.004" /><testcase classname="apps.authentication.tests.unit.test_serializers.TestUserRegistrationSerializer" name="test_vendor_role_accepted" time="0.007"><failure message="AssertionError: {'non_field_errors': [ErrorDetail(string='An error occurred during validation.', code='invalid')]}&#10;assert False&#10; +  where False = is_valid()&#10; +    where is_valid = UserRegistrationSerializer(data={'email': 'vendor@test.io', 'password': 'SecurePass123!', 'password2': 'SecurePass123!', 'role': 'vendor'}):\n    email = EmailField(allow_blank=True, help_text=&quot;User's email address&quot;, required=False)\n    phone = PhoneNumberField(allow_blank=True, help_text=&quot;User's phone number&quot;, required=False)\n    role = ChoiceField(choices=[('vendor', 'Vendor'), ('client', 'Client')], help_text=&quot;User's role: 'vendor' or 'client'&quot;)\n    password = CharField(help_text=&quot;User's password&quot;, required=True, style={'input_type': 'password'}, validators=[&lt;function validate_password&gt;], write_only=True)\n    password2 = CharField(help_text=&quot;Confirm user's password&quot;, required=True, style={'input_type': 'password'}, write_only=True).is_valid">apps\authentication\tests\unit\test_serializers.py:130: in test_vendor_role_accepted
    assert s.is_valid(), s.errors
E   AssertionError: {'non_field_errors': [ErrorDetail(string='An error occurred during validation.', code='invalid')]}
E   assert False
E    +  where False = is_valid()
E    +    where is_valid = UserRegistrationSerializer(data={'email': 'vendor@test.io', 'password': 'SecurePass123!', 'password2': 'SecurePass123!', 'role': 'vendor'}):\n    email = EmailField(allow_blank=True, help_text="User's email address", required=False)\n    phone = PhoneNumberField(allow_blank=True, help_text="User's phone number", required=False)\n    role = ChoiceField(choices=[('vendor', 'Vendor'), ('client', 'Client')], help_text="User's role: 'vendor' or 'client'")\n    password = CharField(help_text="User's password", required=True, style={'input_type': 'password'}, validators=[&lt;function validate_password&gt;], write_only=True)\n    password2 = CharField(help_text="Confirm user's password", required=True, style={'input_type': 'password'}, write_only=True).is_valid</failure></testcase><testcase classname="apps.authentication.tests.unit.test_serializers.TestUserRegistrationSerializer" name="test_duplicate_email_returns_email_field_error" time="0.006"><failure message="assert 'email' in {'non_field_errors': [ErrorDetail(string='An error occurred during validation.', code='invalid')]}&#10; +  where {'non_field_errors': [ErrorDetail(string='An error occurred during validation.', code='invalid')]} = UserRegistrationSerializer(data={'email': 'dup@test.io', 'password': 'SecurePass123!', 'password2': 'SecurePass123!', 'role': 'client'}):\n    email = EmailField(allow_blank=True, help_text=&quot;User's email address&quot;, required=False)\n    phone = PhoneNumberField(allow_blank=True, help_text=&quot;User's phone number&quot;, required=False)\n    role = ChoiceField(choices=[('vendor', 'Vendor'), ('client', 'Client')], help_text=&quot;User's role: 'vendor' or 'client'&quot;)\n    password = CharField(help_text=&quot;User's password&quot;, required=True, style={'input_type': 'password'}, validators=[&lt;function validate_password&gt;], write_only=True)\n    password2 = CharField(help_text=&quot;Confirm user's password&quot;, required=True, style={'input_type': 'password'}, write_only=True).errors">apps\authentication\tests\unit\test_serializers.py:145: in test_duplicate_email_returns_email_field_error
    assert 'email' in s.errors
E   assert 'email' in {'non_field_errors': [ErrorDetail(string='An error occurred during validation.', code='invalid')]}
E    +  where {'non_field_errors': [ErrorDetail(string='An error occurred during validation.', code='invalid')]} = UserRegistrationSerializer(data={'email': 'dup@test.io', 'password': 'SecurePass123!', 'password2': 'SecurePass123!', 'role': 'client'}):\n    email = EmailField(allow_blank=True, help_text="User's email address", required=False)\n    phone = PhoneNumberField(allow_blank=True, help_text="User's phone number", required=False)\n    role = ChoiceField(choices=[('vendor', 'Vendor'), ('client', 'Client')], help_text="User's role: 'vendor' or 'client'")\n    password = CharField(help_text="User's password", required=True, style={'input_type': 'password'}, validators=[&lt;function validate_password&gt;], write_only=True)\n    password2 = CharField(help_text="Confirm user's password", required=True, style={'input_type': 'password'}, write_only=True).errors</failure></testcase><testcase classname="apps.authentication.tests.unit.test_serializers.TestUserRegistrationSerializer" name="test_email_normalized_before_uniqueness_check" time="0.013"><failure message="assert 'email' in {'non_field_errors': [ErrorDetail(string='An error occurred during validation.', code='invalid')]}&#10; +  where {'non_field_errors': [ErrorDetail(string='An error occurred during validation.', code='invalid')]} = UserRegistrationSerializer(data={'email': 'user@EXAMPLE.COM', 'password': 'SecurePass123!', 'password2': 'SecurePass123!', 'role': 'client'}):\n    email = EmailField(allow_blank=True, help_text=&quot;User's email address&quot;, required=False)\n    phone = PhoneNumberField(allow_blank=True, help_text=&quot;User's phone number&quot;, required=False)\n    role = ChoiceField(choices=[('vendor', 'Vendor'), ('client', 'Client')], help_text=&quot;User's role: 'vendor' or 'client'&quot;)\n    password = CharField(help_text=&quot;User's password&quot;, required=True, style={'input_type': 'password'}, validators=[&lt;function validate_password&gt;], write_only=True)\n    password2 = CharField(help_text=&quot;Confirm user's password&quot;, required=True, style={'input_type': 'password'}, write_only=True).errors">apps\authentication\tests\unit\test_serializers.py:164: in test_email_normalized_before_uniqueness_check
    assert 'email' in s.errors
E   assert 'email' in {'non_field_errors': [ErrorDetail(string='An error occurred during validation.', code='invalid')]}
E    +  where {'non_field_errors': [ErrorDetail(string='An error occurred during validation.', code='invalid')]} = UserRegistrationSerializer(data={'email': 'user@EXAMPLE.COM', 'password': 'SecurePass123!', 'password2': 'SecurePass123!', 'role': 'client'}):\n    email = EmailField(allow_blank=True, help_text="User's email address", required=False)\n    phone = PhoneNumberField(allow_blank=True, help_text="User's phone number", required=False)\n    role = ChoiceField(choices=[('vendor', 'Vendor'), ('client', 'Client')], help_text="User's role: 'vendor' or 'client'")\n    password = CharField(help_text="User's password", required=True, style={'input_type': 'password'}, validators=[&lt;function validate_password&gt;], write_only=True)\n    password2 = CharField(help_text="Confirm user's password", required=True, style={'input_type': 'password'}, write_only=True).errors</failure></testcase><testcase classname="apps.authentication.tests.unit.test_serializers.TestUserRegistrationSerializer" name="test_empty_email_normalized_to_none" time="0.007" /><testcase classname="apps.authentication.tests.unit.test_serializers.TestOTPSerializer" name="test_valid_6_digit_otp_passes" time="0.004" /><testcase classname="apps.authentication.tests.unit.test_serializers.TestOTPSerializer" name="test_5_digit_otp_fails" time="0.006" /><testcase classname="apps.authentication.tests.unit.test_serializers.TestOTPSerializer" name="test_7_digit_otp_exceeds_maxlength_or_fails" time="0.005" /><testcase classname="apps.authentication.tests.unit.test_serializers.TestOTPSerializer" name="test_non_numeric_otp_fails" time="0.005" /><testcase classname="apps.authentication.tests.unit.test_serializers.TestOTPSerializer" name="test_alphanumeric_otp_fails" time="0.004" /><testcase classname="apps.authentication.tests.unit.test_serializers.TestOTPSerializer" name="test_empty_otp_fails" time="0.005" /><testcase classname="apps.authentication.tests.unit.test_serializers.TestOTPSerializer" name="test_missing_otp_fails" time="0.004" /></testsuite></testsuites>