============================= test session starts =============================
collected 155 items

apps/authentication/tests/integration/test_login_endpoint.py::TestLoginHappyPath::test_email_login_returns_200 
------------------------------- live log setup --------------------------------
[INFO    ] apps.authentication.models — Saved UnifiedUser 019d20d6-f701-7b78-b760-5b1100832cd9 [email] member_id=FASTAR000001
[INFO    ] apps.authentication.managers \u2014 \u2705 Created user: email=verified@fashionistar.io\n-------------------------------- live log call --------------------------------
[INFO    ] apps.authentication.serializers.auth \u2014 \u2705 LoginSerializer: valid credentials for 'verified@fashionistar.io'\n[INFO    ] apps.authentication.models — Details updated for user: verified@fashionistar.io
[INFO    ] apps.authentication.models — Saved UnifiedUser 019d20d6-f701-7b78-b760-5b1100832cd9 [email] member_id=FASTAR000001
[INFO    ] apps.authentication.apis.auth_views.sync_views \u2014 \u2705 LoginView: login successful for verified@fashionistar.io (id=019d20d6-f701-7b78-b760-5b1100832cd9 role=client)\n[INFO    ] apps.common.middleware \u2014 [POST] /api/v1/auth/login/ \u2192 200 in 3206.1ms [req=728948d4-09e9-438e-8c18-0b2010ef6872]\nPASSED                                                                   [  0%]
apps/authentication/tests/integration/test_login_endpoint.py::TestLoginHappyPath::test_response_has_flat_access_token 
------------------------------- live log setup --------------------------------
[INFO    ] apps.authentication.models — Saved UnifiedUser 019d20d7-08da-7508-b22f-fcab95b88ba3 [email] member_id=FASTAR000001
[INFO    ] apps.authentication.managers \u2014 \u2705 Created user: email=verified@fashionistar.io\n-------------------------------- live log call --------------------------------
[INFO    ] apps.authentication.serializers.auth \u2014 \u2705 LoginSerializer: valid credentials for 'verified@fashionistar.io'\n[INFO    ] apps.authentication.models — Details updated for user: verified@fashionistar.io
[INFO    ] apps.authentication.models — Saved UnifiedUser 019d20d7-08da-7508-b22f-fcab95b88ba3 [email] member_id=FASTAR000001
[INFO    ] apps.authentication.apis.auth_views.sync_views \u2014 \u2705 LoginView: login successful for verified@fashionistar.io (id=019d20d7-08da-7508-b22f-fcab95b88ba3 role=client)\n[INFO    ] apps.common.middleware \u2014 [POST] /api/v1/auth/login/ \u2192 200 in 2469.1ms [req=0fa2601f-8421-4298-ae26-c651b45a0b60]\nPASSED                                                                   [  1%]
apps/authentication/tests/integration/test_login_endpoint.py::TestLoginHappyPath::test_response_has_flat_refresh_token 
------------------------------- live log setup --------------------------------
[INFO    ] apps.authentication.models — Saved UnifiedUser 019d20d7-1852-7ce5-bcc0-336884362f4b [email] member_id=FASTAR000001
[INFO    ] apps.authentication.managers \u2014 \u2705 Created user: email=verified@fashionistar.io\n-------------------------------- live log call --------------------------------
[INFO    ] apps.authentication.serializers.auth \u2014 \u2705 LoginSerializer: valid credentials for 'verified@fashionistar.io'\n[INFO    ] apps.authentication.models — Details updated for user: verified@fashionistar.io
[INFO    ] apps.authentication.models — Saved UnifiedUser 019d20d7-1852-7ce5-bcc0-336884362f4b [email] member_id=FASTAR000001
[INFO    ] apps.authentication.apis.auth_views.sync_views \u2014 \u2705 LoginView: login successful for verified@fashionistar.io (id=019d20d7-1852-7ce5-bcc0-336884362f4b role=client)\n[INFO    ] apps.common.middleware \u2014 [POST] /api/v1/auth/login/ \u2192 200 in 1916.0ms [req=aff46c9b-cfe0-4e18-a406-fe53ff655913]\nPASSED                                                                   [  1%]
apps/authentication/tests/integration/test_login_endpoint.py::TestLoginHappyPath::test_response_has_user_id 
------------------------------- live log setup --------------------------------
[INFO    ] apps.authentication.models — Saved UnifiedUser 019d20d7-24d8-7e04-8ae8-6f78acc3ae1d [email] member_id=FASTAR000001
[INFO    ] apps.authentication.managers \u2014 \u2705 Created user: email=verified@fashionistar.io\n-------------------------------- live log call --------------------------------
[INFO    ] apps.authentication.serializers.auth \u2014 \u2705 LoginSerializer: valid credentials for 'verified@fashionistar.io'\n[INFO    ] apps.authentication.models — Details updated for user: verified@fashionistar.io
[INFO    ] apps.authentication.models — Saved UnifiedUser 019d20d7-24d8-7e04-8ae8-6f78acc3ae1d [email] member_id=FASTAR000001
[INFO    ] apps.authentication.apis.auth_views.sync_views \u2014 \u2705 LoginView: login successful for verified@fashionistar.io (id=019d20d7-24d8-7e04-8ae8-6f78acc3ae1d role=client)\n[INFO    ] apps.common.middleware \u2014 [POST] /api/v1/auth/login/ \u2192 200 in 2297.0ms [req=d92a9508-49a8-4ce5-b0c2-747b0da0ad86]\nPASSED                                                                   [  2%]
apps/authentication/tests/integration/test_login_endpoint.py::TestLoginHappyPath::test_response_has_role 
------------------------------- live log setup --------------------------------
[INFO    ] apps.authentication.models — Saved UnifiedUser 019d20d7-3198-7482-a3f6-fdd36b7756fd [email] member_id=FASTAR000001
[INFO    ] apps.authentication.managers \u2014 \u2705 Created user: email=verified@fashionistar.io\n-------------------------------- live log call --------------------------------
[INFO    ] apps.authentication.serializers.auth \u2014 \u2705 LoginSerializer: valid credentials for 'verified@fashionistar.io'\n[INFO    ] apps.authentication.models — Details updated for user: verified@fashionistar.io
[INFO    ] apps.authentication.models — Saved UnifiedUser 019d20d7-3198-7482-a3f6-fdd36b7756fd [email] member_id=FASTAR000001
[INFO    ] apps.authentication.apis.auth_views.sync_views \u2014 \u2705 LoginView: login successful for verified@fashionistar.io (id=019d20d7-3198-7482-a3f6-fdd36b7756fd role=client)\n[INFO    ] apps.common.middleware \u2014 [POST] /api/v1/auth/login/ \u2192 200 in 2037.1ms [req=850c9ae0-c945-4fc8-a91b-9f39c8cae870]\nPASSED                                                                   [  3%]
apps/authentication/tests/integration/test_login_endpoint.py::TestLoginHappyPath::test_response_has_identifying_info 
------------------------------- live log setup --------------------------------
[INFO    ] apps.authentication.models — Saved UnifiedUser 019d20d7-3db8-7baf-bc74-367371c06b77 [email] member_id=FASTAR000001
[INFO    ] apps.authentication.managers \u2014 \u2705 Created user: email=verified@fashionistar.io\n-------------------------------- live log call --------------------------------
[INFO    ] apps.authentication.serializers.auth \u2014 \u2705 LoginSerializer: valid credentials for 'verified@fashionistar.io'\n[INFO    ] apps.authentication.models — Details updated for user: verified@fashionistar.io
[INFO    ] apps.authentication.models — Saved UnifiedUser 019d20d7-3db8-7baf-bc74-367371c06b77 [email] member_id=FASTAR000001
[INFO    ] apps.authentication.apis.auth_views.sync_views \u2014 \u2705 LoginView: login successful for verified@fashionistar.io (id=019d20d7-3db8-7baf-bc74-367371c06b77 role=client)\n[INFO    ] apps.common.middleware \u2014 [POST] /api/v1/auth/login/ \u2192 200 in 2124.5ms [req=56a5b60c-1088-4a9e-91aa-5f2cf200203a]\nPASSED                                                                   [  3%]
apps/authentication/tests/integration/test_login_endpoint.py::TestLoginHappyPath::test_response_has_message 
------------------------------- live log setup --------------------------------
[INFO    ] apps.authentication.models — Saved UnifiedUser 019d20d7-4a53-7576-a439-6ca494b753f9 [email] member_id=FASTAR000001
[INFO    ] apps.authentication.managers \u2014 \u2705 Created user: email=verified@fashionistar.io\n-------------------------------- live log call --------------------------------
[INFO    ] apps.authentication.serializers.auth \u2014 \u2705 LoginSerializer: valid credentials for 'verified@fashionistar.io'\n[INFO    ] apps.authentication.models — Details updated for user: verified@fashionistar.io
[INFO    ] apps.authentication.models — Saved UnifiedUser 019d20d7-4a53-7576-a439-6ca494b753f9 [email] member_id=FASTAR000001
[INFO    ] apps.authentication.apis.auth_views.sync_views \u2014 \u2705 LoginView: login successful for verified@fashionistar.io (id=019d20d7-4a53-7576-a439-6ca494b753f9 role=client)\n[INFO    ] apps.common.middleware \u2014 [POST] /api/v1/auth/login/ \u2192 200 in 2501.9ms [req=220d1c8a-7413-4974-867a-6657b6c12bed]\nPASSED                                                                   [  4%]
apps/authentication/tests/integration/test_login_endpoint.py::TestLoginHappyPath::test_access_token_is_valid_jwt_format 
------------------------------- live log setup --------------------------------
[INFO    ] apps.authentication.models — Saved UnifiedUser 019d20d7-58ec-7d27-b52f-8b763044dcdc [email] member_id=FASTAR000001
[INFO    ] apps.authentication.managers \u2014 \u2705 Created user: email=verified@fashionistar.io\n-------------------------------- live log call --------------------------------
[INFO    ] apps.authentication.serializers.auth \u2014 \u2705 LoginSerializer: valid credentials for 'verified@fashionistar.io'\n[INFO    ] apps.authentication.models — Details updated for user: verified@fashionistar.io
[INFO    ] apps.authentication.models — Saved UnifiedUser 019d20d7-58ec-7d27-b52f-8b763044dcdc [email] member_id=FASTAR000001
[INFO    ] apps.authentication.apis.auth_views.sync_views \u2014 \u2705 LoginView: login successful for verified@fashionistar.io (id=019d20d7-58ec-7d27-b52f-8b763044dcdc role=client)\n[INFO    ] apps.common.middleware \u2014 [POST] /api/v1/auth/login/ \u2192 200 in 2322.2ms [req=bc1f4463-8e90-4f4c-be2d-1a92e4cd232a]\nPASSED                                                                   [  5%]
apps/authentication/tests/integration/test_login_endpoint.py::TestLoginHappyPath::test_no_tokens_nested_key 
------------------------------- live log setup --------------------------------
[INFO    ] apps.authentication.models — Saved UnifiedUser 019d20d7-6761-705a-b856-4b5837a9269a [email] member_id=FASTAR000001
[INFO    ] apps.authentication.managers \u2014 \u2705 Created user: email=verified@fashionistar.io\n-------------------------------- live log call --------------------------------
[INFO    ] apps.authentication.serializers.auth \u2014 \u2705 LoginSerializer: valid credentials for 'verified@fashionistar.io'\n[INFO    ] apps.authentication.models — Details updated for user: verified@fashionistar.io
[INFO    ] apps.authentication.models — Saved UnifiedUser 019d20d7-6761-705a-b856-4b5837a9269a [email] member_id=FASTAR000001
[INFO    ] apps.authentication.apis.auth_views.sync_views \u2014 \u2705 LoginView: login successful for verified@fashionistar.io (id=019d20d7-6761-705a-b856-4b5837a9269a role=client)\n[INFO    ] apps.common.middleware \u2014 [POST] /api/v1/auth/login/ \u2192 200 in 2358.4ms [req=97fdbb6f-27f4-404c-b85f-6bce85f7182c]\nPASSED                                                                   [  5%]
apps/authentication/tests/integration/test_login_endpoint.py::TestLoginFailures::test_wrong_password_returns_400 
------------------------------- live log setup --------------------------------
[INFO    ] apps.authentication.models — Saved UnifiedUser 019d20d7-762e-79b5-956b-de63b9375f77 [email] member_id=FASTAR000001
[INFO    ] apps.authentication.managers \u2014 \u2705 Created user: email=verified@fashionistar.io\n-------------------------------- live log call --------------------------------
[WARNING ] apps.authentication.serializers.auth \u2014 \u26d4 Login failed: wrong password for 'verified@fashionistar.io'\n[INFO    ] apps.common.middleware \u2014 [POST] /api/v1/auth/login/ \u2192 401 in 1237.4ms [req=ec0ad540-12be-46fe-83b0-c38fb7da4ee8]\nFAILED                                                                   [  6%]
apps/authentication/tests/integration/test_login_endpoint.py::TestLoginFailures::test_wrong_password_has_no_tokens 
------------------------------- live log setup --------------------------------
[INFO    ] apps.authentication.models — Saved UnifiedUser 019d20d7-83ad-7bec-9b9f-3906eb5a74dd [email] member_id=FASTAR000001
[INFO    ] apps.authentication.managers \u2014 \u2705 Created user: email=verified@fashionistar.io\n-------------------------------- live log call --------------------------------
[WARNING ] apps.authentication.serializers.auth \u2014 \u26d4 Login failed: wrong password for 'verified@fashionistar.io'\n[INFO    ] apps.common.middleware \u2014 [POST] /api/v1/auth/login/ \u2192 401 in 1237.4ms [req=b7b941ad-a96c-4ec1-91d8-1b7f81cef23a]\nPASSED                                                                   [  7%]
apps/authentication/tests/integration/test_login_endpoint.py::TestLoginFailures::test_nonexistent_user_returns_400 
-------------------------------- live log call --------------------------------
[WARNING ] apps.authentication.serializers.auth \u2014 \u26d4 Login failed: user not found 'nobody@nowhere.com'\n[INFO    ] apps.common.middleware \u2014 [POST] /api/v1/auth/login/ \u2192 401 in 11.3ms [req=0d679b3e-5557-4b16-8d5e-2a7ab390523d]\nFAILED                                                                   [  7%]
apps/authentication/tests/integration/test_login_endpoint.py::TestLoginFailures::test_unverified_user_returns_error 
------------------------------- live log setup --------------------------------
[INFO    ] apps.authentication.models — Saved UnifiedUser 019d20d7-8de6-7359-95bb-0758043002c4 [email] member_id=FASTAR000001
[INFO    ] apps.authentication.managers \u2014 \u2705 Created user: email=registered@fashionistar.io\n-------------------------------- live log call --------------------------------
[WARNING ] apps.authentication.serializers.auth \u2014 \u26d4 Login rejected: account not verified 'registered@fashionistar.io'\n[WARNING ] apps.authentication.apis.auth_views.sync_views \u2014 \u26d4 LoginView: unverified account attempt \u2014 registered@fashionistar.io\n[INFO    ] apps.common.middleware \u2014 [POST] /api/v1/auth/login/ \u2192 403 in 1167.4ms [req=8f6c8cb6-11a3-4bc3-a9aa-e266946fe7be]\nPASSED                                                                   [  8%]
apps/authentication/tests/integration/test_login_endpoint.py::TestLoginFailures::test_empty_payload_returns_400 
-------------------------------- live log call --------------------------------
[WARNING ] apps.authentication.apis.auth_views.sync_views \u2014 \u26a0\ufe0f LoginView validation error: {'email_or_phone': [ErrorDetail(string='This field is required.', code='required')], 'password': [ErrorDetail(string='This field is required.', code='required')]}\n[INFO    ] apps.common.middleware \u2014 [POST] /api/v1/auth/login/ \u2192 400 in 5.2ms [req=9d3c8294-7b65-4e7f-a5f7-83ea614fcc7a]\nPASSED                                                                   [  9%]
apps/authentication/tests/integration/test_login_endpoint.py::TestLoginFailures::test_missing_password_returns_400 
------------------------------- live log setup --------------------------------
[INFO    ] apps.authentication.models — Saved UnifiedUser 019d20d7-98ae-7a8f-8c56-fcb803309c95 [email] member_id=FASTAR000001
[INFO    ] apps.authentication.managers \u2014 \u2705 Created user: email=verified@fashionistar.io\n-------------------------------- live log call --------------------------------
[WARNING ] apps.authentication.apis.auth_views.sync_views \u2014 \u26a0\ufe0f LoginView validation error: {'password': [ErrorDetail(string='This field is required.', code='required')]}\n[INFO    ] apps.common.middleware \u2014 [POST] /api/v1/auth/login/ \u2192 400 in 2.8ms [req=8ccca259-7df4-47cd-b3fb-edc5b74cedcf]\nPASSED                                                                   [  9%]
apps/authentication/tests/integration/test_login_endpoint.py::TestLoginFailures::test_missing_email_or_phone_returns_400 
-------------------------------- live log call --------------------------------
[WARNING ] apps.authentication.apis.auth_views.sync_views \u2014 \u26a0\ufe0f LoginView validation error: {'email_or_phone': [ErrorDetail(string='This field is required.', code='required')]}\n[INFO    ] apps.common.middleware \u2014 [POST] /api/v1/auth/login/ \u2192 400 in 2.1ms [req=591855b6-ea0c-43ed-97bd-08daabbdf0cc]\nPASSED                                                                   [ 10%]
apps/authentication/tests/integration/test_login_endpoint.py::TestLogout::test_logout_blacklists_token 
------------------------------- live log setup --------------------------------
[INFO    ] apps.authentication.models — Saved UnifiedUser 019d20d7-9e21-7dea-bd53-4dc70679d23b [email] member_id=FASTAR000001
[INFO    ] apps.authentication.managers \u2014 \u2705 Created user: email=verified@fashionistar.io\n-------------------------------- live log call --------------------------------
[INFO    ] apps.authentication.apis.auth_views.sync_views — Logout: refresh token blacklisted — user_id=019d20d7-9e21-7dea-bd53-4dc70679d23b
[INFO    ] apps.common.middleware \u2014 [POST] /api/v1/auth/logout/ \u2192 200 in 17.2ms [req=0cb4527b-946c-493a-8e79-b31f6c283b61]\nPASSED                                                                   [ 10%]
apps/authentication/tests/integration/test_login_endpoint.py::TestLogout::test_logout_without_refresh_token_returns_400 
------------------------------- live log setup --------------------------------
[INFO    ] apps.authentication.models — Saved UnifiedUser 019d20d7-a30e-74e3-9f37-cc1b0e5418e9 [email] member_id=FASTAR000001
[INFO    ] apps.authentication.managers \u2014 \u2705 Created user: email=verified@fashionistar.io\n-------------------------------- live log call --------------------------------
[INFO    ] apps.common.middleware \u2014 [POST] /api/v1/auth/logout/ \u2192 400 in 3.9ms [req=67386a61-9636-4bfa-adf3-f413822aa1d5]\nPASSED                                                                   [ 11%]
apps/authentication/tests/integration/test_login_endpoint.py::TestLogout::test_double_logout_returns_400 
------------------------------- live log setup --------------------------------
[INFO    ] apps.authentication.models — Saved UnifiedUser 019d20d7-a7ce-784b-9247-d46ffbe38f05 [email] member_id=FASTAR000001
[INFO    ] apps.authentication.managers \u2014 \u2705 Created user: email=verified@fashionistar.io\n-------------------------------- live log call --------------------------------
[INFO    ] apps.authentication.apis.auth_views.sync_views — Logout: refresh token blacklisted — user_id=019d20d7-a7ce-784b-9247-d46ffbe38f05
[INFO    ] apps.common.middleware \u2014 [POST] /api/v1/auth/logout/ \u2192 200 in 10.2ms [req=c29dc3e8-e161-42f1-92a5-768d47ba1122]\n[WARNING ] apps.authentication.apis.auth_views.sync_views — LogoutView TokenError user_id=019d20d7-a7ce-784b-9247-d46ffbe38f05: Token is blacklisted
[INFO    ] apps.common.middleware \u2014 [POST] /api/v1/auth/logout/ \u2192 400 in 7.0ms [req=bfda381c-146d-466c-ba6f-72d2b33c9ae0]\nPASSED                                                                   [ 12%]
apps/authentication/tests/integration/test_login_endpoint.py::TestLogout::test_logout_requires_authentication 
-------------------------------- live log call --------------------------------
[INFO    ] apps.common.middleware \u2014 [POST] /api/v1/auth/logout/ \u2192 401 in 2.4ms [req=237e791f-b067-4cff-a577-2e391513c65a]\nPASSED                                                                   [ 12%]
apps/authentication/tests/integration/test_resend_otp_endpoint.py::TestResendOTPHappyPath::test_valid_email_resend_returns_200 
------------------------------- live log setup --------------------------------
[INFO    ] apps.authentication.models — Saved UnifiedUser 019d20d7-ac7a-72a6-9cd3-2a16ff5fa699 [email] member_id=FASTAR000001
[INFO    ] apps.authentication.managers \u2014 \u2705 Created user: email=registered@fashionistar.io\n-------------------------------- live log call --------------------------------
[INFO    ] apps.authentication.serializers.otp — ResendOTP validation successful for registered@fashionistar.io
[INFO    ] apps.authentication.services.otp.sync_service \u2014 \U0001f4e7 OTP resend email scheduled on_commit \u2192 Celery [user_id=019d20d7-ac7a-72a6-9cd3-2a16ff5fa699 email=registered@fashionistar.io]\n[INFO    ] apps.authentication.apis.auth_views.sync_views \u2014 \u2705 OTP resent for: registered@fashionistar.io\n[INFO    ] apps.common.middleware \u2014 [POST] /api/v1/auth/resend-otp/ \u2192 200 in 7.0ms [req=cee65ed5-1e45-49c6-a299-c8e473519e9b]\nPASSED                                                                   [ 13%]
apps/authentication/tests/integration/test_resend_otp_endpoint.py::TestResendOTPHappyPath::test_response_has_message_field 
------------------------------- live log setup --------------------------------
[INFO    ] apps.authentication.models — Saved UnifiedUser 019d20d7-b0cb-7eeb-82cf-e0696d100ff0 [email] member_id=FASTAR000001
[INFO    ] apps.authentication.managers \u2014 \u2705 Created user: email=registered@fashionistar.io\n-------------------------------- live log call --------------------------------
[INFO    ] apps.authentication.serializers.otp — ResendOTP validation successful for registered@fashionistar.io
[INFO    ] apps.authentication.services.otp.sync_service \u2014 \U0001f4e7 OTP resend email scheduled on_commit \u2192 Celery [user_id=019d20d7-b0cb-7eeb-82cf-e0696d100ff0 email=registered@fashionistar.io]\n[INFO    ] apps.authentication.apis.auth_views.sync_views \u2014 \u2705 OTP resent for: registered@fashionistar.io\n[INFO    ] apps.common.middleware \u2014 [POST] /api/v1/auth/resend-otp/ \u2192 200 in 9.3ms [req=63572ec6-ebc9-44af-a822-1561c28f7b50]\nPASSED                                                                   [ 14%]
apps/authentication/tests/integration/test_resend_otp_endpoint.py::TestResendOTPHappyPath::test_response_is_generic_non_enumerable 
------------------------------- live log setup --------------------------------
[INFO    ] apps.authentication.models — Saved UnifiedUser 019d20d7-b537-739c-8356-3403d085a671 [email] member_id=FASTAR000001
[INFO    ] apps.authentication.managers \u2014 \u2705 Created user: email=registered@fashionistar.io\n-------------------------------- live log call --------------------------------
[INFO    ] apps.authentication.serializers.otp — ResendOTP validation successful for registered@fashionistar.io
[INFO    ] apps.authentication.services.otp.sync_service \u2014 \U0001f4e7 OTP resend email scheduled on_commit \u2192 Celery [user_id=019d20d7-b537-739c-8356-3403d085a671 email=registered@fashionistar.io]\n[INFO    ] apps.authentication.apis.auth_views.sync_views \u2014 \u2705 OTP resent for: registered@fashionistar.io\n[INFO    ] apps.common.middleware \u2014 [POST] /api/v1/auth/resend-otp/ \u2192 200 in 5.3ms [req=88ab0f20-5f89-45c6-9819-57bb3ef5ee82]\nPASSED                                                                   [ 14%]
apps/authentication/tests/integration/test_resend_otp_endpoint.py::TestResendOTPHappyPath::test_otp_service_resend_called 
------------------------------- live log setup --------------------------------
[INFO    ] apps.authentication.models — Saved UnifiedUser 019d20d7-ba66-7771-ae87-2281f37833ba [email] member_id=FASTAR000001
[INFO    ] apps.authentication.managers \u2014 \u2705 Created user: email=registered@fashionistar.io\n-------------------------------- live log call --------------------------------
[INFO    ] apps.authentication.serializers.otp — ResendOTP validation successful for registered@fashionistar.io
[INFO    ] apps.authentication.apis.auth_views.sync_views \u2014 \u2705 OTP resent for: registered@fashionistar.io\n[INFO    ] apps.common.middleware \u2014 [POST] /api/v1/auth/resend-otp/ \u2192 200 in 2.7ms [req=6fba9d63-04c0-419d-b3f8-ee8294e1fc6c]\nPASSED                                                                   [ 15%]
apps/authentication/tests/integration/test_resend_otp_endpoint.py::TestResendOTPErrors::test_nonexistent_email_returns_400 
-------------------------------- live log call --------------------------------
[WARNING ] apps.authentication.serializers.otp — ResendOTP validation failed: no user for 'ghost@nobody.io'
[WARNING ] apps.authentication.apis.auth_views.sync_views \u2014 \u26a0\ufe0f ResendOTPView validation error: {'email_or_phone': [ErrorDetail(string='No account found with this email or phone. Please check your input or register a new account.', code='invalid')]}\n[INFO    ] apps.common.middleware \u2014 [POST] /api/v1/auth/resend-otp/ \u2192 400 in 6.5ms [req=9bc3200a-ebb2-4384-b335-18ed6022dfb2]\nPASSED                                                                   [ 16%]
apps/authentication/tests/integration/test_resend_otp_endpoint.py::TestResendOTPErrors::test_missing_email_or_phone_field_returns_400 
-------------------------------- live log call --------------------------------
[WARNING ] apps.authentication.apis.auth_views.sync_views \u2014 \u26a0\ufe0f ResendOTPView validation error: {'email_or_phone': [ErrorDetail(string='This field is required.', code='required')]}\n[INFO    ] apps.common.middleware \u2014 [POST] /api/v1/auth/resend-otp/ \u2192 400 in 4.7ms [req=811898da-54e0-4a9f-a7fa-75bb4db8dd2c]\nPASSED                                                                   [ 16%]
apps/authentication/tests/integration/test_resend_otp_endpoint.py::TestResendOTPErrors::test_invalid_email_format_returns_400 
-------------------------------- live log call --------------------------------
[WARNING ] apps.authentication.serializers.otp — ResendOTP validation failed: no user for 'not-an-email-or-phone'
[WARNING ] apps.authentication.apis.auth_views.sync_views \u2014 \u26a0\ufe0f ResendOTPView validation error: {'email_or_phone': [ErrorDetail(string='No account found with this email or phone. Please check your input or register a new account.', code='invalid')]}\n[INFO    ] apps.common.middleware \u2014 [POST] /api/v1/auth/resend-otp/ \u2192 400 in 4.9ms [req=ffbda9e7-bbb2-4b47-a13e-ecbd8de60e77]\nPASSED                                                                   [ 17%]
apps/authentication/tests/integration/test_verify_otp_endpoint.py::TestVerifyOTPHappyPath::test_valid_otp_returns_200 
------------------------------- live log setup --------------------------------
[INFO    ] apps.authentication.models — Saved UnifiedUser 019d20d7-c02a-7177-bf01-0cabe5c9e0f9 [email] member_id=FASTAR000001
[INFO    ] apps.authentication.managers \u2014 \u2705 Created user: email=registered@fashionistar.io\n-------------------------------- live log call --------------------------------
[INFO    ] apps.authentication.serializers.auth — OTP validation successful.
[INFO    ] apps.authentication.models — Details updated for user: registered@fashionistar.io
[INFO    ] apps.authentication.models — Saved UnifiedUser 019d20d7-c02a-7177-bf01-0cabe5c9e0f9 [email] member_id=FASTAR000001
[INFO    ] apps.authentication.apis.auth_views.sync_views \u2014 \u2705 Account verified: id=019d20d7-c02a-7177-bf01-0cabe5c9e0f9 identifier=registered@fashionistar.io\n[INFO    ] apps.authentication.models — Details updated for user: registered@fashionistar.io
[INFO    ] apps.authentication.models — Saved UnifiedUser 019d20d7-c02a-7177-bf01-0cabe5c9e0f9 [email] member_id=FASTAR000001
[INFO    ] apps.common.middleware \u2014 [POST] /api/v1/auth/verify-otp/ \u2192 200 in 36.1ms [req=57eef904-0ab7-4840-89d3-c91abf9a5d87]\nPASSED                                                                   [ 18%]
apps/authentication/tests/integration/test_verify_otp_endpoint.py::TestVerifyOTPHappyPath::test_response_contains_access_token 
------------------------------- live log setup --------------------------------
[INFO    ] apps.authentication.models — Saved UnifiedUser 019d20d7-c5f3-71fe-8d97-bc4e834e8831 [email] member_id=FASTAR000001
[INFO    ] apps.authentication.managers \u2014 \u2705 Created user: email=registered@fashionistar.io\n-------------------------------- live log call --------------------------------
[INFO    ] apps.authentication.serializers.auth — OTP validation successful.
[INFO    ] apps.authentication.models — Details updated for user: registered@fashionistar.io
[INFO    ] apps.authentication.models — Saved UnifiedUser 019d20d7-c5f3-71fe-8d97-bc4e834e8831 [email] member_id=FASTAR000001
[INFO    ] apps.authentication.apis.auth_views.sync_views \u2014 \u2705 Account verified: id=019d20d7-c5f3-71fe-8d97-bc4e834e8831 identifier=registered@fashionistar.io\n[INFO    ] apps.authentication.models — Details updated for user: registered@fashionistar.io
[INFO    ] apps.authentication.models — Saved UnifiedUser 019d20d7-c5f3-71fe-8d97-bc4e834e8831 [email] member_id=FASTAR000001
[INFO    ] apps.common.middleware \u2014 [POST] /api/v1/auth/verify-otp/ \u2192 200 in 42.9ms [req=6217fd83-7779-44be-be26-463662a7775a]\nPASSED                                                                   [ 18%]
apps/authentication/tests/integration/test_verify_otp_endpoint.py::TestVerifyOTPHappyPath::test_response_contains_refresh_token 
------------------------------- live log setup --------------------------------
[INFO    ] apps.authentication.models — Saved UnifiedUser 019d20d7-cdae-7bfb-8054-4331bda1d84f [email] member_id=FASTAR000001
[INFO    ] apps.authentication.managers \u2014 \u2705 Created user: email=registered@fashionistar.io\n-------------------------------- live log call --------------------------------
[INFO    ] apps.authentication.serializers.auth — OTP validation successful.
[INFO    ] apps.authentication.models — Details updated for user: registered@fashionistar.io
[INFO    ] apps.authentication.models — Saved UnifiedUser 019d20d7-cdae-7bfb-8054-4331bda1d84f [email] member_id=FASTAR000001
[INFO    ] apps.authentication.apis.auth_views.sync_views \u2014 \u2705 Account verified: id=019d20d7-cdae-7bfb-8054-4331bda1d84f identifier=registered@fashionistar.io\n[INFO    ] apps.authentication.models — Details updated for user: registered@fashionistar.io
[INFO    ] apps.authentication.models — Saved UnifiedUser 019d20d7-cdae-7bfb-8054-4331bda1d84f [email] member_id=FASTAR000001
[INFO    ] apps.common.middleware \u2014 [POST] /api/v1/auth/verify-otp/ \u2192 200 in 61.2ms [req=1ef23fec-a17d-4db3-a446-f6463184bde7]\nPASSED                                                                   [ 19%]
apps/authentication/tests/integration/test_verify_otp_endpoint.py::TestVerifyOTPHappyPath::test_response_contains_user_id 
------------------------------- live log setup --------------------------------
[INFO    ] apps.authentication.models — Saved UnifiedUser 019d20d7-d409-7ba2-a1a4-3d4edd9a5928 [email] member_id=FASTAR000001
[INFO    ] apps.authentication.managers \u2014 \u2705 Created user: email=registered@fashionistar.io\n-------------------------------- live log call --------------------------------
[INFO    ] apps.authentication.serializers.auth — OTP validation successful.
[INFO    ] apps.authentication.models — Details updated for user: registered@fashionistar.io
[INFO    ] apps.authentication.models — Saved UnifiedUser 019d20d7-d409-7ba2-a1a4-3d4edd9a5928 [email] member_id=FASTAR000001
[INFO    ] apps.authentication.apis.auth_views.sync_views \u2014 \u2705 Account verified: id=019d20d7-d409-7ba2-a1a4-3d4edd9a5928 identifier=registered@fashionistar.io\n[INFO    ] apps.authentication.models — Details updated for user: registered@fashionistar.io
[INFO    ] apps.authentication.models — Saved UnifiedUser 019d20d7-d409-7ba2-a1a4-3d4edd9a5928 [email] member_id=FASTAR000001
[INFO    ] apps.common.middleware \u2014 [POST] /api/v1/auth/verify-otp/ \u2192 200 in 36.0ms [req=399c7992-26f7-40ee-ac36-00e3da770baf]\nPASSED                                                                   [ 20%]
apps/authentication/tests/integration/test_verify_otp_endpoint.py::TestVerifyOTPHappyPath::test_response_contains_role 
------------------------------- live log setup --------------------------------
[INFO    ] apps.authentication.models — Saved UnifiedUser 019d20d7-da22-718b-bfa2-f574dca6f3e0 [email] member_id=FASTAR000001
[INFO    ] apps.authentication.managers \u2014 \u2705 Created user: email=registered@fashionistar.io\n-------------------------------- live log call --------------------------------
[INFO    ] apps.authentication.serializers.auth — OTP validation successful.
[INFO    ] apps.authentication.models — Details updated for user: registered@fashionistar.io
[INFO    ] apps.authentication.models — Saved UnifiedUser 019d20d7-da22-718b-bfa2-f574dca6f3e0 [email] member_id=FASTAR000001
[INFO    ] apps.authentication.apis.auth_views.sync_views \u2014 \u2705 Account verified: id=019d20d7-da22-718b-bfa2-f574dca6f3e0 identifier=registered@fashionistar.io\n[INFO    ] apps.authentication.models — Details updated for user: registered@fashionistar.io
[INFO    ] apps.authentication.models — Saved UnifiedUser 019d20d7-da22-718b-bfa2-f574dca6f3e0 [email] member_id=FASTAR000001
[INFO    ] apps.common.middleware \u2014 [POST] /api/v1/auth/verify-otp/ \u2192 200 in 32.4ms [req=d86d8f5c-c2df-4518-9f4b-b5e7ae7d5f58]\nPASSED                                                                   [ 20%]
apps/authentication/tests/integration/test_verify_otp_endpoint.py::TestVerifyOTPHappyPath::test_response_contains_identifying_info 
------------------------------- live log setup --------------------------------
[INFO    ] apps.authentication.models — Saved UnifiedUser 019d20d7-df84-782b-bea6-dcba3b4051dd [email] member_id=FASTAR000001
[INFO    ] apps.authentication.managers \u2014 \u2705 Created user: email=registered@fashionistar.io\n-------------------------------- live log call --------------------------------
[INFO    ] apps.authentication.serializers.auth — OTP validation successful.
[INFO    ] apps.authentication.models — Details updated for user: registered@fashionistar.io
[INFO    ] apps.authentication.models — Saved UnifiedUser 019d20d7-df84-782b-bea6-dcba3b4051dd [email] member_id=FASTAR000001
[INFO    ] apps.authentication.apis.auth_views.sync_views \u2014 \u2705 Account verified: id=019d20d7-df84-782b-bea6-dcba3b4051dd identifier=registered@fashionistar.io\n[INFO    ] apps.authentication.models — Details updated for user: registered@fashionistar.io
[INFO    ] apps.authentication.models — Saved UnifiedUser 019d20d7-df84-782b-bea6-dcba3b4051dd [email] member_id=FASTAR000001
[INFO    ] apps.common.middleware \u2014 [POST] /api/v1/auth/verify-otp/ \u2192 200 in 27.4ms [req=bcad5a35-7e65-40b9-988e-979dfcaa5230]\nPASSED                                                                   [ 21%]
apps/authentication/tests/integration/test_verify_otp_endpoint.py::TestVerifyOTPHappyPath::test_response_message_confirms_verification 
------------------------------- live log setup --------------------------------
[INFO    ] apps.authentication.models — Saved UnifiedUser 019d20d7-e41c-7748-97de-07b5d5bcaa2d [email] member_id=FASTAR000001
[INFO    ] apps.authentication.managers \u2014 \u2705 Created user: email=registered@fashionistar.io\n-------------------------------- live log call --------------------------------
[INFO    ] apps.authentication.serializers.auth — OTP validation successful.
[INFO    ] apps.authentication.models — Details updated for user: registered@fashionistar.io
[INFO    ] apps.authentication.models — Saved UnifiedUser 019d20d7-e41c-7748-97de-07b5d5bcaa2d [email] member_id=FASTAR000001
[INFO    ] apps.authentication.apis.auth_views.sync_views \u2014 \u2705 Account verified: id=019d20d7-e41c-7748-97de-07b5d5bcaa2d identifier=registered@fashionistar.io\n[INFO    ] apps.authentication.models — Details updated for user: registered@fashionistar.io
[INFO    ] apps.authentication.models — Saved UnifiedUser 019d20d7-e41c-7748-97de-07b5d5bcaa2d [email] member_id=FASTAR000001
[INFO    ] apps.common.middleware \u2014 [POST] /api/v1/auth/verify-otp/ \u2192 200 in 45.3ms [req=6da4e95a-9f25-4a0a-b04b-fa15830026b3]\nPASSED                                                                   [ 21%]
apps/authentication/tests/integration/test_verify_otp_endpoint.py::TestVerifyOTPHappyPath::test_user_activated_after_verify 
------------------------------- live log setup --------------------------------
[INFO    ] apps.authentication.models — Saved UnifiedUser 019d20d7-ea23-7580-b229-b1a7919c7932 [email] member_id=FASTAR000001
[INFO    ] apps.authentication.managers \u2014 \u2705 Created user: email=registered@fashionistar.io\n-------------------------------- live log call --------------------------------
[INFO    ] apps.authentication.serializers.auth — OTP validation successful.
[INFO    ] apps.authentication.models — Details updated for user: registered@fashionistar.io
[INFO    ] apps.authentication.models — Saved UnifiedUser 019d20d7-ea23-7580-b229-b1a7919c7932 [email] member_id=FASTAR000001
[INFO    ] apps.authentication.apis.auth_views.sync_views \u2014 \u2705 Account verified: id=019d20d7-ea23-7580-b229-b1a7919c7932 identifier=registered@fashionistar.io\n[INFO    ] apps.authentication.models — Details updated for user: registered@fashionistar.io
[INFO    ] apps.authentication.models — Saved UnifiedUser 019d20d7-ea23-7580-b229-b1a7919c7932 [email] member_id=FASTAR000001
[INFO    ] apps.common.middleware \u2014 [POST] /api/v1/auth/verify-otp/ \u2192 200 in 49.3ms [req=1ee39de6-a8c8-4043-b7eb-d49a81aa40ca]\nPASSED                                                                   [ 22%]
apps/authentication/tests/integration/test_verify_otp_endpoint.py::TestVerifyOTPHappyPath::test_no_user_id_in_request_body 
------------------------------- live log setup --------------------------------
[INFO    ] apps.authentication.models — Saved UnifiedUser 019d20d7-f14a-71cf-b41d-f873ffdb4f13 [email] member_id=FASTAR000001
[INFO    ] apps.authentication.managers \u2014 \u2705 Created user: email=registered@fashionistar.io\n-------------------------------- live log call --------------------------------
[INFO    ] apps.authentication.serializers.auth — OTP validation successful.
[INFO    ] apps.authentication.models — Details updated for user: registered@fashionistar.io
[INFO    ] apps.authentication.models — Saved UnifiedUser 019d20d7-f14a-71cf-b41d-f873ffdb4f13 [email] member_id=FASTAR000001
[INFO    ] apps.authentication.apis.auth_views.sync_views \u2014 \u2705 Account verified: id=019d20d7-f14a-71cf-b41d-f873ffdb4f13 identifier=registered@fashionistar.io\n[INFO    ] apps.authentication.models — Details updated for user: registered@fashionistar.io
[INFO    ] apps.authentication.models — Saved UnifiedUser 019d20d7-f14a-71cf-b41d-f873ffdb4f13 [email] member_id=FASTAR000001
[INFO    ] apps.common.middleware \u2014 [POST] /api/v1/auth/verify-otp/ \u2192 200 in 44.3ms [req=95519b87-5ce8-4837-a2d6-1a0fba959044]\nPASSED                                                                   [ 23%]
apps/authentication/tests/integration/test_verify_otp_endpoint.py::TestVerifyOTPHappyPath::test_access_token_is_valid_jwt_format 
------------------------------- live log setup --------------------------------
[INFO    ] apps.authentication.models — Saved UnifiedUser 019d20d7-f7ad-7ca6-8ea4-0fe2feb3bea6 [email] member_id=FASTAR000001
[INFO    ] apps.authentication.managers \u2014 \u2705 Created user: email=registered@fashionistar.io\n-------------------------------- live log call --------------------------------
[INFO    ] apps.authentication.serializers.auth — OTP validation successful.
[INFO    ] apps.authentication.models — Details updated for user: registered@fashionistar.io
[INFO    ] apps.authentication.models — Saved UnifiedUser 019d20d7-f7ad-7ca6-8ea4-0fe2feb3bea6 [email] member_id=FASTAR000001
[INFO    ] apps.authentication.apis.auth_views.sync_views \u2014 \u2705 Account verified: id=019d20d7-f7ad-7ca6-8ea4-0fe2feb3bea6 identifier=registered@fashionistar.io\n[INFO    ] apps.authentication.models — Details updated for user: registered@fashionistar.io
[INFO    ] apps.authentication.models — Saved UnifiedUser 019d20d7-f7ad-7ca6-8ea4-0fe2feb3bea6 [email] member_id=FASTAR000001
[INFO    ] apps.common.middleware \u2014 [POST] /api/v1/auth/verify-otp/ \u2192 200 in 32.9ms [req=9d924e95-5b7d-40a2-9691-00a525909bff]\nPASSED                                                                   [ 23%]
apps/authentication/tests/integration/test_verify_otp_endpoint.py::TestVerifyOTPErrors::test_invalid_otp_returns_400 
-------------------------------- live log call --------------------------------
[INFO    ] apps.authentication.serializers.auth — OTP validation successful.
[WARNING ] apps.authentication.apis.auth_views.sync_views \u2014 \u26a0\ufe0f VerifyOTPView: invalid/expired OTP submitted\n[INFO    ] apps.common.middleware \u2014 [POST] /api/v1/auth/verify-otp/ \u2192 400 in 2.2ms [req=a4e2efa5-1467-4d94-982a-3fd8105139e7]\nPASSED                                                                   [ 24%]
apps/authentication/tests/integration/test_verify_otp_endpoint.py::TestVerifyOTPErrors::test_expired_otp_returns_400 
-------------------------------- live log call --------------------------------
[INFO    ] apps.authentication.serializers.auth — OTP validation successful.
[WARNING ] apps.authentication.apis.auth_views.sync_views \u2014 \u26a0\ufe0f VerifyOTPView: invalid/expired OTP submitted\n[INFO    ] apps.common.middleware \u2014 [POST] /api/v1/auth/verify-otp/ \u2192 400 in 2.4ms [req=337521db-0c7f-4457-bc0f-8472c7f41f37]\nPASSED                                                                   [ 25%]
apps/authentication/tests/integration/test_verify_otp_endpoint.py::TestVerifyOTPErrors::test_missing_otp_field_returns_400 
-------------------------------- live log call --------------------------------
[WARNING ] apps.authentication.apis.auth_views.sync_views \u2014 \u26a0\ufe0f VerifyOTPView validation error: {'otp': [ErrorDetail(string='This field is required.', code='required')]}\n[INFO    ] apps.common.middleware \u2014 [POST] /api/v1/auth/verify-otp/ \u2192 400 in 2.1ms [req=4f71e6bd-711f-44b0-b2d0-262e71d9bd27]\nPASSED                                                                   [ 25%]
apps/authentication/tests/integration/test_verify_otp_endpoint.py::TestVerifyOTPErrors::test_non_numeric_otp_returns_400 
-------------------------------- live log call --------------------------------
[WARNING ] apps.authentication.serializers.auth — OTP validation failed: Non-digit characters detected.
[WARNING ] apps.authentication.apis.auth_views.sync_views \u2014 \u26a0\ufe0f VerifyOTPView validation error: {'otp': [ErrorDetail(string='OTP must contain only digits.', code='invalid')]}\n[INFO    ] apps.common.middleware \u2014 [POST] /api/v1/auth/verify-otp/ \u2192 400 in 4.1ms [req=afa9fec6-a145-4a47-b26f-527df965c58b]\nPASSED                                                                   [ 26%]
apps/authentication/tests/integration/test_verify_otp_endpoint.py::TestVerifyOTPErrors::test_5_digit_otp_returns_400 
-------------------------------- live log call --------------------------------
[WARNING ] apps.authentication.serializers.auth — OTP validation failed: Invalid length 5.
[WARNING ] apps.authentication.apis.auth_views.sync_views \u2014 \u26a0\ufe0f VerifyOTPView validation error: {'otp': [ErrorDetail(string='OTP length should be of six digits.', code='invalid')]}\n[INFO    ] apps.common.middleware \u2014 [POST] /api/v1/auth/verify-otp/ \u2192 400 in 2.5ms [req=145c249b-9a71-406f-8c4e-ce1ecf43fa14]\nPASSED                                                                   [ 27%]
apps/authentication/tests/integration/test_verify_otp_endpoint.py::TestVerifyOTPErrors::test_error_response_has_no_tokens 
-------------------------------- live log call --------------------------------
[INFO    ] apps.authentication.serializers.auth — OTP validation successful.
[WARNING ] apps.authentication.apis.auth_views.sync_views \u2014 \u26a0\ufe0f VerifyOTPView: invalid/expired OTP submitted\n[INFO    ] apps.common.middleware \u2014 [POST] /api/v1/auth/verify-otp/ \u2192 400 in 3.8ms [req=450cc6cf-0f7f-473a-abcc-ed134eece1c1]\nPASSED                                                                   [ 27%]
apps/authentication/tests/integration/test_verify_otp_endpoint.py::TestVerifyOTPAlreadyVerified::test_already_verified_user_returns_200 
------------------------------- live log setup --------------------------------
[INFO    ] apps.authentication.models — Saved UnifiedUser 019d20d8-00be-75b9-9253-bae157b70094 [email] member_id=FASTAR000001
[INFO    ] apps.authentication.managers \u2014 \u2705 Created user: email=verified@fashionistar.io\n-------------------------------- live log call --------------------------------
[INFO    ] apps.authentication.serializers.auth — OTP validation successful.
[INFO    ] apps.authentication.apis.auth_views.sync_views \u2014 \u2705 Account verified: id=019d20d8-00be-75b9-9253-bae157b70094 identifier=verified@fashionistar.io\n[INFO    ] apps.authentication.models — Details updated for user: verified@fashionistar.io
[INFO    ] apps.authentication.models — Saved UnifiedUser 019d20d8-00be-75b9-9253-bae157b70094 [email] member_id=FASTAR000001
[INFO    ] apps.common.middleware \u2014 [POST] /api/v1/auth/verify-otp/ \u2192 200 in 40.5ms [req=b2f7dd4d-764c-4df0-8b02-ba3b88a509da]\nPASSED                                                                   [ 28%]
apps/authentication/tests/test_login.py::TestLoginHappyPath::test_email_login_returns_200_with_tokens 
------------------------------- live log setup --------------------------------
[INFO    ] apps.authentication.models — Saved UnifiedUser 019d20d8-06b2-7611-aea3-4d8f4ad2a1be [email] member_id=FASTAR000001
[INFO    ] apps.authentication.managers \u2014 \u2705 Created user: email=verified@fashionistar.io\n-------------------------------- live log call --------------------------------
[INFO    ] apps.authentication.serializers.auth \u2014 \u2705 LoginSerializer: valid credentials for 'verified@fashionistar.io'\n[INFO    ] apps.authentication.models — Details updated for user: verified@fashionistar.io
[INFO    ] apps.authentication.models — Saved UnifiedUser 019d20d8-06b2-7611-aea3-4d8f4ad2a1be [email] member_id=FASTAR000001
[INFO    ] apps.authentication.apis.auth_views.sync_views \u2014 \u2705 LoginView: login successful for verified@fashionistar.io (id=019d20d8-06b2-7611-aea3-4d8f4ad2a1be role=client)\n[INFO    ] apps.common.middleware \u2014 [POST] /api/v1/auth/login/ \u2192 200 in 2608.3ms [req=7c6d7ddf-c8ed-4f13-9a8f-52a10d4c3c62]\nPASSED                                                                   [ 29%]
apps/authentication/tests/test_login.py::TestLoginHappyPath::test_login_access_token_is_non_empty 
------------------------------- live log setup --------------------------------
[INFO    ] apps.authentication.models — Saved UnifiedUser 019d20d8-16f4-71aa-ae8d-3fddd3de2c68 [email] member_id=FASTAR000001
[INFO    ] apps.authentication.managers \u2014 \u2705 Created user: email=verified@fashionistar.io\n-------------------------------- live log call --------------------------------
[INFO    ] apps.authentication.serializers.auth \u2014 \u2705 LoginSerializer: valid credentials for 'verified@fashionistar.io'\n[INFO    ] apps.authentication.models — Details updated for user: verified@fashionistar.io
[INFO    ] apps.authentication.models — Saved UnifiedUser 019d20d8-16f4-71aa-ae8d-3fddd3de2c68 [email] member_id=FASTAR000001
[INFO    ] apps.authentication.apis.auth_views.sync_views \u2014 \u2705 LoginView: login successful for verified@fashionistar.io (id=019d20d8-16f4-71aa-ae8d-3fddd3de2c68 role=client)\n[INFO    ] apps.common.middleware \u2014 [POST] /api/v1/auth/login/ \u2192 200 in 3189.1ms [req=7183ae44-0207-477f-8d33-bb995da644b7]\nPASSED                                                                   [ 29%]
apps/authentication/tests/test_login.py::TestLoginFailures::test_wrong_password_returns_error 
------------------------------- live log setup --------------------------------
[INFO    ] apps.authentication.models — Saved UnifiedUser 019d20d8-2897-7935-b26c-cae53e0947a4 [email] member_id=FASTAR000001
[INFO    ] apps.authentication.managers \u2014 \u2705 Created user: email=verified@fashionistar.io\n-------------------------------- live log call --------------------------------
[WARNING ] apps.authentication.serializers.auth \u2014 \u26d4 Login failed: wrong password for 'verified@fashionistar.io'\n[INFO    ] apps.common.middleware \u2014 [POST] /api/v1/auth/login/ \u2192 401 in 1252.0ms [req=c999b50b-5c04-4177-ac00-a1268a64e9d5]\nPASSED                                                                   [ 30%]
apps/authentication/tests/test_login.py::TestLoginFailures::test_non_existent_user_returns_error 
-------------------------------- live log call --------------------------------
[WARNING ] apps.authentication.serializers.auth \u2014 \u26d4 Login failed: user not found 'nobody@nowhere.com'\n[INFO    ] apps.common.middleware \u2014 [POST] /api/v1/auth/login/ \u2192 401 in 5.6ms [req=53967c34-78a1-46cc-8b9b-dfb575263c9a]\nPASSED                                                                   [ 30%]
apps/authentication/tests/test_login.py::TestLoginFailures::test_empty_payload_returns_400 
-------------------------------- live log call --------------------------------
[WARNING ] apps.authentication.apis.auth_views.sync_views \u2014 \u26a0\ufe0f LoginView validation error: {'email_or_phone': [ErrorDetail(string='This field is required.', code='required')], 'password': [ErrorDetail(string='This field is required.', code='required')]}\n[INFO    ] apps.common.middleware \u2014 [POST] /api/v1/auth/login/ \u2192 400 in 5.4ms [req=f288e44c-57c4-41cd-ba49-881cdc2494c9]\nPASSED                                                                   [ 31%]
apps/authentication/tests/test_login.py::TestLoginFailures::test_unverified_user_cannot_login 
------------------------------- live log setup --------------------------------
[INFO    ] apps.authentication.models — Saved UnifiedUser 019d20d8-340a-73d4-9fa9-0463ec1a459d [email] member_id=FASTAR000001
[INFO    ] apps.authentication.managers \u2014 \u2705 Created user: email=registered@fashionistar.io\n-------------------------------- live log call --------------------------------
[WARNING ] apps.authentication.serializers.auth \u2014 \u26d4 Login rejected: account not verified 'registered@fashionistar.io'\n[WARNING ] apps.authentication.apis.auth_views.sync_views \u2014 \u26d4 LoginView: unverified account attempt \u2014 registered@fashionistar.io\n[INFO    ] apps.common.middleware \u2014 [POST] /api/v1/auth/login/ \u2192 403 in 1200.6ms [req=deb3a232-4904-4125-a8d3-5b0e5b127c10]\nPASSED                                                                   [ 32%]
apps/authentication/tests/test_login.py::TestLogout::test_logout_blacklists_refresh_token 
------------------------------- live log setup --------------------------------
[INFO    ] apps.authentication.models — Saved UnifiedUser 019d20d8-3db1-7ac3-bffa-5798c1d7d848 [email] member_id=FASTAR000001
[INFO    ] apps.authentication.managers \u2014 \u2705 Created user: email=verified@fashionistar.io\n-------------------------------- live log call --------------------------------
[INFO    ] apps.authentication.apis.auth_views.sync_views — Logout: refresh token blacklisted — user_id=019d20d8-3db1-7ac3-bffa-5798c1d7d848
[INFO    ] apps.common.middleware \u2014 [POST] /api/v1/auth/logout/ \u2192 200 in 10.1ms [req=8990521d-e873-4805-b039-9c9384f2670d]\nPASSED                                                                   [ 32%]
apps/authentication/tests/test_login.py::TestLogout::test_logout_without_refresh_token_returns_400 
------------------------------- live log setup --------------------------------
[INFO    ] apps.authentication.models — Saved UnifiedUser 019d20d8-42b8-7178-a096-02c2c1cf4791 [email] member_id=FASTAR000001
[INFO    ] apps.authentication.managers \u2014 \u2705 Created user: email=verified@fashionistar.io\n-------------------------------- live log call --------------------------------
[INFO    ] apps.common.middleware \u2014 [POST] /api/v1/auth/logout/ \u2192 400 in 7.6ms [req=afc78819-2500-44c3-bb13-13f504a90147]\nPASSED                                                                   [ 33%]
apps/authentication/tests/test_login.py::TestLogout::test_logout_requires_authentication 
-------------------------------- live log call --------------------------------
[INFO    ] apps.common.middleware \u2014 [POST] /api/v1/auth/logout/ \u2192 401 in 4.0ms [req=d41fffe0-faab-4f9e-8935-098f8109c8c3]\nPASSED                                                                   [ 34%]
apps/authentication/tests/test_login.py::TestLogout::test_double_logout_returns_400 
------------------------------- live log setup --------------------------------
[INFO    ] apps.authentication.models — Saved UnifiedUser 019d20d8-4884-7135-bfc7-c23527784915 [email] member_id=FASTAR000001
[INFO    ] apps.authentication.managers \u2014 \u2705 Created user: email=verified@fashionistar.io\n-------------------------------- live log call --------------------------------
[INFO    ] apps.authentication.apis.auth_views.sync_views — Logout: refresh token blacklisted — user_id=019d20d8-4884-7135-bfc7-c23527784915
[INFO    ] apps.common.middleware \u2014 [POST] /api/v1/auth/logout/ \u2192 200 in 9.3ms [req=deb1f03e-8e4d-4442-8023-1ec832bca3d4]\n[WARNING ] apps.authentication.apis.auth_views.sync_views — LogoutView TokenError user_id=019d20d8-4884-7135-bfc7-c23527784915: Token is blacklisted
[INFO    ] apps.common.middleware \u2014 [POST] /api/v1/auth/logout/ \u2192 400 in 7.2ms [req=43028c54-5a1e-4132-8252-b49efdfbf5c9]\nPASSED                                                                   [ 34%]
apps/authentication/tests/test_password_reset.py::TestIsExpiredBadge::test_active_badge PASSED [ 35%]
apps/authentication/tests/test_password_reset.py::TestIsExpiredBadge::test_expired_badge PASSED [ 36%]
apps/authentication/tests/test_registration.py::TestHappyPath::test_email_registration_201 
-------------------------------- live log call --------------------------------
[INFO    ] apps.authentication.serializers.auth — Registration validation successful.
[INFO    ] apps.authentication.models — Saved UnifiedUser 019d20d8-506f-78d5-a67f-965be9182bbc [email] member_id=FASTAR000001
[INFO    ] apps.authentication.managers \u2014 \u2705 Created user: email=happy_email@test.io\n[INFO    ] apps.authentication.services.registration.sync_service \u2014 \u2705 User created (sync): id=019d20d8-506f-78d5-a67f-965be9182bbc identifier=happy_email@test.io role=client\n[INFO    ] apps.authentication.services.registration.sync_service \u2014 \U0001f510 OTP generated for user_id=019d20d8-506f-78d5-a67f-965be9182bbc\n[INFO    ] apps.authentication.services.registration.sync_service \u2014 \U0001f4e1 EventBus: 'user.registered' scheduled on_commit [user_id=019d20d8-506f-78d5-a67f-965be9182bbc]\n[INFO    ] apps.authentication.services.registration.sync_service \u2014 \U0001f4e7 OTP email task scheduled on_commit \u2192 Celery [user_id=019d20d8-506f-78d5-a67f-965be9182bbc email=happy_email@test.io]\n[INFO    ] apps.authentication.apis.auth_views.sync_views \u2014 \u2705 RegisterView: user_id=019d20d8-506f-78d5-a67f-965be9182bbc identifier=happy_email@test.io\n[INFO    ] apps.common.middleware \u2014 [POST] /api/v1/auth/register/ \u2192 201 in 1195.7ms [req=7f3e40d3-e444-4f36-84d1-4fa4b294e0ca]\nPASSED                                                                   [ 36%]
apps/authentication/tests/test_registration.py::TestHappyPath::test_phone_registration_201 
-------------------------------- live log call --------------------------------
[INFO    ] apps.authentication.serializers.auth — Registration validation successful.
[INFO    ] apps.authentication.models — Saved UnifiedUser 019d20d8-558d-7b51-b37c-90669797e265 [phone] member_id=FASTAR000001
[INFO    ] apps.authentication.managers \u2014 \u2705 Created user: email=+234 803 111 1111\n[INFO    ] apps.authentication.services.registration.sync_service \u2014 \u2705 User created (sync): id=019d20d8-558d-7b51-b37c-90669797e265 identifier=+234 803 111 1111 role=vendor\n[INFO    ] apps.authentication.services.registration.sync_service \u2014 \U0001f510 OTP generated for user_id=019d20d8-558d-7b51-b37c-90669797e265\n[INFO    ] apps.authentication.services.registration.sync_service \u2014 \U0001f4e1 EventBus: 'user.registered' scheduled on_commit [user_id=019d20d8-558d-7b51-b37c-90669797e265]\n[INFO    ] apps.authentication.services.registration.sync_service \u2014 \U0001f4f1 OTP SMS task scheduled on_commit \u2192 Celery [user_id=019d20d8-558d-7b51-b37c-90669797e265 phone=+234 803 111 1111]\n[INFO    ] apps.authentication.apis.auth_views.sync_views \u2014 \u2705 RegisterView: user_id=019d20d8-558d-7b51-b37c-90669797e265 identifier=+234 803 111 1111\n[INFO    ] apps.common.middleware \u2014 [POST] /api/v1/auth/register/ \u2192 201 in 1206.3ms [req=b63339b7-ddeb-4cc2-8b07-ccb81fc92318]\nPASSED                                                                   [ 37%]
apps/authentication/tests/test_registration.py::TestHappyPath::test_second_phone_user_201_regression 
-------------------------------- live log call --------------------------------
[INFO    ] apps.authentication.serializers.auth — Registration validation successful.
[INFO    ] apps.authentication.models — Saved UnifiedUser 019d20d8-5ab8-722d-8179-37d6746c452d [phone] member_id=FASTAR000001
[INFO    ] apps.authentication.managers \u2014 \u2705 Created user: email=+234 803 111 2222\n[INFO    ] apps.authentication.services.registration.sync_service \u2014 \u2705 User created (sync): id=019d20d8-5ab8-722d-8179-37d6746c452d identifier=+234 803 111 2222 role=vendor\n[INFO    ] apps.authentication.services.registration.sync_service \u2014 \U0001f510 OTP generated for user_id=019d20d8-5ab8-722d-8179-37d6746c452d\n[INFO    ] apps.authentication.services.registration.sync_service \u2014 \U0001f4e1 EventBus: 'user.registered' scheduled on_commit [user_id=019d20d8-5ab8-722d-8179-37d6746c452d]\n[INFO    ] apps.authentication.services.registration.sync_service \u2014 \U0001f4f1 OTP SMS task scheduled on_commit \u2192 Celery [user_id=019d20d8-5ab8-722d-8179-37d6746c452d phone=+234 803 111 2222]\n[INFO    ] apps.authentication.apis.auth_views.sync_views \u2014 \u2705 RegisterView: user_id=019d20d8-5ab8-722d-8179-37d6746c452d identifier=+234 803 111 2222\n[INFO    ] apps.common.middleware \u2014 [POST] /api/v1/auth/register/ \u2192 201 in 1437.1ms [req=0b43a328-1bc2-4b05-87c9-777f1d6039a7]\n[INFO    ] apps.authentication.serializers.auth — Registration validation successful.
[INFO    ] apps.authentication.models — Saved UnifiedUser 019d20d8-6059-7ca4-bf38-54f60a8b442f [phone] member_id=FASTAR000002
[INFO    ] apps.authentication.managers \u2014 \u2705 Created user: email=+234 803 111 3333\n[INFO    ] apps.authentication.services.registration.sync_service \u2014 \u2705 User created (sync): id=019d20d8-6059-7ca4-bf38-54f60a8b442f identifier=+234 803 111 3333 role=client\n[INFO    ] apps.authentication.services.registration.sync_service \u2014 \U0001f510 OTP generated for user_id=019d20d8-6059-7ca4-bf38-54f60a8b442f\n[INFO    ] apps.authentication.services.registration.sync_service \u2014 \U0001f4e1 EventBus: 'user.registered' scheduled on_commit [user_id=019d20d8-6059-7ca4-bf38-54f60a8b442f]\n[INFO    ] apps.authentication.services.registration.sync_service \u2014 \U0001f4f1 OTP SMS task scheduled on_commit \u2192 Celery [user_id=019d20d8-6059-7ca4-bf38-54f60a8b442f phone=+234 803 111 3333]\n[INFO    ] apps.authentication.apis.auth_views.sync_views \u2014 \u2705 RegisterView: user_id=019d20d8-6059-7ca4-bf38-54f60a8b442f identifier=+234 803 111 3333\n[INFO    ] apps.common.middleware \u2014 [POST] /api/v1/auth/register/ \u2192 201 in 1212.8ms [req=dbf41688-0d1f-4050-a7b9-439fa8b8602b]\nPASSED                                                                   [ 38%]
apps/authentication/tests/test_registration.py::TestHappyPath::test_new_user_is_inactive_and_unverified 
-------------------------------- live log call --------------------------------
[INFO    ] apps.authentication.serializers.auth — Registration validation successful.
[INFO    ] apps.authentication.models — Saved UnifiedUser 019d20d8-6588-7395-b01a-e3cde6074da6 [email] member_id=FASTAR000001
[INFO    ] apps.authentication.managers \u2014 \u2705 Created user: email=inactive_check@test.io\n[INFO    ] apps.authentication.services.registration.sync_service \u2014 \u2705 User created (sync): id=019d20d8-6588-7395-b01a-e3cde6074da6 identifier=inactive_check@test.io role=client\n[INFO    ] apps.authentication.services.registration.sync_service \u2014 \U0001f510 OTP generated for user_id=019d20d8-6588-7395-b01a-e3cde6074da6\n[INFO    ] apps.authentication.services.registration.sync_service \u2014 \U0001f4e1 EventBus: 'user.registered' scheduled on_commit [user_id=019d20d8-6588-7395-b01a-e3cde6074da6]\n[INFO    ] apps.authentication.services.registration.sync_service \u2014 \U0001f4e7 OTP email task scheduled on_commit \u2192 Celery [user_id=019d20d8-6588-7395-b01a-e3cde6074da6 email=inactive_check@test.io]\n[INFO    ] apps.authentication.apis.auth_views.sync_views \u2014 \u2705 RegisterView: user_id=019d20d8-6588-7395-b01a-e3cde6074da6 identifier=inactive_check@test.io\n[INFO    ] apps.common.middleware \u2014 [POST] /api/v1/auth/register/ \u2192 201 in 1179.1ms [req=bb412ae9-a147-4097-9290-400c9bdb4e5a]\nPASSED                                                                   [ 38%]
apps/authentication/tests/test_registration.py::TestHappyPath::test_vendor_role_saved 
-------------------------------- live log call --------------------------------
[INFO    ] apps.authentication.serializers.auth — Registration validation successful.
[INFO    ] apps.authentication.models — Saved UnifiedUser 019d20d8-6a75-7037-a07c-f3cad8fd9f3d [email] member_id=FASTAR000001
[INFO    ] apps.authentication.managers \u2014 \u2705 Created user: email=vendor_role@test.io\n[INFO    ] apps.authentication.services.registration.sync_service \u2014 \u2705 User created (sync): id=019d20d8-6a75-7037-a07c-f3cad8fd9f3d identifier=vendor_role@test.io role=vendor\n[INFO    ] apps.authentication.services.registration.sync_service \u2014 \U0001f510 OTP generated for user_id=019d20d8-6a75-7037-a07c-f3cad8fd9f3d\n[INFO    ] apps.authentication.services.registration.sync_service \u2014 \U0001f4e1 EventBus: 'user.registered' scheduled on_commit [user_id=019d20d8-6a75-7037-a07c-f3cad8fd9f3d]\n[INFO    ] apps.authentication.services.registration.sync_service \u2014 \U0001f4e7 OTP email task scheduled on_commit \u2192 Celery [user_id=019d20d8-6a75-7037-a07c-f3cad8fd9f3d email=vendor_role@test.io]\n[INFO    ] apps.authentication.apis.auth_views.sync_views \u2014 \u2705 RegisterView: user_id=019d20d8-6a75-7037-a07c-f3cad8fd9f3d identifier=vendor_role@test.io\n[INFO    ] apps.common.middleware \u2014 [POST] /api/v1/auth/register/ \u2192 201 in 1044.8ms [req=023ea004-387b-4b45-ac77-2f57efcd418e]\nPASSED                                                                   [ 39%]
apps/authentication/tests/test_registration.py::TestHappyPath::test_multipart_form_201 
-------------------------------- live log call --------------------------------
[INFO    ] apps.authentication.serializers.auth — Registration validation successful.
[INFO    ] apps.authentication.models — Saved UnifiedUser 019d20d8-6efa-71f1-96c9-b9096a280af3 [email] member_id=FASTAR000001
[INFO    ] apps.authentication.managers \u2014 \u2705 Created user: email=multipart@test.io\n[INFO    ] apps.authentication.services.registration.sync_service \u2014 \u2705 User created (sync): id=019d20d8-6efa-71f1-96c9-b9096a280af3 identifier=multipart@test.io role=client\n[INFO    ] apps.authentication.services.registration.sync_service \u2014 \U0001f510 OTP generated for user_id=019d20d8-6efa-71f1-96c9-b9096a280af3\n[INFO    ] apps.authentication.services.registration.sync_service \u2014 \U0001f4e1 EventBus: 'user.registered' scheduled on_commit [user_id=019d20d8-6efa-71f1-96c9-b9096a280af3]\n[INFO    ] apps.authentication.services.registration.sync_service \u2014 \U0001f4e7 OTP email task scheduled on_commit \u2192 Celery [user_id=019d20d8-6efa-71f1-96c9-b9096a280af3 email=multipart@test.io]\n[INFO    ] apps.authentication.apis.auth_views.sync_views \u2014 \u2705 RegisterView: user_id=019d20d8-6efa-71f1-96c9-b9096a280af3 identifier=multipart@test.io\n[INFO    ] apps.common.middleware \u2014 [POST] /api/v1/auth/register/ \u2192 201 in 1322.0ms [req=d085b59b-501e-4448-a889-7ac190c1f633]\nPASSED                                                                   [ 40%]
apps/authentication/tests/test_registration.py::TestValidationErrors::test_password_mismatch_400 
-------------------------------- live log call --------------------------------
[WARNING ] apps.authentication.serializers.auth — Registration failed: Passwords do not match.
[INFO    ] apps.common.middleware \u2014 [POST] /api/v1/auth/register/ \u2192 400 in 8.8ms [req=4f7c9a16-5602-4c96-8633-7532771fbe44]\nPASSED                                                                   [ 40%]
apps/authentication/tests/test_registration.py::TestValidationErrors::test_weak_password_400 
-------------------------------- live log call --------------------------------
[INFO    ] apps.common.middleware \u2014 [POST] /api/v1/auth/register/ \u2192 400 in 7.9ms [req=701424f7-2775-4713-9102-cabb342c8820]\nPASSED                                                                   [ 41%]
apps/authentication/tests/test_registration.py::TestValidationErrors::test_missing_email_and_phone_400 
-------------------------------- live log call --------------------------------
[INFO    ] apps.common.middleware \u2014 [POST] /api/v1/auth/register/ \u2192 400 in 4.2ms [req=0d625f1e-da49-415e-a9ed-ec9074e40c0a]\nPASSED                                                                   [ 41%]
apps/authentication/tests/test_registration.py::TestValidationErrors::test_both_email_and_phone_400 
-------------------------------- live log call --------------------------------
[INFO    ] apps.common.middleware \u2014 [POST] /api/v1/auth/register/ \u2192 400 in 2.1ms [req=372fda6b-faa4-4dce-a930-2664b164f427]\nPASSED                                                                   [ 42%]
apps/authentication/tests/test_registration.py::TestValidationErrors::test_invalid_email_format_400 
-------------------------------- live log call --------------------------------
[INFO    ] apps.common.middleware \u2014 [POST] /api/v1/auth/register/ \u2192 400 in 2.9ms [req=12c7ee3e-96c5-4446-899e-82629e197a5c]\nPASSED                                                                   [ 43%]
apps/authentication/tests/test_registration.py::TestValidationErrors::test_empty_payload_400 
-------------------------------- live log call --------------------------------
[INFO    ] apps.common.middleware \u2014 [POST] /api/v1/auth/register/ \u2192 400 in 2.8ms [req=adf51f81-f072-4643-9c28-349c00ad73db]\nPASSED                                                                   [ 43%]
apps/authentication/tests/test_registration.py::TestValidationErrors::test_admin_role_rejected_400 
-------------------------------- live log call --------------------------------
[INFO    ] apps.common.middleware \u2014 [POST] /api/v1/auth/register/ \u2192 400 in 1.8ms [req=ab88ad4c-101b-4cdc-81eb-8d1fa1449c7a]\nPASSED                                                                   [ 44%]
apps/authentication/tests/test_registration.py::TestValidationErrors::test_missing_role_400 
-------------------------------- live log call --------------------------------
[INFO    ] apps.common.middleware \u2014 [POST] /api/v1/auth/register/ \u2192 400 in 2.4ms [req=5883972d-3665-40b4-b92e-3eec2365d612]\nPASSED                                                                   [ 45%]
apps/authentication/tests/test_registration.py::TestValidationErrors::test_missing_password_400 
-------------------------------- live log call --------------------------------
[INFO    ] apps.common.middleware \u2014 [POST] /api/v1/auth/register/ \u2192 400 in 1.8ms [req=96c0b383-870a-44e0-9be9-b667506d5042]\nPASSED                                                                   [ 45%]
apps/authentication/tests/test_registration.py::TestDuplicates::test_duplicate_email_returns_400_not_500 
------------------------------- live log setup --------------------------------
[INFO    ] apps.authentication.models — Saved UnifiedUser 019d20d8-7829-70dd-b65c-dd98dc53e2bf [email] member_id=FASTAR000001
[INFO    ] apps.authentication.managers \u2014 \u2705 Created user: email=registered@fashionistar.io\n-------------------------------- live log call --------------------------------
[INFO    ] apps.common.middleware \u2014 [POST] /api/v1/auth/register/ \u2192 400 in 4.0ms [req=ef58cf70-5e7b-4519-9788-62bd47088a07]\nPASSED                                                                   [ 46%]
apps/authentication/tests/test_registration.py::TestDuplicates::test_duplicate_email_error_is_field_specific 
------------------------------- live log setup --------------------------------
[INFO    ] apps.authentication.models — Saved UnifiedUser 019d20d8-7c62-7bc8-8cbf-5e05b7d12f5a [email] member_id=FASTAR000001
[INFO    ] apps.authentication.managers \u2014 \u2705 Created user: email=registered@fashionistar.io\n-------------------------------- live log call --------------------------------
[INFO    ] apps.common.middleware \u2014 [POST] /api/v1/auth/register/ \u2192 400 in 4.8ms [req=1af168b6-139f-42ff-9988-192044af9ec9]\nPASSED                                                                   [ 47%]
apps/authentication/tests/test_registration.py::TestDuplicates::test_duplicate_phone_returns_400_with_phone_error 
-------------------------------- live log call --------------------------------
[INFO    ] apps.authentication.models — Saved UnifiedUser 019d20d8-8173-7673-b6aa-be61d35c069a [phone] member_id=FASTAR000001
[INFO    ] apps.authentication.managers \u2014 \u2705 Created user: email=+2348099990000\n[INFO    ] apps.common.middleware \u2014 [POST] /api/v1/auth/register/ \u2192 400 in 8.1ms [req=58863d13-4982-40cb-9af9-54819ce1fe59]\nPASSED                                                                   [ 47%]
apps/authentication/tests/test_registration.py::TestDuplicates::test_duplicate_phone_no_second_user_created 
-------------------------------- live log call --------------------------------
[INFO    ] apps.authentication.models — Saved UnifiedUser 019d20d8-8724-787d-87e5-a557bd813e23 [phone] member_id=FASTAR000001
[INFO    ] apps.authentication.managers \u2014 \u2705 Created user: email=+2348099991111\n[INFO    ] apps.common.middleware \u2014 [POST] /api/v1/auth/register/ \u2192 400 in 4.8ms [req=6db57146-9fae-454f-8bd6-2e9d892baa41]\nPASSED                                                                   [ 48%]
apps/authentication/tests/test_registration.py::TestDuplicates::test_race_condition_returns_400 
-------------------------------- live log call --------------------------------
[INFO    ] apps.authentication.serializers.auth — Registration validation successful.
[ERROR   ] apps.authentication.services.registration.sync_service \u2014 \u274c RegistrationService.register_sync failed: {'email': [ErrorDetail(string='Already exists.', code='invalid')]}\nTraceback (most recent call last):\n  File "C:\\Users\\fashi\\OneDrive\\Documenti\\FASHIONISTAR_ANTAGRAVITY\\fashionistar_backend\\apps\\authentication\\services\\registration\\sync_service.py", line 110, in register_sync\n    user = UnifiedUser.objects.create_user(\n        email=email,\n    ...<5 lines>...\n        **extra_fields\n    )\n  File "C:\\Python314\\Lib\\unittest\\mock.py", line 1175, in __call__\n    return self._mock_call(*args, **kwargs)\n           ~~~~~~~~~~~~~~~^^^^^^^^^^^^^^^^^\n  File "C:\\Python314\\Lib\\unittest\\mock.py", line 1179, in _mock_call\n    return self._execute_mock_call(*args, **kwargs)\n           ~~~~~~~~~~~~~~~~~~~~~~~^^^^^^^^^^^^^^^^^\n  File "C:\\Python314\\Lib\\unittest\\mock.py", line 1234, in _execute_mock_call\n    raise effect\ndjango.core.exceptions.ValidationError: {'email': ['Already exists.']}\n\nDuring handling of the above exception, another exception occurred:\n\nTraceback (most recent call last):\n  File "C:\\Users\\fashi\\OneDrive\\Documenti\\FASHIONISTAR_ANTAGRAVITY\\fashionistar_backend\\apps\\authentication\\services\\registration\\sync_service.py", line 121, in register_sync\n    raise drf_serializers.ValidationError(exc.message_dict)\nrest_framework.exceptions.ValidationError: {'email': [ErrorDetail(string='Already exists.', code='invalid')]}\n[WARNING ] apps.authentication.apis.auth_views.sync_views \u2014 \u26a0\ufe0f RegisterView DRF validation error: {'email': [ErrorDetail(string='Already exists.', code='invalid')]}\n[INFO    ] apps.common.middleware \u2014 [POST] /api/v1/auth/register/ \u2192 400 in 6.9ms [req=01a551a3-f9cb-47b5-a312-a50ded6c76db]\nPASSED                                                                   [ 49%]
apps/authentication/tests/unit/test_otp_service.py::TestResendOTPSync::test_uses_resend_otp_html_template 
-------------------------------- live log call --------------------------------
[INFO    ] apps.authentication.models — Saved UnifiedUser 019d20d8-8d06-7998-bd43-0022445e82e2 [email] member_id=FASTAR000001
[INFO    ] apps.authentication.managers \u2014 \u2705 Created user: email=resend_template@test.io\n[INFO    ] apps.authentication.services.otp.sync_service \u2014 \U0001f4e7 OTP resend email scheduled on_commit \u2192 Celery [user_id=019d20d8-8d06-7998-bd43-0022445e82e2 email=resend_template@test.io]\n[INFO    ] apps.authentication.services.otp.sync_service \u2014 \U0001f4e7 OTP resend email scheduled on_commit \u2192 Celery [user_id=019d20d8-8d06-7998-bd43-0022445e82e2 email=resend_template@test.io]\nPASSED                                                                   [ 49%]
apps/authentication/tests/unit/test_otp_service.py::TestResendOTPSync::test_generic_message_for_nonexistent_user 
-------------------------------- live log call --------------------------------
[WARNING ] apps.authentication.services.otp.sync_service — Resend OTP requested for non-existent user: ghost@nowhere.io
PASSED                                                                   [ 50%]
apps/authentication/tests/unit/test_serializers.py::TestLoginSerializer::test_valid_email_login_passes 
------------------------------- live log setup --------------------------------
[INFO    ] apps.authentication.models — Saved UnifiedUser 019d20d8-91a0-754e-b3a6-420cc24cf3d0 [email] member_id=FASTAR000001
[INFO    ] apps.authentication.managers \u2014 \u2705 Created user: email=verified@fashionistar.io\n-------------------------------- live log call --------------------------------
[INFO    ] apps.authentication.serializers.auth \u2014 \u2705 LoginSerializer: valid credentials for 'verified@fashionistar.io'\nPASSED                                                                   [ 50%]
apps/authentication/tests/unit/test_serializers.py::TestLoginSerializer::test_wrong_password_fails 
------------------------------- live log setup --------------------------------
[INFO    ] apps.authentication.models — Saved UnifiedUser 019d20d8-9d6b-7c85-a93d-33be2545267d [email] member_id=FASTAR000001
[INFO    ] apps.authentication.managers \u2014 \u2705 Created user: email=verified@fashionistar.io\n-------------------------------- live log call --------------------------------
[WARNING ] apps.authentication.serializers.auth \u2014 \u26d4 Login failed: wrong password for 'verified@fashionistar.io'\nFAILED                                                                   [ 51%]
apps/authentication/tests/unit/test_serializers.py::TestLoginSerializer::test_non_existent_user_fails 
-------------------------------- live log call --------------------------------
[WARNING ] apps.authentication.serializers.auth \u2014 \u26d4 Login failed: user not found 'nobody@nowhere.com'\nFAILED                                                                   [ 52%]
apps/authentication/tests/unit/test_serializers.py::TestLoginSerializer::test_inactive_user_cannot_login 
------------------------------- live log setup --------------------------------
[INFO    ] apps.authentication.models — Saved UnifiedUser 019d20d8-a85a-75df-8db2-9cffcea43819 [email] member_id=FASTAR000001
[INFO    ] apps.authentication.managers \u2014 \u2705 Created user: email=registered@fashionistar.io\n-------------------------------- live log call --------------------------------
[WARNING ] apps.authentication.serializers.auth \u2014 \u26d4 Login rejected: account not verified 'registered@fashionistar.io'\nFAILED                                                                   [ 52%]
apps/authentication/tests/unit/test_serializers.py::TestLoginSerializer::test_validated_data_contains_user_object 
------------------------------- live log setup --------------------------------
[INFO    ] apps.authentication.models — Saved UnifiedUser 019d20d8-b175-798b-b19b-6bc1e480b624 [email] member_id=FASTAR000001
[INFO    ] apps.authentication.managers \u2014 \u2705 Created user: email=verified@fashionistar.io\n-------------------------------- live log call --------------------------------
[INFO    ] apps.authentication.serializers.auth \u2014 \u2705 LoginSerializer: valid credentials for 'verified@fashionistar.io'\nPASSED                                                                   [ 53%]
apps/authentication/tests/unit/test_serializers.py::TestResendOTPRequestSerializer::test_valid_existing_email_passes 
------------------------------- live log setup --------------------------------
[INFO    ] apps.authentication.models — Saved UnifiedUser 019d20d8-b9a5-7877-839d-1750f3b38b00 [email] member_id=FASTAR000001
[INFO    ] apps.authentication.managers \u2014 \u2705 Created user: email=verified@fashionistar.io\n-------------------------------- live log call --------------------------------
[INFO    ] apps.authentication.serializers.otp — ResendOTP validation successful for verified@fashionistar.io
PASSED                                                                   [ 54%]
apps/authentication/tests/unit/test_serializers.py::TestResendOTPRequestSerializer::test_nonexistent_email_fails 
-------------------------------- live log call --------------------------------
[WARNING ] apps.authentication.serializers.otp — ResendOTP validation failed: no user for 'ghost@nobody.com'
PASSED                                                                   [ 54%]
apps/authentication/tests/unit/test_serializers.py::TestResendOTPRequestSerializer::test_missing_field_fails PASSED [ 55%]
apps/authentication/tests/integration/test_resend_otp_endpoint.py::TestResendOTPCelery::test_email_task_dispatched_after_commit 
------------------------------- live log setup --------------------------------
[INFO    ] apps.authentication.models — Saved UnifiedUser 019d20d8-bd98-76cd-a2a5-7d16d381bb9c [email] member_id=FASTAR000001
[INFO    ] apps.authentication.managers \u2014 \u2705 Created user: email=registered@fashionistar.io\n-------------------------------- live log call --------------------------------
[INFO    ] apps.authentication.serializers.otp — ResendOTP validation successful for registered@fashionistar.io
[...]
________ TestPasswordResetConfirmPhone.test_valid_otp_resets_password _________
apps\authentication\tests\test_password_reset.py:251: in test_valid_otp_resets_password
    assert r.status_code == status.HTTP_200_OK
E   assert 429 == 200
E    +  where 429 = <Response status_code=429, "application/json">.status_code
E    +  and   200 = status.HTTP_200_OK
---------------------------- Captured stdout call -----------------------------
[INFO    ] apps.authentication.models \u2014 Saved UnifiedUser 019d20d9-195d-70f0-a677-ed50663da4d4 [phone] member_id=FASTAR000001\n[DEBUG   ] backend.celery \u2014 [Celery] Task dispatched: update_model_analytics_counter\n[INFO    ] apps.authentication.managers \u2014 \u2705 Created user: email=+2348012345678\n[INFO    ] apps.authentication.models \u2014 Details updated for user: +234 801 234 5678\n[DEBUG   ] backend.celery \u2014 [Celery] Task dispatched: update_model_analytics_counter\n[INFO    ] apps.authentication.models \u2014 Saved UnifiedUser 019d20d9-195d-70f0-a677-ed50663da4d4 [phone] member_id=FASTAR000001\n[INFO    ] security \u2014 SECURITY_AUDIT action=CLIENT_ERROR req=fa2e3f92-e0d5-435b-9e06-a82b5895cb22 device=fp:57efdd91ba75ee0012c0 session=- ip=127.0.0.1 method=POST path=/api/v1/password/reset-phone-confirm/ status=429 duration_ms=5.4 user_id=anonymous role=anonymous ua='-' referrer=-\n[INFO    ] apps.common.middleware \u2014 [POST] /api/v1/password/reset-phone-confirm/ \u2192 429 in 5.9ms [req=fa2e3f92-e0d5-435b-9e06-a82b5895cb22]\n[WARNING ] django.request \u2014 Too Many Requests: /api/v1/password/reset-phone-confirm/
------------------------------ Captured log call ------------------------------
INFO     apps.authentication.models:models.py:582 Saved UnifiedUser 019d20d9-195d-70f0-a677-ed50663da4d4 [phone] member_id=FASTAR000001\nDEBUG    backend.celery:celery.py:252 [Celery] Task dispatched: update_model_analytics_counter\nINFO     apps.authentication.managers:managers.py:146 \u2705 Created user: email=+2348012345678\nINFO     apps.authentication.models:models.py:534 Details updated for user: +234 801 234 5678\nDEBUG    backend.celery:celery.py:252 [Celery] Task dispatched: update_model_analytics_counter\nINFO     apps.authentication.models:models.py:582 Saved UnifiedUser 019d20d9-195d-70f0-a677-ed50663da4d4 [phone] member_id=FASTAR000001\nINFO     apps.common.middleware:middleware.py:147 [POST] /api/v1/password/reset-phone-confirm/ \u2192 429 in 5.9ms [req=fa2e3f92-e0d5-435b-9e06-a82b5895cb22]
-------------------------- Captured stdout teardown ---------------------------
[DEBUG   ] backend.celery — [Celery] Task dispatched: update_model_analytics_counter
[INFO    ] application — EmailBackendConfig instance created via post_migrate signal.
[DEBUG   ] backend.celery — [Celery] Task dispatched: update_model_analytics_counter
[INFO    ] application — Default SMSBackendConfig instance created via post_migrate signal.
---------------------------- Captured log teardown ----------------------------
DEBUG    backend.celery:celery.py:252 [Celery] Task dispatched: update_model_analytics_counter
DEBUG    backend.celery:celery.py:252 [Celery] Task dispatched: update_model_analytics_counter
_________ TestPasswordResetConfirmPhone.test_phone_field_NOT_required _________
apps\authentication\tests\test_password_reset.py:266: in test_phone_field_NOT_required
    assert r.status_code == status.HTTP_400_BAD_REQUEST
E   assert 429 == 400
E    +  where 429 = <Response status_code=429, "application/json">.status_code
E    +  and   400 = status.HTTP_400_BAD_REQUEST
---------------------------- Captured stdout call -----------------------------
[INFO    ] security \u2014 SECURITY_AUDIT action=CLIENT_ERROR req=4c272fd3-46ae-4594-bfbe-a8ed96cb7ef1 device=fp:57efdd91ba75ee0012c0 session=- ip=127.0.0.1 method=POST path=/api/v1/password/reset-phone-confirm/ status=429 duration_ms=4.0 user_id=anonymous role=anonymous ua='-' referrer=-\n[INFO    ] apps.common.middleware \u2014 [POST] /api/v1/password/reset-phone-confirm/ \u2192 429 in 4.5ms [req=4c272fd3-46ae-4594-bfbe-a8ed96cb7ef1]\n[WARNING ] django.request \u2014 Too Many Requests: /api/v1/password/reset-phone-confirm/
------------------------------ Captured log call ------------------------------
INFO     apps.common.middleware:middleware.py:147 [POST] /api/v1/password/reset-phone-confirm/ \u2192 429 in 4.5ms [req=4c272fd3-46ae-4594-bfbe-a8ed96cb7ef1]
-------------------------- Captured stdout teardown ---------------------------
[DEBUG   ] backend.celery — [Celery] Task dispatched: update_model_analytics_counter
[INFO    ] application — EmailBackendConfig instance created via post_migrate signal.
[DEBUG   ] backend.celery — [Celery] Task dispatched: update_model_analytics_counter
[INFO    ] application — Default SMSBackendConfig instance created via post_migrate signal.
---------------------------- Captured log teardown ----------------------------
DEBUG    backend.celery:celery.py:252 [Celery] Task dispatched: update_model_analytics_counter
DEBUG    backend.celery:celery.py:252 [Celery] Task dispatched: update_model_analytics_counter
_ TestPasswordResetConfirmPhone.test_invalid_otp_returns_400_invalid_otp_code _
apps\authentication\tests\test_password_reset.py:282: in test_invalid_otp_returns_400_invalid_otp_code
    assert r.status_code == status.HTTP_400_BAD_REQUEST
E   assert 429 == 400
E    +  where 429 = <Response status_code=429, "application/json">.status_code
E    +  and   400 = status.HTTP_400_BAD_REQUEST
---------------------------- Captured stdout call -----------------------------
[INFO    ] security \u2014 SECURITY_AUDIT action=CLIENT_ERROR req=8f66cd07-5bb5-400c-9db7-233ed76ffcdc device=fp:57efdd91ba75ee0012c0 session=- ip=127.0.0.1 method=POST path=/api/v1/password/reset-phone-confirm/ status=429 duration_ms=5.4 user_id=anonymous role=anonymous ua='-' referrer=-\n[INFO    ] apps.common.middleware \u2014 [POST] /api/v1/password/reset-phone-confirm/ \u2192 429 in 5.9ms [req=8f66cd07-5bb5-400c-9db7-233ed76ffcdc]\n[WARNING ] django.request \u2014 Too Many Requests: /api/v1/password/reset-phone-confirm/
------------------------------ Captured log call ------------------------------
INFO     apps.common.middleware:middleware.py:147 [POST] /api/v1/password/reset-phone-confirm/ \u2192 429 in 5.9ms [req=8f66cd07-5bb5-400c-9db7-233ed76ffcdc]
-------------------------- Captured stdout teardown ---------------------------
[DEBUG   ] backend.celery — [Celery] Task dispatched: update_model_analytics_counter
[INFO    ] application — EmailBackendConfig instance created via post_migrate signal.
[DEBUG   ] backend.celery — [Celery] Task dispatched: update_model_analytics_counter
[INFO    ] application — Default SMSBackendConfig instance created via post_migrate signal.
---------------------------- Captured log teardown ----------------------------
DEBUG    backend.celery:celery.py:252 [Celery] Task dispatched: update_model_analytics_counter
DEBUG    backend.celery:celery.py:252 [Celery] Task dispatched: update_model_analytics_counter
___ TestPasswordResetConfirmPhone.test_non_digit_otp_rejected_by_serializer ___
apps\authentication\tests\test_password_reset.py:289: in test_non_digit_otp_rejected_by_serializer
    assert r.status_code == status.HTTP_400_BAD_REQUEST
E   assert 429 == 400
E    +  where 429 = <Response status_code=429, "application/json">.status_code
E    +  and   400 = status.HTTP_400_BAD_REQUEST
---------------------------- Captured stdout call -----------------------------
[INFO    ] security \u2014 SECURITY_AUDIT action=CLIENT_ERROR req=cd221efe-44f1-40f7-bfbb-f932cf718859 device=fp:57efdd91ba75ee0012c0 session=- ip=127.0.0.1 method=POST path=/api/v1/password/reset-phone-confirm/ status=429 duration_ms=4.3 user_id=anonymous role=anonymous ua='-' referrer=-\n[INFO    ] apps.common.middleware \u2014 [POST] /api/v1/password/reset-phone-confirm/ \u2192 429 in 4.9ms [req=cd221efe-44f1-40f7-bfbb-f932cf718859]\n[WARNING ] django.request \u2014 Too Many Requests: /api/v1/password/reset-phone-confirm/
------------------------------ Captured log call ------------------------------
INFO     apps.common.middleware:middleware.py:147 [POST] /api/v1/password/reset-phone-confirm/ \u2192 429 in 4.9ms [req=cd221efe-44f1-40f7-bfbb-f932cf718859]
-------------------------- Captured stdout teardown ---------------------------
[DEBUG   ] backend.celery — [Celery] Task dispatched: update_model_analytics_counter
[INFO    ] application — EmailBackendConfig instance created via post_migrate signal.
[DEBUG   ] backend.celery — [Celery] Task dispatched: update_model_analytics_counter
[INFO    ] application — Default SMSBackendConfig instance created via post_migrate signal.
---------------------------- Captured log teardown ----------------------------
DEBUG    backend.celery:celery.py:252 [Celery] Task dispatched: update_model_analytics_counter
DEBUG    backend.celery:celery.py:252 [Celery] Task dispatched: update_model_analytics_counter
____________ TestVerifyByOTPSync.test_returns_user_id_on_valid_otp ____________
apps\authentication\tests\unit\test_otp_service.py:192: in test_returns_user_id_on_valid_otp
    assert result is not None
E   assert None is not None
____________ TestVerifyByOTPSync.test_deletes_both_keys_on_success ____________
apps\authentication\tests\unit\test_otp_service.py:217: in test_deletes_both_keys_on_success
    assert pipe.delete.call_count == 2
E   AssertionError: assert 0 == 2
E    +  where 0 = <MagicMock name='get_redis_connection_safe().pipeline().delete' id='2167269282816'>.call_count
E    +    where <MagicMock name='get_redis_connection_safe().pipeline().delete' id='2167269282816'> = <MagicMock name='get_redis_connection_safe().pipeline()' id='2167269291216'>.delete
___________ TestVerifyByOTPSync.test_orphaned_hash_index_cleaned_up ___________
C:\Python314\Lib\unittest\mock.py:954: in assert_called
    raise AssertionError(msg)
E   AssertionError: Expected 'delete' to have been called.

During handling of the above exception, another exception occurred:
apps\authentication\tests\unit\test_otp_service.py:254: in test_orphaned_hash_index_cleaned_up
    redis.delete.assert_called()  # orphan cleaned up
    ^^^^^^^^^^^^^^^^^^^^^^^^^^^^
E   AssertionError: Expected 'delete' to have been called.
_______ TestUserRegistrationSerializer.test_valid_email_payload_passes ________
apps\authentication\tests\unit\test_serializers.py:63: in test_valid_email_payload_passes
    assert s.is_valid(), s.errors
E   AssertionError: {'non_field_errors': [ErrorDetail(string='An error occurred during validation.', code='invalid')]}
E   assert False
E    +  where False = is_valid()
E    +    where is_valid = UserRegistrationSerializer(data={'email': 'valid@fashionistar-test.io', 'password': 'SecurePass123!', 'password2': 'SecurePass123!', 'role': 'client'}):\n    email = EmailField(allow_blank=True, help_text="User's email address", required=False)\n    phone = PhoneNumberField(allow_blank=True, help_text="User's phone number", required=False)\n    role = ChoiceField(choices=[('vendor', 'Vendor'), ('client', 'Client')], help_text="User's role: 'vendor' or 'client'")\n    password = CharField(help_text="User's password", required=True, style={'input_type': 'password'}, validators=[<function validate_password>], write_only=True)\n    password2 = CharField(help_text="Confirm user's password", required=True, style={'input_type': 'password'}, write_only=True).is_valid
---------------------------- Captured stdout call -----------------------------
[ERROR   ] apps.authentication.serializers.auth — Unexpected error in registration validation: Database access not allowed, use the "django_db" mark, or the "db" or "transactional_db" fixtures to enable it.
------------------------------ Captured log call ------------------------------
ERROR    apps.authentication.serializers.auth:auth.py:311 Unexpected error in registration validation: Database access not allowed, use the "django_db" mark, or the "db" or "transactional_db" fixtures to enable it.
__________ TestUserRegistrationSerializer.test_vendor_role_accepted ___________
apps\authentication\tests\unit\test_serializers.py:130: in test_vendor_role_accepted
    assert s.is_valid(), s.errors
E   AssertionError: {'non_field_errors': [ErrorDetail(string='An error occurred during validation.', code='invalid')]}
E   assert False
E    +  where False = is_valid()
E    +    where is_valid = UserRegistrationSerializer(data={'email': 'vendor@test.io', 'password': 'SecurePass123!', 'password2': 'SecurePass123!', 'role': 'vendor'}):\n    email = EmailField(allow_blank=True, help_text="User's email address", required=False)\n    phone = PhoneNumberField(allow_blank=True, help_text="User's phone number", required=False)\n    role = ChoiceField(choices=[('vendor', 'Vendor'), ('client', 'Client')], help_text="User's role: 'vendor' or 'client'")\n    password = CharField(help_text="User's password", required=True, style={'input_type': 'password'}, validators=[<function validate_password>], write_only=True)\n    password2 = CharField(help_text="Confirm user's password", required=True, style={'input_type': 'password'}, write_only=True).is_valid
---------------------------- Captured stdout call -----------------------------
[ERROR   ] apps.authentication.serializers.auth — Unexpected error in registration validation: Database access not allowed, use the "django_db" mark, or the "db" or "transactional_db" fixtures to enable it.
------------------------------ Captured log call ------------------------------
ERROR    apps.authentication.serializers.auth:auth.py:311 Unexpected error in registration validation: Database access not allowed, use the "django_db" mark, or the "db" or "transactional_db" fixtures to enable it.
_ TestUserRegistrationSerializer.test_duplicate_email_returns_email_field_error _
apps\authentication\tests\unit\test_serializers.py:145: in test_duplicate_email_returns_email_field_error
    assert 'email' in s.errors
E   assert 'email' in {'non_field_errors': [ErrorDetail(string='An error occurred during validation.', code='invalid')]}
E    +  where {'non_field_errors': [ErrorDetail(string='An error occurred during validation.', code='invalid')]} = UserRegistrationSerializer(data={'email': 'dup@test.io', 'password': 'SecurePass123!', 'password2': 'SecurePass123!', 'role': 'client'}):\n    email = EmailField(allow_blank=True, help_text="User's email address", required=False)\n    phone = PhoneNumberField(allow_blank=True, help_text="User's phone number", required=False)\n    role = ChoiceField(choices=[('vendor', 'Vendor'), ('client', 'Client')], help_text="User's role: 'vendor' or 'client'")\n    password = CharField(help_text="User's password", required=True, style={'input_type': 'password'}, validators=[<function validate_password>], write_only=True)\n    password2 = CharField(help_text="Confirm user's password", required=True, style={'input_type': 'password'}, write_only=True).errors
---------------------------- Captured stdout call -----------------------------
[ERROR   ] apps.authentication.serializers.auth — Unexpected error in registration validation: Database access not allowed, use the "django_db" mark, or the "db" or "transactional_db" fixtures to enable it.
------------------------------ Captured log call ------------------------------
ERROR    apps.authentication.serializers.auth:auth.py:311 Unexpected error in registration validation: Database access not allowed, use the "django_db" mark, or the "db" or "transactional_db" fixtures to enable it.
_ TestUserRegistrationSerializer.test_email_normalized_before_uniqueness_check _
apps\authentication\tests\unit\test_serializers.py:164: in test_email_normalized_before_uniqueness_check
    assert 'email' in s.errors
E   assert 'email' in {'non_field_errors': [ErrorDetail(string='An error occurred during validation.', code='invalid')]}
E    +  where {'non_field_errors': [ErrorDetail(string='An error occurred during validation.', code='invalid')]} = UserRegistrationSerializer(data={'email': 'user@EXAMPLE.COM', 'password': 'SecurePass123!', 'password2': 'SecurePass123!', 'role': 'client'}):\n    email = EmailField(allow_blank=True, help_text="User's email address", required=False)\n    phone = PhoneNumberField(allow_blank=True, help_text="User's phone number", required=False)\n    role = ChoiceField(choices=[('vendor', 'Vendor'), ('client', 'Client')], help_text="User's role: 'vendor' or 'client'")\n    password = CharField(help_text="User's password", required=True, style={'input_type': 'password'}, validators=[<function validate_password>], write_only=True)\n    password2 = CharField(help_text="Confirm user's password", required=True, style={'input_type': 'password'}, write_only=True).errors
---------------------------- Captured stdout call -----------------------------
[ERROR   ] apps.authentication.serializers.auth — Unexpected error in registration validation: Database access not allowed, use the "django_db" mark, or the "db" or "transactional_db" fixtures to enable it.
------------------------------ Captured log call ------------------------------
ERROR    apps.authentication.serializers.auth:auth.py:311 Unexpected error in registration validation: Database access not allowed, use the "django_db" mark, or the "db" or "transactional_db" fixtures to enable it.
=========================== short test summary info ===========================
FAILED apps/authentication/tests/integration/test_login_endpoint.py::TestLoginFailures::test_wrong_password_returns_400
FAILED apps/authentication/tests/integration/test_login_endpoint.py::TestLoginFailures::test_nonexistent_user_returns_400
FAILED apps/authentication/tests/unit/test_serializers.py::TestLoginSerializer::test_wrong_password_fails
FAILED apps/authentication/tests/unit/test_serializers.py::TestLoginSerializer::test_non_existent_user_fails
FAILED apps/authentication/tests/unit/test_serializers.py::TestLoginSerializer::test_inactive_user_cannot_login
FAILED apps/authentication/tests/test_password_reset.py::TestPasswordResetConfirmEmail::test_bad_token_returns_400_with_code
FAILED apps/authentication/tests/test_password_reset.py::TestPasswordResetConfirmEmail::test_mismatched_passwords_returns_400
FAILED apps/authentication/tests/test_password_reset.py::TestPasswordResetConfirmEmail::test_idempotency_same_token_twice
FAILED apps/authentication/tests/test_password_reset.py::TestPasswordResetConfirmEmail::test_race_condition_same_token_two_threads
FAILED apps/authentication/tests/test_password_reset.py::TestPasswordResetConfirmPhone::test_valid_otp_resets_password
FAILED apps/authentication/tests/test_password_reset.py::TestPasswordResetConfirmPhone::test_phone_field_NOT_required
FAILED apps/authentication/tests/test_password_reset.py::TestPasswordResetConfirmPhone::test_invalid_otp_returns_400_invalid_otp_code
FAILED apps/authentication/tests/test_password_reset.py::TestPasswordResetConfirmPhone::test_non_digit_otp_rejected_by_serializer
FAILED apps/authentication/tests/unit/test_otp_service.py::TestVerifyByOTPSync::test_returns_user_id_on_valid_otp
FAILED apps/authentication/tests/unit/test_otp_service.py::TestVerifyByOTPSync::test_deletes_both_keys_on_success
FAILED apps/authentication/tests/unit/test_otp_service.py::TestVerifyByOTPSync::test_orphaned_hash_index_cleaned_up
FAILED apps/authentication/tests/unit/test_serializers.py::TestUserRegistrationSerializer::test_valid_email_payload_passes
FAILED apps/authentication/tests/unit/test_serializers.py::TestUserRegistrationSerializer::test_vendor_role_accepted
FAILED apps/authentication/tests/unit/test_serializers.py::TestUserRegistrationSerializer::test_duplicate_email_returns_email_field_error
FAILED apps/authentication/tests/unit/test_serializers.py::TestUserRegistrationSerializer::test_email_normalized_before_uniqueness_check
================= 20 failed, 135 passed in 197.35s (0:03:17) ==================
